[ 2016-05-01T12:10:02+08:00 ] ::1 /xiangmu/TaoCiWang/index.php/Admin/AddType/AddType/insert
INFO: [ app_begin ] --START--
INFO: Run Behavior\ReadHtmlCacheBehavior [ RunTime:0.000863s ]
INFO: [ app_begin ] --END-- [ RunTime:0.001462s ]
ERR: 非法操作:AddType

[ 2016-05-01T12:10:02+08:00 ] ::1 /xiangmu/TaoCiWang/index.php/Admin/AddType/AddType/insert
INFO: [ app_begin ] --START--
INFO: Run Behavior\ReadHtmlCacheBehavior [ RunTime:0.000786s ]
INFO: [ app_begin ] --END-- [ RunTime:0.001307s ]
ERR: 非法操作:AddType

[ 2016-05-01T12:10:02+08:00 ] ::1 /xiangmu/TaoCiWang/index.php/Admin/AddType/AddType/insert
INFO: [ app_begin ] --START--
INFO: Run Behavior\ReadHtmlCacheBehavior [ RunTime:0.001004s ]
INFO: [ app_begin ] --END-- [ RunTime:0.001895s ]
ERR: 非法操作:AddType

[ 2016-05-01T12:10:04+08:00 ] ::1 /xiangmu/TaoCiWang/index.php/Admin/AddType/AddType/insert
INFO: [ app_begin ] --START--
INFO: Run Behavior\ReadHtmlCacheBehavior [ RunTime:0.000738s ]
INFO: [ app_begin ] --END-- [ RunTime:0.001292s ]
ERR: 非法操作:AddType

[ 2016-05-01T12:10:09+08:00 ] ::1 /xiangmu/TaoCiWang/index.php/Admin/AddType/AddType/insert
INFO: [ app_begin ] --START--
INFO: Run Behavior\ReadHtmlCacheBehavior [ RunTime:0.000749s ]
INFO: [ app_begin ] --END-- [ RunTime:0.001336s ]
ERR: 非法操作:AddType

[ 2016-05-01T12:10:11+08:00 ] ::1 /xiangmu/TaoCiWang/index.php/Admin/AddType/AddType/insert
INFO: [ app_begin ] --START--
INFO: Run Behavior\ReadHtmlCacheBehavior [ RunTime:0.001109s ]
INFO: [ app_begin ] --END-- [ RunTime:0.001885s ]
ERR: 非法操作:AddType

[ 2016-05-01T12:10:11+08:00 ] ::1 /xiangmu/TaoCiWang/index.php/Admin/AddType/AddType/insert
INFO: [ app_begin ] --START--
INFO: Run Behavior\ReadHtmlCacheBehavior [ RunTime:0.001220s ]
INFO: [ app_begin ] --END-- [ RunTime:0.002097s ]
ERR: 非法操作:AddType

[ 2016-05-01T12:10:12+08:00 ] ::1 /xiangmu/TaoCiWang/index.php/Admin/AddType/AddType/insert
INFO: [ app_begin ] --START--
INFO: Run Behavior\ReadHtmlCacheBehavior [ RunTime:0.001254s ]
INFO: [ app_begin ] --END-- [ RunTime:0.002177s ]
ERR: 非法操作:AddType

[ 2016-05-01T12:10:12+08:00 ] ::1 /xiangmu/TaoCiWang/index.php/Admin/AddType/AddType/insert
INFO: [ app_begin ] --START--
INFO: Run Behavior\ReadHtmlCacheBehavior [ RunTime:0.000990s ]
INFO: [ app_begin ] --END-- [ RunTime:0.001693s ]
ERR: 非法操作:AddType

[ 2016-05-01T12:10:12+08:00 ] ::1 /xiangmu/TaoCiWang/index.php/Admin/AddType/AddType/insert
INFO: [ app_begin ] --START--
INFO: Run Behavior\ReadHtmlCacheBehavior [ RunTime:0.000696s ]
INFO: [ app_begin ] --END-- [ RunTime:0.001228s ]
ERR: 非法操作:AddType

[ 2016-05-01T12:10:33+08:00 ] ::1 /xiangmu/TaoCiWang/index.php/Admin/AddType/AddType/insert
INFO: [ app_begin ] --START--
INFO: Run Behavior\ReadHtmlCacheBehavior [ RunTime:0.000967s ]
INFO: [ app_begin ] --END-- [ RunTime:0.001522s ]
ERR: 非法操作:AddType

[ 2016-05-01T12:12:18+08:00 ] ::1 /xiangmu/TaoCiWang/index.php/Admin/AddType/add.html
INFO: [ app_begin ] --START--
INFO: Run Behavior\ReadHtmlCacheBehavior [ RunTime:0.000818s ]
INFO: [ app_begin ] --END-- [ RunTime:0.001361s ]
SQL: DESCRIBE taoci_type [ RunTime:0.003224s ]
SQL: SELECT * FROM `taoci_type` WHERE ( pid=0 )  [ RunTime:0.000361s ]
INFO: [ view_parse ] --START--
INFO: [ template_filter ] --START--
INFO: Run Behavior\ContentReplaceBehavior [ RunTime:0.000074s ]
INFO: [ template_filter ] --END-- [ RunTime:0.000163s ]
NOTIC: [8] Use of undefined constant AddType - assumed 'AddType' C:\xampp\htdocs\xiangmu\TaoCiWang\TaoCiWang\Runtime\Cache\Admin\f623bfa3e68ca3620701bb3d116357fc.php 第 237 行.
NOTIC: [8] Use of undefined constant insert - assumed 'insert' C:\xampp\htdocs\xiangmu\TaoCiWang\TaoCiWang\Runtime\Cache\Admin\f623bfa3e68ca3620701bb3d116357fc.php 第 237 行.
NOTIC: [2] Division by zero C:\xampp\htdocs\xiangmu\TaoCiWang\TaoCiWang\Runtime\Cache\Admin\f623bfa3e68ca3620701bb3d116357fc.php 第 237 行.
INFO: Run Behavior\ParseTemplateBehavior [ RunTime:0.012254s ]
INFO: [ view_parse ] --END-- [ RunTime:0.012297s ]
INFO: [ view_filter ] --START--
INFO: Run Behavior\WriteHtmlCacheBehavior [ RunTime:0.000448s ]
INFO: [ view_filter ] --END-- [ RunTime:0.000480s ]
INFO: [ app_end ] --START--
INFO: Run Behavior\ShowPageTraceBehavior [ RunTime:0.000874s ]
INFO: [ app_end ] --END-- [ RunTime:0.000923s ]

[ 2016-05-01T12:12:34+08:00 ] ::1 /xiangmu/TaoCiWang/index.php/Admin/AddType/add.html
INFO: [ app_begin ] --START--
INFO: Run Behavior\ReadHtmlCacheBehavior [ RunTime:0.000802s ]
INFO: [ app_begin ] --END-- [ RunTime:0.001346s ]
SQL: DESCRIBE taoci_type [ RunTime:0.003924s ]
SQL: SELECT * FROM `taoci_type` WHERE ( pid=0 )  [ RunTime:0.000368s ]
INFO: [ view_parse ] --START--
INFO: [ template_filter ] --START--
INFO: Run Behavior\ContentReplaceBehavior [ RunTime:0.000075s ]
INFO: [ template_filter ] --END-- [ RunTime:0.000120s ]
NOTIC: [8] Use of undefined constant AddType - assumed 'AddType' C:\xampp\htdocs\xiangmu\TaoCiWang\TaoCiWang\Runtime\Cache\Admin\f623bfa3e68ca3620701bb3d116357fc.php 第 237 行.
NOTIC: [8] Use of undefined constant insert - assumed 'insert' C:\xampp\htdocs\xiangmu\TaoCiWang\TaoCiWang\Runtime\Cache\Admin\f623bfa3e68ca3620701bb3d116357fc.php 第 237 行.
NOTIC: [2] Division by zero C:\xampp\htdocs\xiangmu\TaoCiWang\TaoCiWang\Runtime\Cache\Admin\f623bfa3e68ca3620701bb3d116357fc.php 第 237 行.
INFO: Run Behavior\ParseTemplateBehavior [ RunTime:0.012235s ]
INFO: [ view_parse ] --END-- [ RunTime:0.012280s ]
INFO: [ view_filter ] --START--
INFO: Run Behavior\WriteHtmlCacheBehavior [ RunTime:0.000407s ]
INFO: [ view_filter ] --END-- [ RunTime:0.000443s ]
INFO: [ app_end ] --START--
INFO: Run Behavior\ShowPageTraceBehavior [ RunTime:0.001136s ]
INFO: [ app_end ] --END-- [ RunTime:0.001201s ]

[ 2016-05-01T12:13:16+08:00 ] ::1 /xiangmu/TaoCiWang/index.php/Admin/AddType/insert.html
INFO: [ app_begin ] --START--
INFO: Run Behavior\ReadHtmlCacheBehavior [ RunTime:0.000896s ]
INFO: [ app_begin ] --END-- [ RunTime:0.001415s ]
SQL: DESCRIBE taoci_type [ RunTime:0.003337s ]
SQL: INSERT INTO `taoci_type` (`name`) VALUES ('') [ RunTime:0.074498s ]
INFO: [ app_end ] --START--
INFO: Run Behavior\ShowPageTraceBehavior [ RunTime:0.002823s ]
INFO: [ app_end ] --END-- [ RunTime:0.002960s ]

[ 2016-05-01T12:13:24+08:00 ] ::1 /xiangmu/TaoCiWang/index.php/Admin/AddType/insert.html
INFO: [ app_begin ] --START--
INFO: Run Behavior\ReadHtmlCacheBehavior [ RunTime:0.000781s ]
INFO: [ app_begin ] --END-- [ RunTime:0.001296s ]
SQL: DESCRIBE taoci_type [ RunTime:0.003274s ]
SQL: INSERT INTO `taoci_type` (`name`) VALUES ('sss') [ RunTime:0.099739s ]
INFO: [ app_end ] --START--
INFO: Run Behavior\ShowPageTraceBehavior [ RunTime:0.002934s ]
INFO: [ app_end ] --END-- [ RunTime:0.003095s ]

[ 2016-05-01T12:14:07+08:00 ] ::1 /xiangmu/TaoCiWang/index.php/Admin/AddType/insert.html
INFO: [ app_begin ] --START--
INFO: Run Behavior\ReadHtmlCacheBehavior [ RunTime:0.001313s ]
INFO: [ app_begin ] --END-- [ RunTime:0.002086s ]
SQL: DESCRIBE taoci_type [ RunTime:0.003250s ]
SQL: INSERT INTO `taoci_type` (`name`) VALUES ('dddd') [ RunTime:0.095499s ]

[ 2016-05-01T12:14:10+08:00 ] ::1 /xiangmu/TaoCiWang/index.php/Admin/AddType/insert.html
INFO: [ app_begin ] --START--
INFO: Run Behavior\ReadHtmlCacheBehavior [ RunTime:0.000735s ]
INFO: [ app_begin ] --END-- [ RunTime:0.001223s ]
SQL: DESCRIBE taoci_type [ RunTime:0.003221s ]
SQL: INSERT INTO `taoci_type` (`name`) VALUES ('dddd') [ RunTime:0.070585s ]

[ 2016-05-01T14:07:33+08:00 ] ::1 /xiangmu/TaoCiWang/index.php/Admin/AddType/insert.html
INFO: [ app_begin ] --START--
INFO: Run Behavior\ReadHtmlCacheBehavior [ RunTime:0.000899s ]
INFO: [ app_begin ] --END-- [ RunTime:0.001507s ]
SQL: DESCRIBE taoci_type [ RunTime:0.002803s ]
SQL: INSERT INTO `taoci_type` (`name`) VALUES ('fvvggg') [ RunTime:0.049594s ]
INFO: [ app_end ] --START--
INFO: Run Behavior\ShowPageTraceBehavior [ RunTime:0.003744s ]
INFO: [ app_end ] --END-- [ RunTime:0.003908s ]

[ 2016-05-01T14:07:35+08:00 ] ::1 /xiangmu/TaoCiWang/index.php/Admin/AddType/insert.html
INFO: [ app_begin ] --START--
INFO: Run Behavior\ReadHtmlCacheBehavior [ RunTime:0.000912s ]
INFO: [ app_begin ] --END-- [ RunTime:0.001491s ]
SQL: DESCRIBE taoci_type [ RunTime:0.002916s ]
SQL: INSERT INTO `taoci_type` (`name`) VALUES ('fvvggg') [ RunTime:0.078043s ]
INFO: [ app_end ] --START--
INFO: Run Behavior\ShowPageTraceBehavior [ RunTime:0.002817s ]
INFO: [ app_end ] --END-- [ RunTime:0.002957s ]

[ 2016-05-01T14:07:36+08:00 ] ::1 /xiangmu/TaoCiWang/index.php/Admin/AddType/insert.html
INFO: [ app_begin ] --START--
INFO: Run Behavior\ReadHtmlCacheBehavior [ RunTime:0.000763s ]
INFO: [ app_begin ] --END-- [ RunTime:0.001303s ]
SQL: DESCRIBE taoci_type [ RunTime:0.002729s ]
SQL: INSERT INTO `taoci_type` (`name`) VALUES ('fvvggg') [ RunTime:0.045712s ]
INFO: [ app_end ] --START--
INFO: Run Behavior\ShowPageTraceBehavior [ RunTime:0.002815s ]
INFO: [ app_end ] --END-- [ RunTime:0.002951s ]

[ 2016-05-01T14:07:36+08:00 ] ::1 /xiangmu/TaoCiWang/index.php/Admin/AddType/insert.html
INFO: [ app_begin ] --START--
INFO: Run Behavior\ReadHtmlCacheBehavior [ RunTime:0.001335s ]
INFO: [ app_begin ] --END-- [ RunTime:0.002015s ]
SQL: DESCRIBE taoci_type [ RunTime:0.003515s ]
SQL: INSERT INTO `taoci_type` (`name`) VALUES ('fvvggg') [ RunTime:0.042465s ]
INFO: [ app_end ] --START--
INFO: Run Behavior\ShowPageTraceBehavior [ RunTime:0.002786s ]
INFO: [ app_end ] --END-- [ RunTime:0.002926s ]

[ 2016-05-01T14:07:36+08:00 ] ::1 /xiangmu/TaoCiWang/index.php/Admin/AddType/insert.html
INFO: [ app_begin ] --START--
INFO: Run Behavior\ReadHtmlCacheBehavior [ RunTime:0.000789s ]
INFO: [ app_begin ] --END-- [ RunTime:0.001315s ]
SQL: DESCRIBE taoci_type [ RunTime:0.003130s ]
SQL: INSERT INTO `taoci_type` (`name`) VALUES ('fvvggg') [ RunTime:0.059096s ]
INFO: [ app_end ] --START--
INFO: Run Behavior\ShowPageTraceBehavior [ RunTime:0.002702s ]
INFO: [ app_end ] --END-- [ RunTime:0.002828s ]

[ 2016-05-01T14:07:36+08:00 ] ::1 /xiangmu/TaoCiWang/index.php/Admin/AddType/insert.html
INFO: [ app_begin ] --START--
INFO: Run Behavior\ReadHtmlCacheBehavior [ RunTime:0.000984s ]
INFO: [ app_begin ] --END-- [ RunTime:0.001609s ]
SQL: DESCRIBE taoci_type [ RunTime:0.003610s ]
SQL: INSERT INTO `taoci_type` (`name`) VALUES ('fvvggg') [ RunTime:0.044536s ]
INFO: [ app_end ] --START--
INFO: Run Behavior\ShowPageTraceBehavior [ RunTime:0.002782s ]
INFO: [ app_end ] --END-- [ RunTime:0.002917s ]

[ 2016-05-01T14:07:38+08:00 ] ::1 /xiangmu/TaoCiWang/index.php/Admin/AddType/insert.html
INFO: [ app_begin ] --START--
INFO: Run Behavior\ReadHtmlCacheBehavior [ RunTime:0.000720s ]
INFO: [ app_begin ] --END-- [ RunTime:0.001171s ]
SQL: DESCRIBE taoci_type [ RunTime:0.002898s ]
SQL: INSERT INTO `taoci_type` (`name`) VALUES ('fvvggg') [ RunTime:0.079825s ]
INFO: [ app_end ] --START--
INFO: Run Behavior\ShowPageTraceBehavior [ RunTime:0.002580s ]
INFO: [ app_end ] --END-- [ RunTime:0.002705s ]

[ 2016-05-01T14:07:38+08:00 ] ::1 /xiangmu/TaoCiWang/index.php/Admin/AddType/insert.html
INFO: [ app_begin ] --START--
INFO: Run Behavior\ReadHtmlCacheBehavior [ RunTime:0.000772s ]
INFO: [ app_begin ] --END-- [ RunTime:0.001293s ]
SQL: DESCRIBE taoci_type [ RunTime:0.002917s ]
SQL: INSERT INTO `taoci_type` (`name`) VALUES ('fvvggg') [ RunTime:0.042368s ]
INFO: [ app_end ] --START--
INFO: Run Behavior\ShowPageTraceBehavior [ RunTime:0.003094s ]
INFO: [ app_end ] --END-- [ RunTime:0.003232s ]

[ 2016-05-01T14:07:38+08:00 ] ::1 /xiangmu/TaoCiWang/index.php/Admin/AddType/insert.html
INFO: [ app_begin ] --START--
INFO: Run Behavior\ReadHtmlCacheBehavior [ RunTime:0.001159s ]
INFO: [ app_begin ] --END-- [ RunTime:0.001905s ]
SQL: DESCRIBE taoci_type [ RunTime:0.002864s ]
SQL: INSERT INTO `taoci_type` (`name`) VALUES ('fvvggg') [ RunTime:0.037590s ]
INFO: [ app_end ] --START--
INFO: Run Behavior\ShowPageTraceBehavior [ RunTime:0.001039s ]
INFO: [ app_end ] --END-- [ RunTime:0.001086s ]

[ 2016-05-01T14:09:07+08:00 ] ::1 /xiangmu/TaoCiWang/index.php/Admin/AddType/insert.html
INFO: [ app_begin ] --START--
INFO: Run Behavior\ReadHtmlCacheBehavior [ RunTime:0.000757s ]
INFO: [ app_begin ] --END-- [ RunTime:0.001309s ]
SQL: DESCRIBE taoci_type [ RunTime:0.002991s ]
SQL: INSERT INTO `taoci_type` (`name`) VALUES ('fff') [ RunTime:0.091204s ]
INFO: [ app_end ] --START--
INFO: Run Behavior\ShowPageTraceBehavior [ RunTime:0.003039s ]
INFO: [ app_end ] --END-- [ RunTime:0.003197s ]

[ 2016-05-01T14:09:09+08:00 ] ::1 /xiangmu/TaoCiWang/index.php/Admin/AddType/insert.html
INFO: [ app_begin ] --START--
INFO: Run Behavior\ReadHtmlCacheBehavior [ RunTime:0.000854s ]
INFO: [ app_begin ] --END-- [ RunTime:0.001620s ]
SQL: DESCRIBE taoci_type [ RunTime:0.003010s ]
SQL: INSERT INTO `taoci_type` (`name`) VALUES ('fff') [ RunTime:0.047507s ]
INFO: [ app_end ] --START--
INFO: Run Behavior\ShowPageTraceBehavior [ RunTime:0.000889s ]
INFO: [ app_end ] --END-- [ RunTime:0.000926s ]

[ 2016-05-01T14:09:09+08:00 ] ::1 /xiangmu/TaoCiWang/index.php/Admin/AddType/insert.html
INFO: [ app_begin ] --START--
INFO: Run Behavior\ReadHtmlCacheBehavior [ RunTime:0.000828s ]
INFO: [ app_begin ] --END-- [ RunTime:0.001333s ]
SQL: DESCRIBE taoci_type [ RunTime:0.002741s ]
SQL: INSERT INTO `taoci_type` (`name`) VALUES ('fff') [ RunTime:0.039766s ]
INFO: [ app_end ] --START--
INFO: Run Behavior\ShowPageTraceBehavior [ RunTime:0.002741s ]
INFO: [ app_end ] --END-- [ RunTime:0.002868s ]

[ 2016-05-01T14:09:09+08:00 ] ::1 /xiangmu/TaoCiWang/index.php/Admin/AddType/insert.html
INFO: [ app_begin ] --START--
INFO: Run Behavior\ReadHtmlCacheBehavior [ RunTime:0.001151s ]
INFO: [ app_begin ] --END-- [ RunTime:0.001910s ]
SQL: DESCRIBE taoci_type [ RunTime:0.002846s ]
SQL: INSERT INTO `taoci_type` (`name`) VALUES ('fff') [ RunTime:0.048712s ]
INFO: [ app_end ] --START--
INFO: Run Behavior\ShowPageTraceBehavior [ RunTime:0.001081s ]
INFO: [ app_end ] --END-- [ RunTime:0.001137s ]

[ 2016-05-01T14:09:09+08:00 ] ::1 /xiangmu/TaoCiWang/index.php/Admin/AddType/insert.html
INFO: [ app_begin ] --START--
INFO: Run Behavior\ReadHtmlCacheBehavior [ RunTime:0.000787s ]
INFO: [ app_begin ] --END-- [ RunTime:0.001470s ]
SQL: DESCRIBE taoci_type [ RunTime:0.003209s ]
SQL: INSERT INTO `taoci_type` (`name`) VALUES ('fff') [ RunTime:0.041096s ]
INFO: [ app_end ] --START--
INFO: Run Behavior\ShowPageTraceBehavior [ RunTime:0.003180s ]
INFO: [ app_end ] --END-- [ RunTime:0.003355s ]

[ 2016-05-01T14:09:10+08:00 ] ::1 /xiangmu/TaoCiWang/index.php/Admin/AddType/insert.html
INFO: [ app_begin ] --START--
INFO: Run Behavior\ReadHtmlCacheBehavior [ RunTime:0.001413s ]
INFO: [ app_begin ] --END-- [ RunTime:0.002348s ]
SQL: DESCRIBE taoci_type [ RunTime:0.002804s ]
SQL: INSERT INTO `taoci_type` (`name`) VALUES ('fff') [ RunTime:0.038917s ]
INFO: [ app_end ] --START--
INFO: Run Behavior\ShowPageTraceBehavior [ RunTime:0.001091s ]
INFO: [ app_end ] --END-- [ RunTime:0.001137s ]

[ 2016-05-01T14:09:10+08:00 ] ::1 /xiangmu/TaoCiWang/index.php/Admin/AddType/insert.html
INFO: [ app_begin ] --START--
INFO: Run Behavior\ReadHtmlCacheBehavior [ RunTime:0.000724s ]
INFO: [ app_begin ] --END-- [ RunTime:0.001225s ]
SQL: DESCRIBE taoci_type [ RunTime:0.002755s ]
SQL: INSERT INTO `taoci_type` (`name`) VALUES ('fff') [ RunTime:0.087063s ]
INFO: [ app_end ] --START--
INFO: Run Behavior\ShowPageTraceBehavior [ RunTime:0.003359s ]
INFO: [ app_end ] --END-- [ RunTime:0.003674s ]

[ 2016-05-01T14:09:10+08:00 ] ::1 /xiangmu/TaoCiWang/index.php/Admin/AddType/insert.html
INFO: [ app_begin ] --START--
INFO: Run Behavior\ReadHtmlCacheBehavior [ RunTime:0.000736s ]
INFO: [ app_begin ] --END-- [ RunTime:0.001244s ]
SQL: DESCRIBE taoci_type [ RunTime:0.002799s ]
SQL: INSERT INTO `taoci_type` (`name`) VALUES ('fff') [ RunTime:0.070726s ]
INFO: [ app_end ] --START--
INFO: Run Behavior\ShowPageTraceBehavior [ RunTime:0.003018s ]
INFO: [ app_end ] --END-- [ RunTime:0.003185s ]

[ 2016-05-01T14:09:11+08:00 ] ::1 /xiangmu/TaoCiWang/index.php/Admin/AddType/insert.html
INFO: [ app_begin ] --START--
INFO: Run Behavior\ReadHtmlCacheBehavior [ RunTime:0.000719s ]
INFO: [ app_begin ] --END-- [ RunTime:0.001194s ]
SQL: DESCRIBE taoci_type [ RunTime:0.002885s ]
SQL: INSERT INTO `taoci_type` (`name`) VALUES ('fff') [ RunTime:0.042263s ]
INFO: [ app_end ] --START--
INFO: Run Behavior\ShowPageTraceBehavior [ RunTime:0.002664s ]
INFO: [ app_end ] --END-- [ RunTime:0.002788s ]

[ 2016-05-01T14:09:44+08:00 ] ::1 /xiangmu/TaoCiWang/index.php/Admin/AddType/insert.html
INFO: [ app_begin ] --START--
INFO: Run Behavior\ReadHtmlCacheBehavior [ RunTime:0.001336s ]
INFO: [ app_begin ] --END-- [ RunTime:0.002189s ]
SQL: DESCRIBE taoci_type [ RunTime:0.003020s ]
SQL: INSERT INTO `taoci_type` (`name`) VALUES ('ggg') [ RunTime:0.084870s ]
INFO: [ app_end ] --START--
INFO: Run Behavior\ShowPageTraceBehavior [ RunTime:0.002898s ]
INFO: [ app_end ] --END-- [ RunTime:0.003045s ]

[ 2016-05-01T14:09:44+08:00 ] ::1 /xiangmu/TaoCiWang/index.php/Admin/AddType/www,baidu.com
ERR: 非法操作:www,baidu.com

[ 2016-05-01T14:09:57+08:00 ] ::1 /xiangmu/TaoCiWang/index.php/Admin/AddType/insert.html
INFO: [ app_begin ] --START--
INFO: Run Behavior\ReadHtmlCacheBehavior [ RunTime:0.000839s ]
INFO: [ app_begin ] --END-- [ RunTime:0.001403s ]
SQL: DESCRIBE taoci_type [ RunTime:0.002779s ]
SQL: INSERT INTO `taoci_type` (`name`) VALUES ('rrgggg') [ RunTime:0.102692s ]
INFO: [ app_end ] --START--
INFO: Run Behavior\ShowPageTraceBehavior [ RunTime:0.002838s ]
INFO: [ app_end ] --END-- [ RunTime:0.002961s ]

[ 2016-05-01T14:09:57+08:00 ] ::1 /xiangmu/TaoCiWang/index.php/Admin/AddType/www,baidu.com
ERR: 非法操作:www,baidu.com

[ 2016-05-01T14:10:45+08:00 ] ::1 /xiangmu/TaoCiWang/index.php/Admin/AddType/www,baidu.com
ERR: 非法操作:www,baidu.com

[ 2016-05-01T14:10:52+08:00 ] ::1 /xiangmu/TaoCiWang/index.php/Admin/AddType/insert.html
INFO: [ app_begin ] --START--
INFO: Run Behavior\ReadHtmlCacheBehavior [ RunTime:0.000892s ]
INFO: [ app_begin ] --END-- [ RunTime:0.001740s ]
SQL: DESCRIBE taoci_type [ RunTime:0.002766s ]
SQL: INSERT INTO `taoci_type` (`name`) VALUES ('sssswwwdddssssssssssssssssssss') [ RunTime:0.148082s ]
INFO: [ app_end ] --START--
INFO: Run Behavior\ShowPageTraceBehavior [ RunTime:0.002837s ]
INFO: [ app_end ] --END-- [ RunTime:0.002986s ]

[ 2016-05-01T15:27:36+08:00 ] ::1 /xiangmu/TaoCiWang/index.php/Admin/AddType/insert.html
INFO: [ app_begin ] --START--
INFO: Run Behavior\ReadHtmlCacheBehavior [ RunTime:0.001117s ]
INFO: [ app_begin ] --END-- [ RunTime:0.022196s ]
SQL: DESCRIBE taoci_type [ RunTime:0.003943s ]
SQL: INSERT INTO `taoci_type` (`name`) VALUES ('sssswwwdddssssssssssssssssssss') [ RunTime:0.836302s ]
INFO: [ app_end ] --START--
INFO: Run Behavior\ShowPageTraceBehavior [ RunTime:0.001091s ]
INFO: [ app_end ] --END-- [ RunTime:0.001139s ]

[ 2016-05-01T15:28:57+08:00 ] ::1 /xiangmu/TaoCiWang/index.php/Admin/AddType/insert.html
INFO: [ app_begin ] --START--
INFO: Run Behavior\ReadHtmlCacheBehavior [ RunTime:0.001184s ]
INFO: [ app_begin ] --END-- [ RunTime:0.001917s ]
SQL: DESCRIBE taoci_type [ RunTime:0.004504s ]
SQL: INSERT INTO `taoci_type` (`name`) VALUES ('kkkk') [ RunTime:0.066807s ]
INFO: [ app_end ] --START--
INFO: Run Behavior\ShowPageTraceBehavior [ RunTime:0.002899s ]
INFO: [ app_end ] --END-- [ RunTime:0.003037s ]

[ 2016-05-01T15:28:58+08:00 ] ::1 /xiangmu/TaoCiWang/index.php/Admin/AddType/%7BU('TypeList/list')%7D
ERR: 非法操作:{U('TypeList

[ 2016-05-01T15:30:28+08:00 ] ::1 /xiangmu/TaoCiWang/index.php/Admin/AddType/insert.html
INFO: [ app_begin ] --START--
INFO: Run Behavior\ReadHtmlCacheBehavior [ RunTime:0.001211s ]
INFO: [ app_begin ] --END-- [ RunTime:0.001871s ]
SQL: DESCRIBE taoci_type [ RunTime:0.004294s ]
SQL: INSERT INTO `taoci_type` (`name`) VALUES ('ffff') [ RunTime:0.106383s ]
INFO: [ app_end ] --START--
INFO: Run Behavior\ShowPageTraceBehavior [ RunTime:0.002817s ]
INFO: [ app_end ] --END-- [ RunTime:0.002940s ]

[ 2016-05-01T15:30:28+08:00 ] ::1 /xiangmu/TaoCiWang/index.php/Admin/TypeList/list.html
ERR: 无法加载控制器:TypeList

[ 2016-05-01T15:42:12+08:00 ] ::1 /xiangmu/TaoCiWang/index.php/Admin/TypeList/list.html
ERR: 无法加载控制器:TypeList

[ 2016-05-01T16:33:10+08:00 ] ::1 /xiangmu/TaoCiWang/index.php/Admin/TypeList/list.html
ERR: 无法加载控制器:TypeList

[ 2016-05-01T16:33:13+08:00 ] ::1 /xiangmu/TaoCiWang/index.php/Admin/TypeList/list.html
ERR: 无法加载控制器:TypeList

[ 2016-05-01T16:33:15+08:00 ] ::1 /xiangmu/TaoCiWang/index.php/Admin/TypeList/list.html
ERR: 无法加载控制器:TypeList

[ 2016-05-01T16:34:20+08:00 ] ::1 /xiangmu/TaoCiWang/index.php/Admin/TypeList/list.html
ERR: 无法加载控制器:TypeList

[ 2016-05-01T16:36:40+08:00 ] ::1 /xiangmu/TaoCiWang/index.php/Admin/TypeList/list.html
ERR: 无法加载控制器:TypeList

[ 2016-05-01T16:36:54+08:00 ] ::1 /xiangmu/TaoCiWang/index.php/Admin/TypeList/lists.html
ERR: 无法加载控制器:TypeList

[ 2016-05-01T16:36:58+08:00 ] ::1 /xiangmu/TaoCiWang/index.php/Admin/TypeList/lists.html
ERR: 无法加载控制器:TypeList

[ 2016-05-01T16:38:04+08:00 ] ::1 /xiangmu/TaoCiWang/index.php/Admin/TypeList/lists.html
ERR: 无法加载控制器:TypeList

[ 2016-05-01T16:38:05+08:00 ] ::1 /xiangmu/TaoCiWang/index.php/Admin/TypeList/lists.html
ERR: 无法加载控制器:TypeList

[ 2016-05-01T16:38:05+08:00 ] ::1 /xiangmu/TaoCiWang/index.php/Admin/TypeList/lists.html
ERR: 无法加载控制器:TypeList

[ 2016-05-01T16:38:06+08:00 ] ::1 /xiangmu/TaoCiWang/index.php/Admin/TypeList/lists.html
ERR: 无法加载控制器:TypeList

[ 2016-05-01T16:38:06+08:00 ] ::1 /xiangmu/TaoCiWang/index.php/Admin/TypeList/lists.html
ERR: 无法加载控制器:TypeList

[ 2016-05-01T16:38:06+08:00 ] ::1 /xiangmu/TaoCiWang/index.php/Admin/TypeList/lists.html
ERR: 无法加载控制器:TypeList

[ 2016-05-01T16:38:07+08:00 ] ::1 /xiangmu/TaoCiWang/index.php/Admin/TypeList/lists.html
ERR: 无法加载控制器:TypeList

[ 2016-05-01T16:38:07+08:00 ] ::1 /xiangmu/TaoCiWang/index.php/Admin/TypeList/lists.html
ERR: 无法加载控制器:TypeList

[ 2016-05-01T16:38:07+08:00 ] ::1 /xiangmu/TaoCiWang/index.php/Admin/TypeList/lists.html
ERR: 无法加载控制器:TypeList

[ 2016-05-01T16:38:08+08:00 ] ::1 /xiangmu/TaoCiWang/index.php/Admin/TypeList/lists.html
ERR: 无法加载控制器:TypeList

[ 2016-05-01T16:38:08+08:00 ] ::1 /xiangmu/TaoCiWang/index.php/Admin/TypeList/lists.html
ERR: 无法加载控制器:TypeList

[ 2016-05-01T16:38:34+08:00 ] ::1 /xiangmu/TaoCiWang/index.php/Admin/TypeList/lists
ERR: 无法加载控制器:TypeList

[ 2016-05-01T16:43:46+08:00 ] ::1 /xiangmu/TaoCiWang/index.php/Admin/TypeList/lists
ERR: 无法加载控制器:TypeList

[ 2016-05-01T16:43:48+08:00 ] ::1 /xiangmu/TaoCiWang/index.php/Admin/TypeList/lists
ERR: 无法加载控制器:TypeList

[ 2016-05-01T16:43:49+08:00 ] ::1 /xiangmu/TaoCiWang/index.php/Admin/TypeList/lists
ERR: 无法加载控制器:TypeList

[ 2016-05-01T16:43:49+08:00 ] ::1 /xiangmu/TaoCiWang/index.php/Admin/TypeList/lists
ERR: 无法加载控制器:TypeList

[ 2016-05-01T16:43:49+08:00 ] ::1 /xiangmu/TaoCiWang/index.php/Admin/TypeList/lists
ERR: 无法加载控制器:TypeList

[ 2016-05-01T16:44:08+08:00 ] ::1 /xiangmu/TaoCiWang/index.php/Admin/TypeList/list
ERR: 无法加载控制器:TypeList

[ 2016-05-01T16:44:12+08:00 ] ::1 /xiangmu/TaoCiWang/index.php/Admin/TypeList/lists
ERR: 无法加载控制器:TypeList

[ 2016-05-01T17:14:46+08:00 ] ::1 /xiangmu/TaoCiWang/index.php/Admin/TypeList/lists
ERR: 无法加载控制器:TypeList

[ 2016-05-01T17:14:46+08:00 ] ::1 /xiangmu/TaoCiWang/index.php/Admin/TypeList/lists
ERR: 无法加载控制器:TypeList

[ 2016-05-01T17:14:47+08:00 ] ::1 /xiangmu/TaoCiWang/index.php/Admin/TypeList/lists
ERR: 无法加载控制器:TypeList

[ 2016-05-01T17:14:49+08:00 ] ::1 /xiangmu/TaoCiWang/index.php/Admin/TypeList/lists
ERR: 无法加载控制器:TypeList

[ 2016-05-01T17:37:48+08:00 ] ::1 /xiangmu/TaoCiWang/index.php/Admin/Type/lists.html
ERR: 无法加载控制器:Type

