[ 2016-05-05T07:05:53+08:00 ] ::1 /xiangmu/TaoCiWang/index.php/Admin/AddType/find
INFO: [ app_begin ] --START--
INFO: Run Behavior\ReadHtmlCacheBehavior [ RunTime:0.000969s ]
INFO: [ app_begin ] --END-- [ RunTime:0.001548s ]
SQL: DESCRIBE taoci_type [ RunTime:0.004600s ]
SQL: SELECT * FROM `taoci_type` WHERE `pid` = 1  [ RunTime:0.000334s ]

[ 2016-05-05T09:25:52+08:00 ] ::1 /xiangmu/TaoCiWang/ADMIN
ERR: 无法加载控制器:Index

[ 2016-05-05T09:26:55+08:00 ] ::1 /xiangmu/TaoCiWang/index.php/Admin/AddType/add.html
ERR: SQLSTATE[HY000] [1045] Access denied for user 'root'@'localhost' (using password: YES)

[ 2016-05-05T09:27:37+08:00 ] ::1 /xiangmu/TaoCiWang/index.php/Admin/AddType/find
INFO: [ app_begin ] --START--
INFO: Run Behavior\ReadHtmlCacheBehavior [ RunTime:0.000652s ]
INFO: [ app_begin ] --END-- [ RunTime:0.001181s ]
SQL: DESCRIBE taoci_type [ RunTime:0.007465s ]
SQL: SELECT * FROM `taoci_type` WHERE `pid` = 1  [ RunTime:0.015584s ]

[ 2016-05-05T09:34:39+08:00 ] ::1 /xiangmu/TaoCiWang/index.php/Admin/AddType/find
INFO: [ app_begin ] --START--
INFO: Run Behavior\ReadHtmlCacheBehavior [ RunTime:0.000605s ]
INFO: [ app_begin ] --END-- [ RunTime:0.001058s ]
SQL: DESCRIBE taoci_type [ RunTime:0.002926s ]
SQL: SELECT * FROM `taoci_type` WHERE `pid` = 1  [ RunTime:0.013341s ]

[ 2016-05-05T09:42:27+08:00 ] ::1 /xiangmu/TaoCiWang/index.php/Admin/AddType/find
INFO: [ app_begin ] --START--
INFO: Run Behavior\ReadHtmlCacheBehavior [ RunTime:0.000994s ]
INFO: [ app_begin ] --END-- [ RunTime:0.001390s ]
SQL: DESCRIBE taoci_type [ RunTime:0.002339s ]
SQL: SELECT * FROM `taoci_type` WHERE `pid` = 1  [ RunTime:0.000279s ]

[ 2016-05-05T09:42:30+08:00 ] ::1 /xiangmu/TaoCiWang/index.php/Admin/AddType/find
INFO: [ app_begin ] --START--
INFO: Run Behavior\ReadHtmlCacheBehavior [ RunTime:0.000759s ]
INFO: [ app_begin ] --END-- [ RunTime:0.001193s ]
SQL: DESCRIBE taoci_type [ RunTime:0.002514s ]
SQL: SELECT * FROM `taoci_type` WHERE `pid` = 1  [ RunTime:0.000352s ]

[ 2016-05-05T09:46:23+08:00 ] ::1 /xiangmu/TaoCiWang/index.php/Admin/AddType/find
INFO: [ app_begin ] --START--
INFO: Run Behavior\ReadHtmlCacheBehavior [ RunTime:0.000796s ]
INFO: [ app_begin ] --END-- [ RunTime:0.001258s ]
SQL: DESCRIBE taoci_type [ RunTime:0.002599s ]
SQL: SELECT * FROM `taoci_type` WHERE `pid` = 1  [ RunTime:0.000283s ]

[ 2016-05-05T09:49:27+08:00 ] ::1 /xiangmu/TaoCiWang/index.php/Admin/TypeList/find
INFO: [ app_begin ] --START--
INFO: Run Behavior\ReadHtmlCacheBehavior [ RunTime:0.000857s ]
INFO: [ app_begin ] --END-- [ RunTime:0.001421s ]
SQL: DESCRIBE taoci_type [ RunTime:0.004848s ]
SQL: SELECT * FROM `taoci_type` WHERE `pid` = 18 LIMIT 1   [ RunTime:0.000456s ]
SQL: DELETE FROM `taoci_type` WHERE `id` = 18 [ RunTime:0.056775s ]
INFO: [ app_end ] --START--
INFO: Run Behavior\ShowPageTraceBehavior [ RunTime:0.002893s ]
INFO: [ app_end ] --END-- [ RunTime:0.002990s ]

[ 2016-05-05T09:50:26+08:00 ] ::1 /xiangmu/TaoCiWang/index.php/Admin/TypeList/find
INFO: [ app_begin ] --START--
INFO: Run Behavior\ReadHtmlCacheBehavior [ RunTime:0.001134s ]
INFO: [ app_begin ] --END-- [ RunTime:0.001572s ]
SQL: DESCRIBE taoci_type [ RunTime:0.005535s ]
SQL: SELECT * FROM `taoci_type` WHERE `pid` = 1 LIMIT 1   [ RunTime:0.000495s ]
INFO: [ app_end ] --START--
INFO: Run Behavior\ShowPageTraceBehavior [ RunTime:0.002630s ]
INFO: [ app_end ] --END-- [ RunTime:0.002714s ]

[ 2016-05-05T09:50:45+08:00 ] ::1 /xiangmu/TaoCiWang/index.php/Admin/TypeList/find
INFO: [ app_begin ] --START--
INFO: Run Behavior\ReadHtmlCacheBehavior [ RunTime:0.000521s ]
INFO: [ app_begin ] --END-- [ RunTime:0.000858s ]
SQL: DESCRIBE taoci_type [ RunTime:0.004990s ]
SQL: SELECT * FROM `taoci_type` WHERE `pid` = 2 LIMIT 1   [ RunTime:0.000514s ]
INFO: [ app_end ] --START--
INFO: Run Behavior\ShowPageTraceBehavior [ RunTime:0.001678s ]
INFO: [ app_end ] --END-- [ RunTime:0.001749s ]

[ 2016-05-05T10:01:29+08:00 ] ::1 /xiangmu/TaoCiWang/index.php/Admin/Modify/find
INFO: [ app_begin ] --START--
INFO: Run Behavior\ReadHtmlCacheBehavior [ RunTime:0.000633s ]
INFO: [ app_begin ] --END-- [ RunTime:0.001023s ]
ERR: 非法操作:find

[ 2016-05-05T10:10:59+08:00 ] ::1 /xiangmu/TaoCiWang/index.php/Admin/Modify/find
INFO: [ app_begin ] --START--
INFO: Run Behavior\ReadHtmlCacheBehavior [ RunTime:0.001054s ]
INFO: [ app_begin ] --END-- [ RunTime:0.001648s ]
ERR: 非法操作:find

[ 2016-05-05T10:12:13+08:00 ] ::1 /xiangmu/TaoCiWang/index.php/Admin/GoodsList/list.html
ERR: 非法操作:list

[ 2016-05-05T10:12:18+08:00 ] ::1 /xiangmu/TaoCiWang/index.php/Admin/GoodsList/list.html
ERR: 非法操作:list

[ 2016-05-05T10:12:18+08:00 ] ::1 /xiangmu/TaoCiWang/index.php/Admin/GoodsList/list.html
ERR: 非法操作:list

[ 2016-05-05T10:12:19+08:00 ] ::1 /xiangmu/TaoCiWang/index.php/Admin/GoodsList/list.html
ERR: 非法操作:list

[ 2016-05-05T10:12:19+08:00 ] ::1 /xiangmu/TaoCiWang/index.php/Admin/GoodsList/list.html
ERR: 非法操作:list

[ 2016-05-05T10:12:19+08:00 ] ::1 /xiangmu/TaoCiWang/index.php/Admin/GoodsList/list.html
ERR: 非法操作:list

[ 2016-05-05T10:12:24+08:00 ] ::1 /xiangmu/TaoCiWang/index.php/Admin/Modify/find
INFO: [ app_begin ] --START--
INFO: Run Behavior\ReadHtmlCacheBehavior [ RunTime:0.000797s ]
INFO: [ app_begin ] --END-- [ RunTime:0.001375s ]
ERR: 非法操作:find

[ 2016-05-05T10:12:25+08:00 ] ::1 /xiangmu/TaoCiWang/index.php/Admin/Modify/find
INFO: [ app_begin ] --START--
INFO: Run Behavior\ReadHtmlCacheBehavior [ RunTime:0.001770s ]
INFO: [ app_begin ] --END-- [ RunTime:0.002533s ]
ERR: 非法操作:find

[ 2016-05-05T10:12:28+08:00 ] ::1 /xiangmu/TaoCiWang/index.php/Admin/GoodsList/list.html
ERR: 非法操作:list

[ 2016-05-05T10:12:51+08:00 ] ::1 /xiangmu/TaoCiWang/index.php/Admin/Modify/find
INFO: [ app_begin ] --START--
INFO: Run Behavior\ReadHtmlCacheBehavior [ RunTime:0.000970s ]
INFO: [ app_begin ] --END-- [ RunTime:0.001327s ]
ERR: 非法操作:find

[ 2016-05-05T10:12:53+08:00 ] ::1 /xiangmu/TaoCiWang/index.php/Admin/Modify/find
INFO: [ app_begin ] --START--
INFO: Run Behavior\ReadHtmlCacheBehavior [ RunTime:0.000451s ]
INFO: [ app_begin ] --END-- [ RunTime:0.000723s ]
ERR: 非法操作:find

[ 2016-05-05T10:13:20+08:00 ] ::1 /xiangmu/TaoCiWang/index.php/Admin/AddType/find
INFO: [ app_begin ] --START--
INFO: Run Behavior\ReadHtmlCacheBehavior [ RunTime:0.000695s ]
INFO: [ app_begin ] --END-- [ RunTime:0.001151s ]
SQL: DESCRIBE taoci_type [ RunTime:0.005097s ]
SQL: SELECT * FROM `taoci_type` WHERE `pid` = 1  [ RunTime:0.000546s ]

[ 2016-05-05T10:19:01+08:00 ] ::1 /xiangmu/TaoCiWang/index.php/Admin/AddType/find
INFO: [ app_begin ] --START--
INFO: Run Behavior\ReadHtmlCacheBehavior [ RunTime:0.000678s ]
INFO: [ app_begin ] --END-- [ RunTime:0.001098s ]
SQL: DESCRIBE taoci_type [ RunTime:0.003397s ]
SQL: SELECT * FROM `taoci_type` WHERE `pid` = 1  [ RunTime:0.000322s ]

[ 2016-05-05T10:22:39+08:00 ] ::1 /xiangmu/TaoCiWang/index.php/Admin/AddType/find
INFO: [ app_begin ] --START--
INFO: Run Behavior\ReadHtmlCacheBehavior [ RunTime:0.000706s ]
INFO: [ app_begin ] --END-- [ RunTime:0.001177s ]
SQL: DESCRIBE taoci_type [ RunTime:0.005472s ]
SQL: SELECT * FROM `taoci_type` WHERE `pid` = 1  [ RunTime:0.000285s ]

[ 2016-05-05T10:24:02+08:00 ] ::1 /xiangmu/TaoCiWang/index.php/Admin/AddType/find
INFO: [ app_begin ] --START--
INFO: Run Behavior\ReadHtmlCacheBehavior [ RunTime:0.000439s ]
INFO: [ app_begin ] --END-- [ RunTime:0.000791s ]
SQL: DESCRIBE taoci_type [ RunTime:0.003864s ]
SQL: SELECT * FROM `taoci_type` WHERE `pid` = 1  [ RunTime:0.000329s ]

[ 2016-05-05T10:24:14+08:00 ] ::1 /xiangmu/TaoCiWang/index.php/Admin/AddType/find
INFO: [ app_begin ] --START--
INFO: Run Behavior\ReadHtmlCacheBehavior [ RunTime:0.000446s ]
INFO: [ app_begin ] --END-- [ RunTime:0.000755s ]
SQL: DESCRIBE taoci_type [ RunTime:0.003594s ]
SQL: SELECT * FROM `taoci_type` WHERE `pid` = 1  [ RunTime:0.006274s ]

[ 2016-05-05T10:24:22+08:00 ] ::1 /xiangmu/TaoCiWang/index.php/Admin/TypeList/index.php
ERR: 非法操作:index.php

[ 2016-05-05T10:51:49+08:00 ] ::1 /xiangmu/TaoCiWang/index.php/Admin/AddType/find
INFO: [ app_begin ] --START--
INFO: Run Behavior\ReadHtmlCacheBehavior [ RunTime:0.000459s ]
INFO: [ app_begin ] --END-- [ RunTime:0.000757s ]
SQL: DESCRIBE taoci_type [ RunTime:0.002353s ]
SQL: SELECT * FROM `taoci_type` WHERE `pid` = 1  [ RunTime:0.000239s ]

[ 2016-05-05T11:59:55+08:00 ] ::1 /xiangmu/TaoCiWang/index.php/Admin/GoodsList/goodslist.html
ERR: Think\Model:getFileByid方法不存在！

[ 2016-05-05T12:00:53+08:00 ] ::1 /xiangmu/TaoCiWang/index.php/Admin/GoodsList/goodslist.html
ERR: Think\Model:getFileByid方法不存在！

[ 2016-05-05T13:40:13+08:00 ] ::1 /xiangmu/TaoCiWang/index.php/Admin/TypeList/find
INFO: [ app_begin ] --START--
INFO: Run Behavior\ReadHtmlCacheBehavior [ RunTime:0.001025s ]
INFO: [ app_begin ] --END-- [ RunTime:0.001431s ]
SQL: DESCRIBE taoci_type [ RunTime:0.003907s ]
SQL: DESCRIBE taoci_goods [ RunTime:0.004492s ]
SQL: SELECT * FROM `taoci_type` WHERE `pid` = 19 LIMIT 1   [ RunTime:0.000381s ]
SQL: DELETE FROM `taoci_type` WHERE ( id=19 ) [ RunTime:0.047249s ]
SQL: DELETE FROM `taoci_goods` WHERE ( pid=19 ) [ RunTime:0.016053s ]
INFO: [ app_end ] --START--
INFO: Run Behavior\ShowPageTraceBehavior [ RunTime:0.001377s ]
INFO: [ app_end ] --END-- [ RunTime:0.001473s ]

[ 2016-05-05T13:40:25+08:00 ] ::1 /xiangmu/TaoCiWang/index.php/Admin/GoodsList/%7B:%7D
ERR: 非法操作:{:}

[ 2016-05-05T13:44:01+08:00 ] ::1 /xiangmu/TaoCiWang/index.php/Admin/TypeList/find
INFO: [ app_begin ] --START--
INFO: Run Behavior\ReadHtmlCacheBehavior [ RunTime:0.000582s ]
INFO: [ app_begin ] --END-- [ RunTime:0.000890s ]
SQL: DESCRIBE taoci_type [ RunTime:0.004165s ]
SQL: DESCRIBE taoci_goods [ RunTime:0.003956s ]
SQL: SELECT * FROM `taoci_type` WHERE `pid` = 1 LIMIT 1   [ RunTime:0.000339s ]
INFO: [ app_end ] --START--
INFO: Run Behavior\ShowPageTraceBehavior [ RunTime:0.001370s ]
INFO: [ app_end ] --END-- [ RunTime:0.001423s ]

[ 2016-05-05T13:44:34+08:00 ] ::1 /xiangmu/TaoCiWang/index.php/Admin/TypeList/find
INFO: [ app_begin ] --START--
INFO: Run Behavior\ReadHtmlCacheBehavior [ RunTime:0.000760s ]
INFO: [ app_begin ] --END-- [ RunTime:0.001131s ]
SQL: DESCRIBE taoci_type [ RunTime:0.004137s ]
SQL: DESCRIBE taoci_goods [ RunTime:0.005062s ]
SQL: SELECT * FROM `taoci_type` WHERE `pid` = 1 LIMIT 1   [ RunTime:0.000553s ]
INFO: [ app_end ] --START--
INFO: Run Behavior\ShowPageTraceBehavior [ RunTime:0.001884s ]
INFO: [ app_end ] --END-- [ RunTime:0.001950s ]

[ 2016-05-05T13:45:16+08:00 ] ::1 /xiangmu/TaoCiWang/index.php/Admin/TypeList/find
INFO: [ app_begin ] --START--
INFO: Run Behavior\ReadHtmlCacheBehavior [ RunTime:0.000605s ]
INFO: [ app_begin ] --END-- [ RunTime:0.000880s ]
SQL: DESCRIBE taoci_type [ RunTime:0.002824s ]
SQL: DESCRIBE taoci_goods [ RunTime:0.003104s ]
SQL: SELECT * FROM `taoci_type` WHERE `pid` = 7 LIMIT 1   [ RunTime:0.000284s ]
SQL: DELETE FROM `taoci_type` WHERE ( id=7 ) [ RunTime:0.071950s ]
SQL: DELETE FROM `taoci_goods` WHERE ( pid=7 ) [ RunTime:0.000278s ]
INFO: [ app_end ] --START--
INFO: Run Behavior\ShowPageTraceBehavior [ RunTime:0.001262s ]
INFO: [ app_end ] --END-- [ RunTime:0.001315s ]

[ 2016-05-05T14:09:17+08:00 ] ::1 /xiangmu/TaoCiWang/index.php/Admin/AddType/find
INFO: [ app_begin ] --START--
INFO: Run Behavior\ReadHtmlCacheBehavior [ RunTime:0.000676s ]
INFO: [ app_begin ] --END-- [ RunTime:0.001188s ]
SQL: DESCRIBE taoci_type [ RunTime:0.003668s ]
SQL: SELECT * FROM `taoci_type` WHERE `pid` = 1  [ RunTime:0.000338s ]

[ 2016-05-05T14:09:25+08:00 ] ::1 /xiangmu/TaoCiWang/index.php/Admin/AddType/find
INFO: [ app_begin ] --START--
INFO: Run Behavior\ReadHtmlCacheBehavior [ RunTime:0.001129s ]
INFO: [ app_begin ] --END-- [ RunTime:0.001649s ]
SQL: DESCRIBE taoci_type [ RunTime:0.002818s ]
SQL: SELECT * FROM `taoci_type` WHERE `pid` = 2  [ RunTime:0.000264s ]

[ 2016-05-05T14:14:13+08:00 ] ::1 /xiangmu/TaoCiWang/index.php/Admin/AddType/find
INFO: [ app_begin ] --START--
INFO: Run Behavior\ReadHtmlCacheBehavior [ RunTime:0.001228s ]
INFO: [ app_begin ] --END-- [ RunTime:0.001778s ]
SQL: DESCRIBE taoci_type [ RunTime:0.002368s ]
SQL: SELECT * FROM `taoci_type` WHERE `pid` = 1  [ RunTime:0.000306s ]

[ 2016-05-05T14:14:19+08:00 ] ::1 /xiangmu/TaoCiWang/index.php/Admin/AddType/find
INFO: [ app_begin ] --START--
INFO: Run Behavior\ReadHtmlCacheBehavior [ RunTime:0.000812s ]
INFO: [ app_begin ] --END-- [ RunTime:0.001213s ]
SQL: DESCRIBE taoci_type [ RunTime:0.001957s ]
SQL: SELECT * FROM `taoci_type` WHERE `pid` = 3  [ RunTime:0.000203s ]

[ 2016-05-05T14:18:01+08:00 ] ::1 /xiangmu/TaoCiWang/index.php/Admin/TypeList/del
INFO: [ app_begin ] --START--
INFO: Run Behavior\ReadHtmlCacheBehavior [ RunTime:0.000957s ]
INFO: [ app_begin ] --END-- [ RunTime:0.001616s ]
SQL: DESCRIBE taoci_type [ RunTime:0.002726s ]
SQL: DESCRIBE taoci_goods [ RunTime:0.002743s ]
SQL: SELECT * FROM `taoci_type` WHERE `pid` = 20 LIMIT 1   [ RunTime:0.000324s ]
SQL: DELETE FROM `taoci_type` WHERE ( id=20 ) [ RunTime:0.026127s ]
SQL: DELETE FROM `taoci_goods` WHERE ( tid=20 ) [ RunTime:0.011916s ]
INFO: [ app_end ] --START--
INFO: Run Behavior\ShowPageTraceBehavior [ RunTime:0.000826s ]
INFO: [ app_end ] --END-- [ RunTime:0.000861s ]

[ 2016-05-05T14:26:47+08:00 ] ::1 /xiangmu/TaoCiWang/index.php/Admin/GoodsList/index.php
ERR: 非法操作:index.php

[ 2016-05-05T14:27:10+08:00 ] ::1 /xiangmu/TaoCiWang/index.php/Admin/TypeList/del
INFO: [ app_begin ] --START--
INFO: Run Behavior\ReadHtmlCacheBehavior [ RunTime:0.000588s ]
INFO: [ app_begin ] --END-- [ RunTime:0.000914s ]
SQL: DESCRIBE taoci_type [ RunTime:0.002210s ]
SQL: DESCRIBE taoci_goods [ RunTime:0.002046s ]
SQL: SELECT * FROM `taoci_type` WHERE `pid` = 5 LIMIT 1   [ RunTime:0.000292s ]
SQL: DELETE FROM `taoci_type` WHERE ( id=5 ) [ RunTime:0.025993s ]
SQL: DELETE FROM `taoci_goods` WHERE ( tid=5 ) [ RunTime:0.012768s ]
INFO: [ app_end ] --START--
INFO: Run Behavior\ShowPageTraceBehavior [ RunTime:0.000860s ]
INFO: [ app_end ] --END-- [ RunTime:0.000900s ]

[ 2016-05-05T14:30:19+08:00 ] ::1 /xiangmu/TaoCiWang/index.php/Admin/TypeList/del
INFO: [ app_begin ] --START--
INFO: Run Behavior\ReadHtmlCacheBehavior [ RunTime:0.000713s ]
INFO: [ app_begin ] --END-- [ RunTime:0.001160s ]
SQL: DESCRIBE taoci_type [ RunTime:0.003835s ]
SQL: DESCRIBE taoci_goods [ RunTime:0.003826s ]
SQL: SELECT * FROM `taoci_type` WHERE `pid` = 12 LIMIT 1   [ RunTime:0.000353s ]
INFO: [ app_end ] --START--
INFO: Run Behavior\ShowPageTraceBehavior [ RunTime:0.001409s ]
INFO: [ app_end ] --END-- [ RunTime:0.001462s ]

[ 2016-05-05T14:30:33+08:00 ] ::1 /xiangmu/TaoCiWang/index.php/Admin/TypeList/del
INFO: [ app_begin ] --START--
INFO: Run Behavior\ReadHtmlCacheBehavior [ RunTime:0.000460s ]
INFO: [ app_begin ] --END-- [ RunTime:0.000749s ]
SQL: DESCRIBE taoci_type [ RunTime:0.002662s ]
SQL: DESCRIBE taoci_goods [ RunTime:0.002976s ]
SQL: SELECT * FROM `taoci_type` WHERE `pid` = 12 LIMIT 1   [ RunTime:0.000270s ]
INFO: [ app_end ] --START--
INFO: Run Behavior\ShowPageTraceBehavior [ RunTime:0.000903s ]
INFO: [ app_end ] --END-- [ RunTime:0.000939s ]

[ 2016-05-05T15:45:50+08:00 ] ::1 /xiangmu/TaoCiWang/index.php/Admin/AddType/find
INFO: [ app_begin ] --START--
INFO: Run Behavior\ReadHtmlCacheBehavior [ RunTime:0.000951s ]
INFO: [ app_begin ] --END-- [ RunTime:0.001412s ]
SQL: DESCRIBE taoci_type [ RunTime:0.003204s ]
SQL: SELECT * FROM `taoci_type` WHERE `pid` = 1  [ RunTime:0.000330s ]

[ 2016-05-05T15:45:57+08:00 ] ::1 /xiangmu/TaoCiWang/index.php/Admin/AddType/find
INFO: [ app_begin ] --START--
INFO: Run Behavior\ReadHtmlCacheBehavior [ RunTime:0.000596s ]
INFO: [ app_begin ] --END-- [ RunTime:0.000910s ]
SQL: DESCRIBE taoci_type [ RunTime:0.002061s ]
SQL: SELECT * FROM `taoci_type` WHERE `pid` = 4  [ RunTime:0.000198s ]

[ 2016-05-05T16:17:29+08:00 ] ::1 /xiangmu/TaoCiWang/index.php/Admin/GoodsList/delete.html
INFO: [ app_begin ] --START--
INFO: Run Behavior\ReadHtmlCacheBehavior [ RunTime:0.000745s ]
INFO: [ app_begin ] --END-- [ RunTime:0.001067s ]

[ 2016-05-05T16:17:47+08:00 ] ::1 /xiangmu/TaoCiWang/index.php/Admin/GoodsList/delete.html
INFO: [ app_begin ] --START--
INFO: Run Behavior\ReadHtmlCacheBehavior [ RunTime:0.001035s ]
INFO: [ app_begin ] --END-- [ RunTime:0.001438s ]

[ 2016-05-05T16:18:07+08:00 ] ::1 /xiangmu/TaoCiWang/index.php/Admin/GoodsList/delete.html
INFO: [ app_begin ] --START--
INFO: Run Behavior\ReadHtmlCacheBehavior [ RunTime:0.000611s ]
INFO: [ app_begin ] --END-- [ RunTime:0.000941s ]

[ 2016-05-05T16:19:00+08:00 ] ::1 /xiangmu/TaoCiWang/index.php/Admin/GoodsList/delete.html
INFO: [ app_begin ] --START--
INFO: Run Behavior\ReadHtmlCacheBehavior [ RunTime:0.001247s ]
INFO: [ app_begin ] --END-- [ RunTime:0.001725s ]

[ 2016-05-05T16:19:06+08:00 ] ::1 /xiangmu/TaoCiWang/index.php/Admin/GoodsList/delete.html
INFO: [ app_begin ] --START--
INFO: Run Behavior\ReadHtmlCacheBehavior [ RunTime:0.000640s ]
INFO: [ app_begin ] --END-- [ RunTime:0.000928s ]

[ 2016-05-05T16:19:12+08:00 ] ::1 /xiangmu/TaoCiWang/index.php/Admin/GoodsList/delete.html
INFO: [ app_begin ] --START--
INFO: Run Behavior\ReadHtmlCacheBehavior [ RunTime:0.000593s ]
INFO: [ app_begin ] --END-- [ RunTime:0.000850s ]

[ 2016-05-05T16:20:05+08:00 ] ::1 /xiangmu/TaoCiWang/index.php/Admin/GoodsList/delete.html
INFO: [ app_begin ] --START--
INFO: Run Behavior\ReadHtmlCacheBehavior [ RunTime:0.000714s ]
INFO: [ app_begin ] --END-- [ RunTime:0.001015s ]

[ 2016-05-05T16:25:24+08:00 ] ::1 /xiangmu/TaoCiWang/index.php/Admin/GoodsList/delete.html
INFO: [ app_begin ] --START--
INFO: Run Behavior\ReadHtmlCacheBehavior [ RunTime:0.000884s ]
INFO: [ app_begin ] --END-- [ RunTime:0.001221s ]

[ 2016-05-05T16:25:38+08:00 ] ::1 /xiangmu/TaoCiWang/index.php/Admin/GoodsList/delete.html
INFO: [ app_begin ] --START--
INFO: Run Behavior\ReadHtmlCacheBehavior [ RunTime:0.001033s ]
INFO: [ app_begin ] --END-- [ RunTime:0.001453s ]

[ 2016-05-05T16:26:17+08:00 ] ::1 /xiangmu/TaoCiWang/index.php/Admin/GoodsList/delete.html
INFO: [ app_begin ] --START--
INFO: Run Behavior\ReadHtmlCacheBehavior [ RunTime:0.000806s ]
INFO: [ app_begin ] --END-- [ RunTime:0.001121s ]

[ 2016-05-05T16:26:37+08:00 ] ::1 /xiangmu/TaoCiWang/index.php/Admin/GoodsList/delete.html
INFO: [ app_begin ] --START--
INFO: Run Behavior\ReadHtmlCacheBehavior [ RunTime:0.000948s ]
INFO: [ app_begin ] --END-- [ RunTime:0.001231s ]

[ 2016-05-05T16:28:38+08:00 ] ::1 /xiangmu/TaoCiWang/index.php/Admin/GoodsList/delete.html
INFO: [ app_begin ] --START--
INFO: Run Behavior\ReadHtmlCacheBehavior [ RunTime:0.001265s ]
INFO: [ app_begin ] --END-- [ RunTime:0.001749s ]

[ 2016-05-05T16:29:19+08:00 ] ::1 /xiangmu/TaoCiWang/index.php/Admin/GoodsList/delete.html
INFO: [ app_begin ] --START--
INFO: Run Behavior\ReadHtmlCacheBehavior [ RunTime:0.000987s ]
INFO: [ app_begin ] --END-- [ RunTime:0.001395s ]
SQL: DESCRIBE taoci_type [ RunTime:0.004534s ]
SQL: DELETE FROM taoci_type t,taoci_goods g WHERE t.id = '18' AND g.id = '3' [ RunTime:0.020742s ]
ERR: 1064:You have an error in your SQL syntax; check the manual that corresponds to your MySQL server version for the right syntax to use near 't,taoci_goods g WHERE t.id = '18' AND g.id = '3'' at line 1
 [ SQL语句 ] : DELETE FROM taoci_type t,taoci_goods g WHERE t.id = '18' AND g.id = '3'

[ 2016-05-05T16:30:10+08:00 ] ::1 /xiangmu/TaoCiWang/index.php/Admin/GoodsList/delete.html
INFO: [ app_begin ] --START--
INFO: Run Behavior\ReadHtmlCacheBehavior [ RunTime:0.000813s ]
INFO: [ app_begin ] --END-- [ RunTime:0.001233s ]
SQL: DESCRIBE taoci_type [ RunTime:0.002076s ]
SQL: DELETE FROM taoci_type t,taoci_goods g WHERE t.id = '18' AND g.id = '3' [ RunTime:0.000126s ]
ERR: 1064:You have an error in your SQL syntax; check the manual that corresponds to your MySQL server version for the right syntax to use near 't,taoci_goods g WHERE t.id = '18' AND g.id = '3'' at line 1
 [ SQL语句 ] : DELETE FROM taoci_type t,taoci_goods g WHERE t.id = '18' AND g.id = '3'
INFO: [ app_end ] --START--
INFO: Run Behavior\ShowPageTraceBehavior [ RunTime:0.000987s ]
INFO: [ app_end ] --END-- [ RunTime:0.001024s ]

[ 2016-05-05T16:31:00+08:00 ] ::1 /xiangmu/TaoCiWang/index.php/Admin/GoodsList/delete.html
INFO: [ app_begin ] --START--
INFO: Run Behavior\ReadHtmlCacheBehavior [ RunTime:0.000613s ]
INFO: [ app_begin ] --END-- [ RunTime:0.000939s ]
SQL: DESCRIBE taoci_type [ RunTime:0.002431s ]
SQL: DELETE FROM taoci_type t,taoci_goods g WHERE t.id = '21' AND g.id = '6' [ RunTime:0.000103s ]
ERR: 1064:You have an error in your SQL syntax; check the manual that corresponds to your MySQL server version for the right syntax to use near 't,taoci_goods g WHERE t.id = '21' AND g.id = '6'' at line 1
 [ SQL语句 ] : DELETE FROM taoci_type t,taoci_goods g WHERE t.id = '21' AND g.id = '6'
INFO: [ app_end ] --START--
INFO: Run Behavior\ShowPageTraceBehavior [ RunTime:0.001084s ]
INFO: [ app_end ] --END-- [ RunTime:0.001135s ]

[ 2016-05-05T16:31:41+08:00 ] ::1 /xiangmu/TaoCiWang/index.php/Admin/GoodsList/delete.html
INFO: [ app_begin ] --START--
INFO: Run Behavior\ReadHtmlCacheBehavior [ RunTime:0.001176s ]
INFO: [ app_begin ] --END-- [ RunTime:0.001607s ]
SQL: DESCRIBE taoci_type [ RunTime:0.003760s ]
SQL: DELETE FROM taoci_type t,taoci_goods g WHERE t.id = '21' AND g.id = '6' [ RunTime:0.000150s ]
ERR: 1064:You have an error in your SQL syntax; check the manual that corresponds to your MySQL server version for the right syntax to use near 't,taoci_goods g WHERE t.id = '21' AND g.id = '6'' at line 1
 [ SQL语句 ] : DELETE FROM taoci_type t,taoci_goods g WHERE t.id = '21' AND g.id = '6'
INFO: [ app_end ] --START--
INFO: Run Behavior\ShowPageTraceBehavior [ RunTime:0.001006s ]
INFO: [ app_end ] --END-- [ RunTime:0.001045s ]

[ 2016-05-05T16:50:27+08:00 ] ::1 /xiangmu/TaoCiWang/index.php/Admin/GoodsList/delete.html
INFO: [ app_begin ] --START--
INFO: Run Behavior\ReadHtmlCacheBehavior [ RunTime:0.000778s ]
INFO: [ app_begin ] --END-- [ RunTime:0.001235s ]
SQL: DESCRIBE taoci_type [ RunTime:0.002227s ]
SQL: DELETE FROM `taoci_type` WHERE `id` = '22' [ RunTime:0.036149s ]
SQL: DESCRIBE taoci_goods [ RunTime:0.002471s ]
SQL: DELETE FROM `taoci_goods` WHERE `id` = '7' [ RunTime:0.009340s ]
INFO: [ app_end ] --START--
INFO: Run Behavior\ShowPageTraceBehavior [ RunTime:0.000895s ]
INFO: [ app_end ] --END-- [ RunTime:0.000928s ]

[ 2016-05-05T16:52:18+08:00 ] ::1 /xiangmu/TaoCiWang/index.php/Admin/AddType/find
INFO: [ app_begin ] --START--
INFO: Run Behavior\ReadHtmlCacheBehavior [ RunTime:0.000798s ]
INFO: [ app_begin ] --END-- [ RunTime:0.001148s ]
SQL: DESCRIBE taoci_type [ RunTime:0.003398s ]
SQL: SELECT * FROM `taoci_type` WHERE `pid` = 1  [ RunTime:0.000316s ]

[ 2016-05-05T16:52:24+08:00 ] ::1 /xiangmu/TaoCiWang/index.php/Admin/AddType/find
INFO: [ app_begin ] --START--
INFO: Run Behavior\ReadHtmlCacheBehavior [ RunTime:0.001004s ]
INFO: [ app_begin ] --END-- [ RunTime:0.001534s ]
SQL: DESCRIBE taoci_type [ RunTime:0.002345s ]
SQL: SELECT * FROM `taoci_type` WHERE `pid` = 4  [ RunTime:0.000199s ]

[ 2016-05-05T16:53:40+08:00 ] ::1 /xiangmu/TaoCiWang/index.php/Admin/GoodsList/delete.html
INFO: [ app_begin ] --START--
INFO: Run Behavior\ReadHtmlCacheBehavior [ RunTime:0.001053s ]
INFO: [ app_begin ] --END-- [ RunTime:0.001595s ]
SQL: DESCRIBE taoci_type [ RunTime:0.003367s ]
SQL: DELETE FROM `taoci_type` WHERE `id` = '23' [ RunTime:0.020820s ]
SQL: DESCRIBE taoci_goods [ RunTime:0.002980s ]
SQL: DELETE FROM `taoci_goods` WHERE `id` = '8' [ RunTime:0.009932s ]
INFO: [ app_end ] --START--
INFO: Run Behavior\ShowPageTraceBehavior [ RunTime:0.001183s ]
INFO: [ app_end ] --END-- [ RunTime:0.001219s ]

[ 2016-05-05T16:54:54+08:00 ] ::1 /xiangmu/TaoCiWang/index.php/Admin/GoodsList/delete.html
INFO: [ app_begin ] --START--
INFO: Run Behavior\ReadHtmlCacheBehavior [ RunTime:0.000892s ]
INFO: [ app_begin ] --END-- [ RunTime:0.001213s ]
SQL: DESCRIBE taoci_type [ RunTime:0.003519s ]
SQL: DELETE FROM `taoci_type` WHERE `id` = '23' [ RunTime:0.000203s ]
SQL: DESCRIBE taoci_goods [ RunTime:0.002698s ]
SQL: DELETE FROM `taoci_goods` WHERE `id` = '8' [ RunTime:0.000173s ]
INFO: [ app_end ] --START--
INFO: Run Behavior\ShowPageTraceBehavior [ RunTime:0.001102s ]
INFO: [ app_end ] --END-- [ RunTime:0.001137s ]

[ 2016-05-05T16:55:03+08:00 ] ::1 /xiangmu/TaoCiWang/index.php/Admin/AddType/find
INFO: [ app_begin ] --START--
INFO: Run Behavior\ReadHtmlCacheBehavior [ RunTime:0.000896s ]
INFO: [ app_begin ] --END-- [ RunTime:0.001270s ]
SQL: DESCRIBE taoci_type [ RunTime:0.002568s ]
SQL: SELECT * FROM `taoci_type` WHERE `pid` = 1  [ RunTime:0.000272s ]

[ 2016-05-05T16:55:32+08:00 ] ::1 /xiangmu/TaoCiWang/index.php/Admin/GoodsList/delete.html
INFO: [ app_begin ] --START--
INFO: Run Behavior\ReadHtmlCacheBehavior [ RunTime:0.001000s ]
INFO: [ app_begin ] --END-- [ RunTime:0.001407s ]
SQL: DESCRIBE taoci_type [ RunTime:0.002091s ]
SQL: DELETE FROM `taoci_type` WHERE `id` = '24' [ RunTime:0.034542s ]
SQL: DESCRIBE taoci_goods [ RunTime:0.002124s ]
SQL: DELETE FROM `taoci_goods` WHERE `id` = '9' [ RunTime:0.009707s ]
INFO: [ app_end ] --START--
INFO: Run Behavior\ShowPageTraceBehavior [ RunTime:0.000946s ]
INFO: [ app_end ] --END-- [ RunTime:0.000974s ]

[ 2016-05-05T16:56:03+08:00 ] ::1 /xiangmu/TaoCiWang/index.php/Admin/AddType/find
INFO: [ app_begin ] --START--
INFO: Run Behavior\ReadHtmlCacheBehavior [ RunTime:0.000923s ]
INFO: [ app_begin ] --END-- [ RunTime:0.001403s ]
SQL: DESCRIBE taoci_type [ RunTime:0.002453s ]
SQL: SELECT * FROM `taoci_type` WHERE `pid` = 1  [ RunTime:0.000210s ]

[ 2016-05-05T16:56:35+08:00 ] ::1 /xiangmu/TaoCiWang/index.php/Admin/GoodsList/delete.html
INFO: [ app_begin ] --START--
INFO: Run Behavior\ReadHtmlCacheBehavior [ RunTime:0.001417s ]
INFO: [ app_begin ] --END-- [ RunTime:0.001977s ]
SQL: DESCRIBE taoci_type [ RunTime:0.006572s ]
SQL: DELETE FROM `taoci_type` WHERE `id` = '25' [ RunTime:0.010943s ]
SQL: DESCRIBE taoci_goods [ RunTime:0.007758s ]
SQL: DELETE FROM `taoci_goods` WHERE `id` = '10' [ RunTime:0.028086s ]
INFO: [ app_end ] --START--
INFO: Run Behavior\ShowPageTraceBehavior [ RunTime:0.001708s ]
INFO: [ app_end ] --END-- [ RunTime:0.001752s ]

[ 2016-05-05T16:56:42+08:00 ] ::1 /xiangmu/TaoCiWang/index.php/Admin/GoodsList/delete.html
INFO: [ app_begin ] --START--
INFO: Run Behavior\ReadHtmlCacheBehavior [ RunTime:0.001709s ]
INFO: [ app_begin ] --END-- [ RunTime:0.002397s ]
SQL: DESCRIBE taoci_type [ RunTime:0.005728s ]
SQL: DELETE FROM `taoci_type` WHERE `id` = '25' [ RunTime:0.000389s ]
SQL: DESCRIBE taoci_goods [ RunTime:0.007178s ]
SQL: DELETE FROM `taoci_goods` WHERE `id` = '10' [ RunTime:0.000334s ]
INFO: [ app_end ] --START--
INFO: Run Behavior\ShowPageTraceBehavior [ RunTime:0.003411s ]
INFO: [ app_end ] --END-- [ RunTime:0.003495s ]

[ 2016-05-05T16:56:47+08:00 ] ::1 /xiangmu/TaoCiWang/index.php/Admin/GoodsList/delete.html
INFO: [ app_begin ] --START--
INFO: Run Behavior\ReadHtmlCacheBehavior [ RunTime:0.001382s ]
INFO: [ app_begin ] --END-- [ RunTime:0.002084s ]
SQL: DESCRIBE taoci_type [ RunTime:0.004774s ]
SQL: DELETE FROM `taoci_type` WHERE `id` = '25' [ RunTime:0.000373s ]
SQL: DESCRIBE taoci_goods [ RunTime:0.004611s ]
SQL: DELETE FROM `taoci_goods` WHERE `id` = '10' [ RunTime:0.000320s ]
INFO: [ app_end ] --START--
INFO: Run Behavior\ShowPageTraceBehavior [ RunTime:0.002687s ]
INFO: [ app_end ] --END-- [ RunTime:0.002754s ]

[ 2016-05-05T16:57:32+08:00 ] ::1 /xiangmu/TaoCiWang/index.php/Admin/AddType/find
INFO: [ app_begin ] --START--
INFO: Run Behavior\ReadHtmlCacheBehavior [ RunTime:0.000932s ]
INFO: [ app_begin ] --END-- [ RunTime:0.001300s ]
SQL: DESCRIBE taoci_type [ RunTime:0.002101s ]
SQL: SELECT * FROM `taoci_type` WHERE `pid` = 1  [ RunTime:0.000229s ]

[ 2016-05-05T16:57:59+08:00 ] ::1 /xiangmu/TaoCiWang/index.php/Admin/GoodsList/delete.html
INFO: [ app_begin ] --START--
INFO: Run Behavior\ReadHtmlCacheBehavior [ RunTime:0.000795s ]
INFO: [ app_begin ] --END-- [ RunTime:0.001101s ]
SQL: DESCRIBE taoci_type [ RunTime:0.003107s ]
SQL: DELETE FROM `taoci_type` WHERE `id` = '26' [ RunTime:0.107072s ]
SQL: DESCRIBE taoci_goods [ RunTime:0.010474s ]
SQL: DELETE FROM `taoci_goods` WHERE `id` = '11' [ RunTime:0.028315s ]
INFO: [ app_end ] --START--
INFO: Run Behavior\ShowPageTraceBehavior [ RunTime:0.002070s ]
INFO: [ app_end ] --END-- [ RunTime:0.002135s ]

[ 2016-05-05T17:00:50+08:00 ] ::1 /xiangmu/TaoCiWang/index.php/Admin/AddType/find
INFO: [ app_begin ] --START--
INFO: Run Behavior\ReadHtmlCacheBehavior [ RunTime:0.001236s ]
INFO: [ app_begin ] --END-- [ RunTime:0.001710s ]
SQL: DESCRIBE taoci_type [ RunTime:0.003789s ]
SQL: SELECT * FROM `taoci_type` WHERE `pid` = 1  [ RunTime:0.000467s ]

[ 2016-05-05T17:01:42+08:00 ] ::1 /xiangmu/TaoCiWang/index.php/Admin/GoodsList/delete.html
INFO: [ app_begin ] --START--
INFO: Run Behavior\ReadHtmlCacheBehavior [ RunTime:0.001230s ]
INFO: [ app_begin ] --END-- [ RunTime:0.001766s ]
SQL: DESCRIBE taoci_type [ RunTime:0.002504s ]
SQL: DELETE FROM `taoci_type` WHERE `id` = '27' [ RunTime:0.027970s ]
SQL: DESCRIBE taoci_goods [ RunTime:0.003414s ]
SQL: DELETE FROM `taoci_goods` WHERE `id` = '12' [ RunTime:0.009013s ]
INFO: [ app_end ] --START--
INFO: Run Behavior\ShowPageTraceBehavior [ RunTime:0.001031s ]
INFO: [ app_end ] --END-- [ RunTime:0.001074s ]

[ 2016-05-05T17:02:51+08:00 ] ::1 /xiangmu/TaoCiWang/index.php/Admin/AddType/find
INFO: [ app_begin ] --START--
INFO: Run Behavior\ReadHtmlCacheBehavior [ RunTime:0.001172s ]
INFO: [ app_begin ] --END-- [ RunTime:0.001790s ]
SQL: DESCRIBE taoci_type [ RunTime:0.002046s ]
SQL: SELECT * FROM `taoci_type` WHERE `pid` = 1  [ RunTime:0.000184s ]

[ 2016-05-05T17:03:14+08:00 ] ::1 /xiangmu/TaoCiWang/index.php/Admin/AddType/find
INFO: [ app_begin ] --START--
INFO: Run Behavior\ReadHtmlCacheBehavior [ RunTime:0.000609s ]
INFO: [ app_begin ] --END-- [ RunTime:0.000966s ]
SQL: DESCRIBE taoci_type [ RunTime:0.002953s ]
SQL: SELECT * FROM `taoci_type` WHERE `pid` = 1  [ RunTime:0.000435s ]

[ 2016-05-05T17:03:37+08:00 ] ::1 /xiangmu/TaoCiWang/index.php/Admin/AddType/find
INFO: [ app_begin ] --START--
INFO: Run Behavior\ReadHtmlCacheBehavior [ RunTime:0.001396s ]
INFO: [ app_begin ] --END-- [ RunTime:0.001944s ]
SQL: DESCRIBE taoci_type [ RunTime:0.002371s ]
SQL: SELECT * FROM `taoci_type` WHERE `pid` = 1  [ RunTime:0.000310s ]

[ 2016-05-05T17:03:57+08:00 ] ::1 /xiangmu/TaoCiWang/index.php/Admin/AddType/find
INFO: [ app_begin ] --START--
INFO: Run Behavior\ReadHtmlCacheBehavior [ RunTime:0.001444s ]
INFO: [ app_begin ] --END-- [ RunTime:0.001985s ]
SQL: DESCRIBE taoci_type [ RunTime:0.001932s ]
SQL: SELECT * FROM `taoci_type` WHERE `pid` = 1  [ RunTime:0.000177s ]

[ 2016-05-05T17:04:03+08:00 ] ::1 /xiangmu/TaoCiWang/index.php/Admin/AddType/find
INFO: [ app_begin ] --START--
INFO: Run Behavior\ReadHtmlCacheBehavior [ RunTime:0.000869s ]
INFO: [ app_begin ] --END-- [ RunTime:0.001249s ]
SQL: DESCRIBE taoci_type [ RunTime:0.002653s ]
SQL: SELECT * FROM `taoci_type` WHERE `pid` = 3  [ RunTime:0.000223s ]

[ 2016-05-05T23:11:15+08:00 ] ::1 /xiangmu/TaoCiWang/index.php/Admin/AddType/find
INFO: [ app_begin ] --START--
INFO: Run Behavior\ReadHtmlCacheBehavior [ RunTime:0.001105s ]
INFO: [ app_begin ] --END-- [ RunTime:0.001813s ]
SQL: DESCRIBE taoci_type [ RunTime:0.014774s ]
SQL: SELECT * FROM `taoci_type` WHERE `pid` = 1  [ RunTime:0.000507s ]

