[ 2016-05-15T17:50:45+08:00 ] ::1 /xiangmu/TaoCiWang/index.php/Admin/Banner/add.html
ERR: 无法加载控制器:Banner

[ 2016-05-15T17:51:06+08:00 ] ::1 /xiangmu/TaoCiWang/index.php/Admin/Banner/add.html
ERR: 无法加载控制器:Banner

[ 2016-05-15T17:51:07+08:00 ] ::1 /xiangmu/TaoCiWang/index.php/Admin/Banner/add.html
ERR: 无法加载控制器:Banner

[ 2016-05-15T17:51:08+08:00 ] ::1 /xiangmu/TaoCiWang/index.php/Admin/Banner/add.html
ERR: 无法加载控制器:Banner

[ 2016-05-15T17:51:08+08:00 ] ::1 /xiangmu/TaoCiWang/index.php/Admin/Banner/add.html
ERR: 无法加载控制器:Banner

[ 2016-05-15T17:51:08+08:00 ] ::1 /xiangmu/TaoCiWang/index.php/Admin/Banner/add.html
ERR: 无法加载控制器:Banner

[ 2016-05-15T17:52:19+08:00 ] ::1 /xiangmu/TaoCiWang/index.php/Admin/Banner/add.html
ERR: 无法加载控制器:Banner

[ 2016-05-15T17:52:33+08:00 ] ::1 /xiangmu/TaoCiWang/index.php/Admin/Banner/add
ERR: 无法加载控制器:Banner

[ 2016-05-15T17:54:08+08:00 ] ::1 /xiangmu/TaoCiWang/index.php/Admin/Banner/add.html
ERR: 无法加载控制器:Banner

[ 2016-05-15T17:56:56+08:00 ] ::1 /xiangmu/TaoCiWang/index.php/Admin/Banner/add.html
ERR: 模板不存在:./TaoCiWang/Admin/View/Banner/add.html

[ 2016-05-15T17:57:39+08:00 ] ::1 /xiangmu/TaoCiWang/index.php/Admin/AddType/find
INFO: [ app_begin ] --START--
INFO: Run Behavior\ReadHtmlCacheBehavior [ RunTime:0.000870s ]
INFO: [ app_begin ] --END-- [ RunTime:0.001765s ]
SQL: DESCRIBE taoci_type [ RunTime:0.002771s ]
SQL: SELECT * FROM `taoci_type` WHERE `pid` = 1  [ RunTime:0.000262s ]

[ 2016-05-15T17:58:38+08:00 ] ::1 /xiangmu/TaoCiWang/index.php/Admin/AddType/find
INFO: [ app_begin ] --START--
INFO: Run Behavior\ReadHtmlCacheBehavior [ RunTime:0.000610s ]
INFO: [ app_begin ] --END-- [ RunTime:0.000891s ]
SQL: DESCRIBE taoci_type [ RunTime:0.039315s ]
SQL: SELECT * FROM `taoci_type` WHERE `pid` = 1  [ RunTime:0.000311s ]

[ 2016-05-15T17:58:40+08:00 ] ::1 /xiangmu/TaoCiWang/index.php/Admin/Banner/find
INFO: [ app_begin ] --START--
INFO: Run Behavior\ReadHtmlCacheBehavior [ RunTime:0.001088s ]
INFO: [ app_begin ] --END-- [ RunTime:0.001463s ]
ERR: 非法操作:find

[ 2016-05-15T17:59:31+08:00 ] ::1 /xiangmu/TaoCiWang/index.php/Admin/Banner/find
INFO: [ app_begin ] --START--
INFO: Run Behavior\ReadHtmlCacheBehavior [ RunTime:0.000685s ]
INFO: [ app_begin ] --END-- [ RunTime:0.001031s ]
ERR: 非法操作:find

[ 2016-05-15T18:01:03+08:00 ] ::1 /xiangmu/TaoCiWang/index.php/Admin/Banner/find
INFO: [ app_begin ] --START--
INFO: Run Behavior\ReadHtmlCacheBehavior [ RunTime:0.000703s ]
INFO: [ app_begin ] --END-- [ RunTime:0.001034s ]
ERR: 非法操作:find

[ 2016-05-15T18:01:19+08:00 ] ::1 /xiangmu/TaoCiWang/index.php/Admin/Banner/find
INFO: [ app_begin ] --START--
INFO: Run Behavior\ReadHtmlCacheBehavior [ RunTime:0.000608s ]
INFO: [ app_begin ] --END-- [ RunTime:0.000885s ]
ERR: 非法操作:find

[ 2016-05-15T18:01:48+08:00 ] ::1 /xiangmu/TaoCiWang/index.php/Admin/Banner/find
INFO: [ app_begin ] --START--
INFO: Run Behavior\ReadHtmlCacheBehavior [ RunTime:0.001378s ]
INFO: [ app_begin ] --END-- [ RunTime:0.001969s ]
ERR: 非法操作:find

[ 2016-05-15T18:12:02+08:00 ] ::1 /xiangmu/TaoCiWang/index.php/Admin/AddType/find
INFO: [ app_begin ] --START--
INFO: Run Behavior\ReadHtmlCacheBehavior [ RunTime:0.000896s ]
INFO: [ app_begin ] --END-- [ RunTime:0.001352s ]
SQL: DESCRIBE taoci_type [ RunTime:0.002715s ]
SQL: SELECT * FROM `taoci_type` WHERE `pid` = 1  [ RunTime:0.000247s ]

[ 2016-05-15T18:12:12+08:00 ] ::1 /xiangmu/TaoCiWang/index.php/Admin/AddType/find
INFO: [ app_begin ] --START--
INFO: Run Behavior\ReadHtmlCacheBehavior [ RunTime:0.000584s ]
INFO: [ app_begin ] --END-- [ RunTime:0.000858s ]
SQL: DESCRIBE taoci_type [ RunTime:0.001777s ]
SQL: SELECT * FROM `taoci_type` WHERE `pid` = 1  [ RunTime:0.000199s ]

[ 2016-05-15T18:13:34+08:00 ] ::1 /xiangmu/TaoCiWang/index.php/Admin/AddType/find
INFO: [ app_begin ] --START--
INFO: Run Behavior\ReadHtmlCacheBehavior [ RunTime:0.000601s ]
INFO: [ app_begin ] --END-- [ RunTime:0.000873s ]
SQL: DESCRIBE taoci_type [ RunTime:0.002896s ]
SQL: SELECT * FROM `taoci_type` WHERE `pid` = 1  [ RunTime:0.000527s ]

[ 2016-05-15T18:13:50+08:00 ] ::1 /xiangmu/TaoCiWang/index.php/Admin/Banner/U(
ERR: 非法操作:U(

[ 2016-05-15T18:14:33+08:00 ] ::1 /xiangmu/TaoCiWang/index.php/Admin/Banner/U(
ERR: 非法操作:U(

[ 2016-05-15T18:14:51+08:00 ] ::1 /xiangmu/TaoCiWang/index.php/Admin/Banner/%7B:U(
ERR: 非法操作:{:U(

[ 2016-05-15T18:15:44+08:00 ] ::1 /xiangmu/TaoCiWang/index.php/Admin/Banner/list.html
ERR: 非法操作:list

[ 2016-05-15T18:18:32+08:00 ] ::1 /xiangmu/TaoCiWang/index.php/Admin/Banner/list.html
ERR: 非法操作:list

