[ 2016-05-03T00:00:22+08:00 ] ::1 /xiangmu/TaoCiWang/index.php/Admin/AddType/find
INFO: [ app_begin ] --START--
INFO: Run Behavior\ReadHtmlCacheBehavior [ RunTime:0.000905s ]
INFO: [ app_begin ] --END-- [ RunTime:0.001535s ]
SQL: DESCRIBE taoci_type [ RunTime:0.005360s ]
SQL: SELECT * FROM `taoci_type` WHERE `pid` = 4  [ RunTime:0.000414s ]
INFO: [ app_end ] --START--
INFO: Run Behavior\ShowPageTraceBehavior [ RunTime:0.001038s ]
INFO: [ app_end ] --END-- [ RunTime:0.001103s ]

[ 2016-05-03T00:06:23+08:00 ] ::1 /xiangmu/TaoCiWang/index.php/Admin/AddType/find
INFO: [ app_begin ] --START--
INFO: Run Behavior\ReadHtmlCacheBehavior [ RunTime:0.000974s ]
INFO: [ app_begin ] --END-- [ RunTime:0.001581s ]
SQL: DESCRIBE taoci_type [ RunTime:0.004600s ]
SQL: SELECT * FROM `taoci_type` WHERE `pid` = 4  [ RunTime:0.000358s ]
INFO: [ app_end ] --START--
INFO: Run Behavior\ShowPageTraceBehavior [ RunTime:0.001105s ]
INFO: [ app_end ] --END-- [ RunTime:0.001169s ]

[ 2016-05-03T00:08:25+08:00 ] ::1 /xiangmu/TaoCiWang/index.php/Admin/AddType/find
INFO: [ app_begin ] --START--
INFO: Run Behavior\ReadHtmlCacheBehavior [ RunTime:0.000911s ]
INFO: [ app_begin ] --END-- [ RunTime:0.001581s ]
SQL: DESCRIBE taoci_type [ RunTime:0.008452s ]
SQL: SELECT * FROM `taoci_type` WHERE `pid` = 4  [ RunTime:0.000440s ]
INFO: [ app_end ] --START--
INFO: Run Behavior\ShowPageTraceBehavior [ RunTime:0.001029s ]
INFO: [ app_end ] --END-- [ RunTime:0.001073s ]

[ 2016-05-03T00:09:25+08:00 ] ::1 /xiangmu/TaoCiWang/index.php/Admin/AddType/find
INFO: [ app_begin ] --START--
INFO: Run Behavior\ReadHtmlCacheBehavior [ RunTime:0.001623s ]
INFO: [ app_begin ] --END-- [ RunTime:0.002170s ]
SQL: DESCRIBE taoci_type [ RunTime:0.006117s ]
SQL: SELECT * FROM `taoci_type` WHERE `pid` = 4  [ RunTime:0.000529s ]
INFO: [ app_end ] --START--
INFO: Run Behavior\ShowPageTraceBehavior [ RunTime:0.001103s ]
INFO: [ app_end ] --END-- [ RunTime:0.001165s ]

[ 2016-05-03T00:10:23+08:00 ] ::1 /xiangmu/TaoCiWang/index.php/Admin/AddType/find
INFO: [ app_begin ] --START--
INFO: Run Behavior\ReadHtmlCacheBehavior [ RunTime:0.001220s ]
INFO: [ app_begin ] --END-- [ RunTime:0.002044s ]
SQL: DESCRIBE taoci_type [ RunTime:0.003879s ]
SQL: SELECT * FROM `taoci_type` WHERE `pid` = 4  [ RunTime:0.000338s ]
INFO: [ app_end ] --START--
INFO: Run Behavior\ShowPageTraceBehavior [ RunTime:0.000998s ]
INFO: [ app_end ] --END-- [ RunTime:0.001040s ]

[ 2016-05-03T00:13:24+08:00 ] ::1 /xiangmu/TaoCiWang/index.php/Admin/AddType/find
INFO: [ app_begin ] --START--
INFO: Run Behavior\ReadHtmlCacheBehavior [ RunTime:0.001411s ]
INFO: [ app_begin ] --END-- [ RunTime:0.002272s ]
SQL: DESCRIBE taoci_type [ RunTime:0.003719s ]
SQL: SELECT * FROM `taoci_type` WHERE `pid` = 4  [ RunTime:0.000316s ]
INFO: [ app_end ] --START--
INFO: Run Behavior\ShowPageTraceBehavior [ RunTime:0.000975s ]
INFO: [ app_end ] --END-- [ RunTime:0.001018s ]

[ 2016-05-03T00:14:33+08:00 ] ::1 /xiangmu/TaoCiWang/index.php/Admin/AddType/find
INFO: [ app_begin ] --START--
INFO: Run Behavior\ReadHtmlCacheBehavior [ RunTime:0.001237s ]
INFO: [ app_begin ] --END-- [ RunTime:0.001918s ]
SQL: DESCRIBE taoci_type [ RunTime:0.005273s ]
SQL: SELECT * FROM `taoci_type` WHERE `pid` = 4  [ RunTime:0.000420s ]
INFO: [ app_end ] --START--
INFO: Run Behavior\ShowPageTraceBehavior [ RunTime:0.001028s ]
INFO: [ app_end ] --END-- [ RunTime:0.001075s ]

[ 2016-05-03T00:19:52+08:00 ] ::1 /xiangmu/TaoCiWang/index.php/Admin/AddType/find
INFO: [ app_begin ] --START--
INFO: Run Behavior\ReadHtmlCacheBehavior [ RunTime:0.000931s ]
INFO: [ app_begin ] --END-- [ RunTime:0.001640s ]
SQL: DESCRIBE taoci_type [ RunTime:0.004333s ]
SQL: SELECT * FROM `taoci_type` WHERE `pid` = 4  [ RunTime:0.000320s ]

[ 2016-05-03T00:23:22+08:00 ] ::1 /xiangmu/TaoCiWang/index.php/Admin/AddType/find
INFO: [ app_begin ] --START--
INFO: Run Behavior\ReadHtmlCacheBehavior [ RunTime:0.001105s ]
INFO: [ app_begin ] --END-- [ RunTime:0.001651s ]
SQL: DESCRIBE taoci_type [ RunTime:0.005902s ]
SQL: SELECT * FROM `taoci_type` WHERE `pid` = 4  [ RunTime:0.000327s ]

[ 2016-05-03T00:25:33+08:00 ] ::1 /xiangmu/TaoCiWang/index.php/Admin/AddType/find
INFO: [ app_begin ] --START--
INFO: Run Behavior\ReadHtmlCacheBehavior [ RunTime:0.001155s ]
INFO: [ app_begin ] --END-- [ RunTime:0.001901s ]
SQL: DESCRIBE taoci_type [ RunTime:0.005750s ]
SQL: SELECT * FROM `taoci_type` WHERE `pid` = 4  [ RunTime:0.000624s ]

[ 2016-05-03T00:27:26+08:00 ] ::1 /xiangmu/TaoCiWang/index.php/Admin/AddType/find
INFO: [ app_begin ] --START--
INFO: Run Behavior\ReadHtmlCacheBehavior [ RunTime:0.001386s ]
INFO: [ app_begin ] --END-- [ RunTime:0.002327s ]
SQL: DESCRIBE taoci_type [ RunTime:0.005476s ]
SQL: SELECT * FROM `taoci_type` WHERE `pid` = 4  [ RunTime:0.000351s ]

[ 2016-05-03T00:28:48+08:00 ] ::1 /xiangmu/TaoCiWang/index.php/Admin/AddType/find
INFO: [ app_begin ] --START--
INFO: Run Behavior\ReadHtmlCacheBehavior [ RunTime:0.000768s ]
INFO: [ app_begin ] --END-- [ RunTime:0.001355s ]
SQL: DESCRIBE taoci_type [ RunTime:0.004590s ]
SQL: SELECT * FROM `taoci_type` WHERE `pid` = 4  [ RunTime:0.000374s ]

[ 2016-05-03T00:30:24+08:00 ] ::1 /xiangmu/TaoCiWang/index.php/Admin/AddType/find
INFO: [ app_begin ] --START--
INFO: Run Behavior\ReadHtmlCacheBehavior [ RunTime:0.001508s ]
INFO: [ app_begin ] --END-- [ RunTime:0.002260s ]
SQL: DESCRIBE taoci_type [ RunTime:0.004223s ]
SQL: SELECT * FROM `taoci_type` WHERE `pid` = 4  [ RunTime:0.000332s ]

[ 2016-05-03T00:30:28+08:00 ] ::1 /xiangmu/TaoCiWang/index.php/Admin/AddType/find
INFO: [ app_begin ] --START--
INFO: Run Behavior\ReadHtmlCacheBehavior [ RunTime:0.000871s ]
INFO: [ app_begin ] --END-- [ RunTime:0.001378s ]
SQL: DESCRIBE taoci_type [ RunTime:0.006114s ]
SQL: SELECT * FROM `taoci_type` WHERE `pid` = 1  [ RunTime:0.000518s ]

[ 2016-05-03T00:30:41+08:00 ] ::1 /xiangmu/TaoCiWang/index.php/Admin/AddType/find
INFO: [ app_begin ] --START--
INFO: Run Behavior\ReadHtmlCacheBehavior [ RunTime:0.000843s ]
INFO: [ app_begin ] --END-- [ RunTime:0.001364s ]
SQL: DESCRIBE taoci_type [ RunTime:0.006067s ]
SQL: SELECT * FROM `taoci_type` WHERE `pid` = 4  [ RunTime:0.000402s ]

[ 2016-05-03T00:32:36+08:00 ] ::1 /xiangmu/TaoCiWang/index.php/Admin/AddType/find
INFO: [ app_begin ] --START--
INFO: Run Behavior\ReadHtmlCacheBehavior [ RunTime:0.001271s ]
INFO: [ app_begin ] --END-- [ RunTime:0.001888s ]
SQL: DESCRIBE taoci_type [ RunTime:0.004873s ]
SQL: SELECT * FROM `taoci_type` WHERE `pid` = 1  [ RunTime:0.000397s ]

[ 2016-05-03T00:34:15+08:00 ] ::1 /xiangmu/TaoCiWang/index.php/Admin/AddType/find
INFO: [ app_begin ] --START--
INFO: Run Behavior\ReadHtmlCacheBehavior [ RunTime:0.000950s ]
INFO: [ app_begin ] --END-- [ RunTime:0.001521s ]
SQL: DESCRIBE taoci_type [ RunTime:0.005825s ]
SQL: SELECT * FROM `taoci_type` WHERE `pid` = 4  [ RunTime:0.000371s ]

[ 2016-05-03T00:34:18+08:00 ] ::1 /xiangmu/TaoCiWang/index.php/Admin/AddType/find
INFO: [ app_begin ] --START--
INFO: Run Behavior\ReadHtmlCacheBehavior [ RunTime:0.000884s ]
INFO: [ app_begin ] --END-- [ RunTime:0.002281s ]
SQL: DESCRIBE taoci_type [ RunTime:0.007203s ]
SQL: SELECT * FROM `taoci_type` WHERE `pid` = 1  [ RunTime:0.033886s ]

[ 2016-05-03T00:34:23+08:00 ] ::1 /xiangmu/TaoCiWang/index.php/Admin/AddType/find
INFO: [ app_begin ] --START--
INFO: Run Behavior\ReadHtmlCacheBehavior [ RunTime:0.000861s ]
INFO: [ app_begin ] --END-- [ RunTime:0.001471s ]
SQL: DESCRIBE taoci_type [ RunTime:0.005516s ]
SQL: SELECT * FROM `taoci_type` WHERE `pid` = 4  [ RunTime:0.000741s ]

[ 2016-05-03T00:34:40+08:00 ] ::1 /xiangmu/TaoCiWang/index.php/Admin/AddType/find
INFO: [ app_begin ] --START--
INFO: Run Behavior\ReadHtmlCacheBehavior [ RunTime:0.001136s ]
INFO: [ app_begin ] --END-- [ RunTime:0.001839s ]
SQL: DESCRIBE taoci_type [ RunTime:0.004968s ]
SQL: SELECT * FROM `taoci_type` WHERE `pid` = 4  [ RunTime:0.000405s ]

[ 2016-05-03T00:34:50+08:00 ] ::1 /xiangmu/TaoCiWang/index.php/Admin/AddType/find
INFO: [ app_begin ] --START--
INFO: Run Behavior\ReadHtmlCacheBehavior [ RunTime:0.000900s ]
INFO: [ app_begin ] --END-- [ RunTime:0.001530s ]
SQL: DESCRIBE taoci_type [ RunTime:0.004423s ]
SQL: SELECT * FROM `taoci_type` WHERE `pid` = 1  [ RunTime:0.000375s ]

[ 2016-05-03T00:36:14+08:00 ] ::1 /xiangmu/TaoCiWang/index.php/Admin/AddType/find
INFO: [ app_begin ] --START--
INFO: Run Behavior\ReadHtmlCacheBehavior [ RunTime:0.001201s ]
INFO: [ app_begin ] --END-- [ RunTime:0.002546s ]
SQL: DESCRIBE taoci_type [ RunTime:0.003960s ]
SQL: SELECT * FROM `taoci_type` WHERE `pid` = 1  [ RunTime:0.000340s ]

[ 2016-05-03T00:36:19+08:00 ] ::1 /xiangmu/TaoCiWang/index.php/Admin/AddType/find
INFO: [ app_begin ] --START--
INFO: Run Behavior\ReadHtmlCacheBehavior [ RunTime:0.001175s ]
INFO: [ app_begin ] --END-- [ RunTime:0.001811s ]
SQL: DESCRIBE taoci_type [ RunTime:0.004700s ]
SQL: SELECT * FROM `taoci_type` WHERE `pid` = 0  [ RunTime:0.000362s ]

[ 2016-05-03T00:36:32+08:00 ] ::1 /xiangmu/TaoCiWang/index.php/Admin/AddType/find
INFO: [ app_begin ] --START--
INFO: Run Behavior\ReadHtmlCacheBehavior [ RunTime:0.000921s ]
INFO: [ app_begin ] --END-- [ RunTime:0.001487s ]
SQL: DESCRIBE taoci_type [ RunTime:0.004891s ]
SQL: SELECT * FROM `taoci_type` WHERE `pid` = 1  [ RunTime:0.000356s ]

[ 2016-05-03T00:36:36+08:00 ] ::1 /xiangmu/TaoCiWang/index.php/Admin/AddType/find
INFO: [ app_begin ] --START--
INFO: Run Behavior\ReadHtmlCacheBehavior [ RunTime:0.000874s ]
INFO: [ app_begin ] --END-- [ RunTime:0.001629s ]
SQL: DESCRIBE taoci_type [ RunTime:0.004639s ]
SQL: SELECT * FROM `taoci_type` WHERE `pid` = 0  [ RunTime:0.000483s ]

[ 2016-05-03T00:37:11+08:00 ] ::1 /xiangmu/TaoCiWang/index.php/Admin/AddType/find
INFO: [ app_begin ] --START--
INFO: Run Behavior\ReadHtmlCacheBehavior [ RunTime:0.001578s ]
INFO: [ app_begin ] --END-- [ RunTime:0.002934s ]
SQL: DESCRIBE taoci_type [ RunTime:0.004080s ]
SQL: SELECT * FROM `taoci_type` WHERE `pid` = 4  [ RunTime:0.000343s ]

[ 2016-05-03T00:37:13+08:00 ] ::1 /xiangmu/TaoCiWang/index.php/Admin/AddType/find
INFO: [ app_begin ] --START--
INFO: Run Behavior\ReadHtmlCacheBehavior [ RunTime:0.000927s ]
INFO: [ app_begin ] --END-- [ RunTime:0.001399s ]
SQL: DESCRIBE taoci_type [ RunTime:0.004378s ]
SQL: SELECT * FROM `taoci_type` WHERE `pid` = 1  [ RunTime:0.000367s ]

[ 2016-05-03T00:37:31+08:00 ] ::1 /xiangmu/TaoCiWang/index.php/Admin/AddType/find
INFO: [ app_begin ] --START--
INFO: Run Behavior\ReadHtmlCacheBehavior [ RunTime:0.000942s ]
INFO: [ app_begin ] --END-- [ RunTime:0.001463s ]
SQL: DESCRIBE taoci_type [ RunTime:0.004255s ]
SQL: SELECT * FROM `taoci_type` WHERE `pid` = 4  [ RunTime:0.000497s ]

[ 2016-05-03T00:37:32+08:00 ] ::1 /xiangmu/TaoCiWang/index.php/Admin/AddType/find
INFO: [ app_begin ] --START--
INFO: Run Behavior\ReadHtmlCacheBehavior [ RunTime:0.001177s ]
INFO: [ app_begin ] --END-- [ RunTime:0.001989s ]
SQL: DESCRIBE taoci_type [ RunTime:0.004524s ]
SQL: SELECT * FROM `taoci_type` WHERE `pid` = 1  [ RunTime:0.000367s ]

[ 2016-05-03T00:37:38+08:00 ] ::1 /xiangmu/TaoCiWang/index.php/Admin/AddType/find
INFO: [ app_begin ] --START--
INFO: Run Behavior\ReadHtmlCacheBehavior [ RunTime:0.001245s ]
INFO: [ app_begin ] --END-- [ RunTime:0.001845s ]
SQL: DESCRIBE taoci_type [ RunTime:0.004768s ]
SQL: SELECT * FROM `taoci_type` WHERE `pid` = 4  [ RunTime:0.000779s ]

[ 2016-05-03T00:38:01+08:00 ] ::1 /xiangmu/TaoCiWang/index.php/Admin/AddType/find
INFO: [ app_begin ] --START--
INFO: Run Behavior\ReadHtmlCacheBehavior [ RunTime:0.001392s ]
INFO: [ app_begin ] --END-- [ RunTime:0.002348s ]
SQL: DESCRIBE taoci_type [ RunTime:0.004527s ]
SQL: SELECT * FROM `taoci_type` WHERE `pid` = 4  [ RunTime:0.000388s ]

[ 2016-05-03T00:38:07+08:00 ] ::1 /xiangmu/TaoCiWang/index.php/Admin/AddType/find
INFO: [ app_begin ] --START--
INFO: Run Behavior\ReadHtmlCacheBehavior [ RunTime:0.000773s ]
INFO: [ app_begin ] --END-- [ RunTime:0.001347s ]
SQL: DESCRIBE taoci_type [ RunTime:0.004584s ]
SQL: SELECT * FROM `taoci_type` WHERE `pid` = 1  [ RunTime:0.000387s ]

[ 2016-05-03T00:38:13+08:00 ] ::1 /xiangmu/TaoCiWang/index.php/Admin/AddType/find
INFO: [ app_begin ] --START--
INFO: Run Behavior\ReadHtmlCacheBehavior [ RunTime:0.000805s ]
INFO: [ app_begin ] --END-- [ RunTime:0.001347s ]
SQL: DESCRIBE taoci_type [ RunTime:0.004131s ]
SQL: SELECT * FROM `taoci_type` WHERE `pid` = 4  [ RunTime:0.000407s ]

[ 2016-05-03T00:38:14+08:00 ] ::1 /xiangmu/TaoCiWang/index.php/Admin/AddType/find
INFO: [ app_begin ] --START--
INFO: Run Behavior\ReadHtmlCacheBehavior [ RunTime:0.000735s ]
INFO: [ app_begin ] --END-- [ RunTime:0.001306s ]
SQL: DESCRIBE taoci_type [ RunTime:0.005745s ]
SQL: SELECT * FROM `taoci_type` WHERE `pid` = 1  [ RunTime:0.000739s ]

[ 2016-05-03T21:26:46+08:00 ] ::1 /xiangmu/TaoCiWang/index.php/Admin/AddType/find
INFO: [ app_begin ] --START--
INFO: Run Behavior\ReadHtmlCacheBehavior [ RunTime:0.001009s ]
INFO: [ app_begin ] --END-- [ RunTime:0.002042s ]
SQL: DESCRIBE taoci_type [ RunTime:0.003771s ]
SQL: SELECT * FROM `taoci_type` WHERE `pid` = 4  [ RunTime:0.000388s ]

[ 2016-05-03T21:26:51+08:00 ] ::1 /xiangmu/TaoCiWang/index.php/Admin/AddType/find
INFO: [ app_begin ] --START--
INFO: Run Behavior\ReadHtmlCacheBehavior [ RunTime:0.001314s ]
INFO: [ app_begin ] --END-- [ RunTime:0.002014s ]
SQL: DESCRIBE taoci_type [ RunTime:0.004045s ]
SQL: SELECT * FROM `taoci_type` WHERE `pid` = 1  [ RunTime:0.000298s ]

[ 2016-05-03T21:37:59+08:00 ] ::1 /xiangmu/TaoCiWang/index.php/Admin/AddType/find
INFO: [ app_begin ] --START--
INFO: Run Behavior\ReadHtmlCacheBehavior [ RunTime:0.001282s ]
INFO: [ app_begin ] --END-- [ RunTime:0.002114s ]
SQL: DESCRIBE taoci_type [ RunTime:0.004292s ]
SQL: SELECT * FROM `taoci_type` WHERE `pid` = 4  [ RunTime:0.000378s ]

[ 2016-05-03T21:45:51+08:00 ] ::1 /xiangmu/TaoCiWang/index.php/Admin/AddType/find
INFO: [ app_begin ] --START--
INFO: Run Behavior\ReadHtmlCacheBehavior [ RunTime:0.001035s ]
INFO: [ app_begin ] --END-- [ RunTime:0.001771s ]
SQL: DESCRIBE taoci_type [ RunTime:0.004015s ]
SQL: SELECT * FROM `taoci_type` WHERE `pid` = 4  [ RunTime:0.000748s ]

[ 2016-05-03T21:45:54+08:00 ] ::1 /xiangmu/TaoCiWang/index.php/Admin/AddType/find
INFO: [ app_begin ] --START--
INFO: Run Behavior\ReadHtmlCacheBehavior [ RunTime:0.000699s ]
INFO: [ app_begin ] --END-- [ RunTime:0.001144s ]
SQL: DESCRIBE taoci_type [ RunTime:0.003292s ]
SQL: SELECT * FROM `taoci_type` WHERE `pid` = 1  [ RunTime:0.000354s ]

[ 2016-05-03T21:45:59+08:00 ] ::1 /xiangmu/TaoCiWang/index.php/Admin/AddType/find
INFO: [ app_begin ] --START--
INFO: Run Behavior\ReadHtmlCacheBehavior [ RunTime:0.000881s ]
INFO: [ app_begin ] --END-- [ RunTime:0.001554s ]
SQL: DESCRIBE taoci_type [ RunTime:0.004983s ]
SQL: SELECT * FROM `taoci_type` WHERE `pid` = 4  [ RunTime:0.000597s ]

[ 2016-05-03T22:08:27+08:00 ] ::1 /xiangmu/TaoCiWang/index.php/Admin/AddType/find
INFO: [ app_begin ] --START--
INFO: Run Behavior\ReadHtmlCacheBehavior [ RunTime:0.001043s ]
INFO: [ app_begin ] --END-- [ RunTime:0.001721s ]
SQL: DESCRIBE taoci_type [ RunTime:0.003664s ]
SQL: SELECT * FROM `taoci_type` WHERE `pid` = 4  [ RunTime:0.000324s ]

[ 2016-05-03T22:08:30+08:00 ] ::1 /xiangmu/TaoCiWang/index.php/Admin/AddType/find
INFO: [ app_begin ] --START--
INFO: Run Behavior\ReadHtmlCacheBehavior [ RunTime:0.000733s ]
INFO: [ app_begin ] --END-- [ RunTime:0.001180s ]
SQL: DESCRIBE taoci_type [ RunTime:0.003975s ]
SQL: SELECT * FROM `taoci_type` WHERE `pid` = 1  [ RunTime:0.000333s ]

[ 2016-05-03T22:09:42+08:00 ] ::1 /xiangmu/TaoCiWang/index.php/Admin/AddType/find
INFO: [ app_begin ] --START--
INFO: Run Behavior\ReadHtmlCacheBehavior [ RunTime:0.000991s ]
INFO: [ app_begin ] --END-- [ RunTime:0.001634s ]
SQL: DESCRIBE taoci_type [ RunTime:0.003390s ]
SQL: SELECT * FROM `taoci_type` WHERE `pid` = 4  [ RunTime:0.000317s ]

[ 2016-05-03T22:39:59+08:00 ] ::1 /xiangmu/TaoCiWang/index.php/Admin/AddType/find
INFO: [ app_begin ] --START--
INFO: Run Behavior\ReadHtmlCacheBehavior [ RunTime:0.001465s ]
INFO: [ app_begin ] --END-- [ RunTime:0.002950s ]
SQL: DESCRIBE taoci_type [ RunTime:0.004603s ]
SQL: SELECT * FROM `taoci_type` WHERE `pid` = 1  [ RunTime:0.000529s ]

[ 2016-05-03T22:40:05+08:00 ] ::1 /xiangmu/TaoCiWang/index.php/Admin/AddType/find
INFO: [ app_begin ] --START--
INFO: Run Behavior\ReadHtmlCacheBehavior [ RunTime:0.001442s ]
INFO: [ app_begin ] --END-- [ RunTime:0.002788s ]
SQL: DESCRIBE taoci_type [ RunTime:0.004688s ]
SQL: SELECT * FROM `taoci_type` WHERE `pid` = 4  [ RunTime:0.000368s ]

[ 2016-05-03T22:40:25+08:00 ] ::1 /xiangmu/TaoCiWang/index.php/Admin/AddType/find
INFO: [ app_begin ] --START--
INFO: Run Behavior\ReadHtmlCacheBehavior [ RunTime:0.002250s ]
INFO: [ app_begin ] --END-- [ RunTime:0.003776s ]
SQL: DESCRIBE taoci_type [ RunTime:0.006128s ]
SQL: SELECT * FROM `taoci_type` WHERE `pid` = 1  [ RunTime:0.000633s ]

[ 2016-05-03T22:41:50+08:00 ] ::1 /xiangmu/TaoCiWang/index.php/Admin/AddType/find
INFO: [ app_begin ] --START--
INFO: Run Behavior\ReadHtmlCacheBehavior [ RunTime:0.002474s ]
INFO: [ app_begin ] --END-- [ RunTime:0.003324s ]
SQL: DESCRIBE taoci_type [ RunTime:0.006161s ]
SQL: SELECT * FROM `taoci_type` WHERE `pid` = 1  [ RunTime:0.000652s ]

[ 2016-05-03T22:51:18+08:00 ] ::1 /xiangmu/TaoCiWang/index.php/Admin/AddType/find
INFO: [ app_begin ] --START--
INFO: Run Behavior\ReadHtmlCacheBehavior [ RunTime:0.001499s ]
INFO: [ app_begin ] --END-- [ RunTime:0.002358s ]
SQL: DESCRIBE taoci_type [ RunTime:0.003835s ]
SQL: SELECT * FROM `taoci_type` WHERE `pid` = 1  [ RunTime:0.000393s ]

[ 2016-05-03T22:51:19+08:00 ] ::1 /xiangmu/TaoCiWang/index.php/Admin/AddType/find
INFO: [ app_begin ] --START--
INFO: Run Behavior\ReadHtmlCacheBehavior [ RunTime:0.001327s ]
INFO: [ app_begin ] --END-- [ RunTime:0.002178s ]
SQL: DESCRIBE taoci_type [ RunTime:0.004389s ]
SQL: SELECT * FROM `taoci_type` WHERE `pid` = 1  [ RunTime:0.006240s ]

[ 2016-05-03T22:51:59+08:00 ] ::1 /xiangmu/TaoCiWang/index.php/Admin/AddType/find
INFO: [ app_begin ] --START--
INFO: Run Behavior\ReadHtmlCacheBehavior [ RunTime:0.000801s ]
INFO: [ app_begin ] --END-- [ RunTime:0.001668s ]
SQL: DESCRIBE taoci_type [ RunTime:0.003641s ]
SQL: SELECT * FROM `taoci_type` WHERE `pid` = 4  [ RunTime:0.000392s ]

[ 2016-05-03T22:52:29+08:00 ] ::1 /xiangmu/TaoCiWang/index.php/Admin/AddType/find
INFO: [ app_begin ] --START--
INFO: Run Behavior\ReadHtmlCacheBehavior [ RunTime:0.001451s ]
INFO: [ app_begin ] --END-- [ RunTime:0.002346s ]
SQL: DESCRIBE taoci_type [ RunTime:0.004023s ]
SQL: SELECT * FROM `taoci_type` WHERE `pid` = 1  [ RunTime:0.000364s ]

[ 2016-05-03T22:53:26+08:00 ] ::1 /xiangmu/TaoCiWang/index.php/Admin/AddType/find
INFO: [ app_begin ] --START--
INFO: Run Behavior\ReadHtmlCacheBehavior [ RunTime:0.001129s ]
INFO: [ app_begin ] --END-- [ RunTime:0.001914s ]
SQL: DESCRIBE taoci_type [ RunTime:0.008863s ]
SQL: SELECT * FROM `taoci_type` WHERE `pid` = 1  [ RunTime:0.000539s ]

[ 2016-05-03T22:54:41+08:00 ] ::1 /xiangmu/TaoCiWang/index.php/Admin/AddType/find
INFO: [ app_begin ] --START--
INFO: Run Behavior\ReadHtmlCacheBehavior [ RunTime:0.000931s ]
INFO: [ app_begin ] --END-- [ RunTime:0.001441s ]
SQL: DESCRIBE taoci_type [ RunTime:0.003987s ]
SQL: SELECT * FROM `taoci_type` WHERE `pid` = 1  [ RunTime:0.000436s ]

[ 2016-05-03T22:54:49+08:00 ] ::1 /xiangmu/TaoCiWang/index.php/Admin/AddType/find
INFO: [ app_begin ] --START--
INFO: Run Behavior\ReadHtmlCacheBehavior [ RunTime:0.000763s ]
INFO: [ app_begin ] --END-- [ RunTime:0.001268s ]
SQL: DESCRIBE taoci_type [ RunTime:0.004521s ]
SQL: SELECT * FROM `taoci_type` WHERE `pid` = 4  [ RunTime:0.000371s ]

[ 2016-05-03T22:54:56+08:00 ] ::1 /xiangmu/TaoCiWang/index.php/Admin/AddType/find
INFO: [ app_begin ] --START--
INFO: Run Behavior\ReadHtmlCacheBehavior [ RunTime:0.001658s ]
INFO: [ app_begin ] --END-- [ RunTime:0.003185s ]
SQL: DESCRIBE taoci_type [ RunTime:0.007398s ]
SQL: SELECT * FROM `taoci_type` WHERE `pid` = 4  [ RunTime:0.000371s ]

[ 2016-05-03T22:55:52+08:00 ] ::1 /xiangmu/TaoCiWang/index.php/Admin/AddType/find
INFO: [ app_begin ] --START--
INFO: Run Behavior\ReadHtmlCacheBehavior [ RunTime:0.001794s ]
INFO: [ app_begin ] --END-- [ RunTime:0.003396s ]
SQL: DESCRIBE taoci_type [ RunTime:0.004627s ]
SQL: SELECT * FROM `taoci_type` WHERE `pid` = 1  [ RunTime:0.000376s ]

[ 2016-05-03T22:58:18+08:00 ] ::1 /xiangmu/TaoCiWang/index.php/Admin/AddType/find
INFO: [ app_begin ] --START--
INFO: Run Behavior\ReadHtmlCacheBehavior [ RunTime:0.001540s ]
INFO: [ app_begin ] --END-- [ RunTime:0.002712s ]
SQL: DESCRIBE taoci_type [ RunTime:0.007303s ]
SQL: SELECT * FROM `taoci_type` WHERE `pid` = 1  [ RunTime:0.000403s ]

[ 2016-05-03T22:58:21+08:00 ] ::1 /xiangmu/TaoCiWang/index.php/Admin/AddType/find
INFO: [ app_begin ] --START--
INFO: Run Behavior\ReadHtmlCacheBehavior [ RunTime:0.001327s ]
INFO: [ app_begin ] --END-- [ RunTime:0.002750s ]
SQL: DESCRIBE taoci_type [ RunTime:0.004735s ]
SQL: SELECT * FROM `taoci_type` WHERE `pid` = 1  [ RunTime:0.000458s ]

