[ 2016-05-17T09:18:13+08:00 ] ::1 /xiangmu/TaoCiWang/index.php/Home/Newgoods/%E7%BA%A2%E7%8E%AB%E7%91%B0%E9%99%B6%E7%93%B7%E5%95%86%E5%9F%8E_files/17862029.js
ERR: 非法操作:红玫瑰陶瓷商城_files

[ 2016-05-17T09:18:29+08:00 ] ::1 /xiangmu/TaoCiWang/index.php/Home/Hot/%E7%BA%A2%E7%8E%AB%E7%91%B0%E9%99%B6%E7%93%B7%E5%95%86%E5%9F%8E_files/17862029.js
ERR: 非法操作:红玫瑰陶瓷商城_files

[ 2016-05-17T09:18:38+08:00 ] ::1 /xiangmu/TaoCiWang/index.php/Home/Special/%E7%BA%A2%E7%8E%AB%E7%91%B0%E9%99%B6%E7%93%B7%E5%95%86%E5%9F%8E_files/17862029.js
ERR: 非法操作:红玫瑰陶瓷商城_files

[ 2016-05-17T09:20:11+08:00 ] ::1 /xiangmu/TaoCiWang/index.php/Home/Special/%E7%BA%A2%E7%8E%AB%E7%91%B0%E9%99%B6%E7%93%B7%E5%95%86%E5%9F%8E_files/17862029.js
ERR: 非法操作:红玫瑰陶瓷商城_files

[ 2016-05-17T09:20:17+08:00 ] ::1 /xiangmu/TaoCiWang/index.php/Home/Special/%E7%BA%A2%E7%8E%AB%E7%91%B0%E9%99%B6%E7%93%B7%E5%95%86%E5%9F%8E_files/17862029.js
ERR: 非法操作:红玫瑰陶瓷商城_files

[ 2016-05-17T09:22:19+08:00 ] ::1 /xiangmu/TaoCiWang/index.php/Home/Special/%E7%BA%A2%E7%8E%AB%E7%91%B0%E9%99%B6%E7%93%B7%E5%95%86%E5%9F%8E_files/17862029.js
ERR: 非法操作:红玫瑰陶瓷商城_files

[ 2016-05-17T09:22:22+08:00 ] ::1 /xiangmu/TaoCiWang/index.php/Home/GoodsList/%E7%BA%A2%E7%8E%AB%E7%91%B0%E9%99%B6%E7%93%B7%E5%95%86%E5%9F%8E_files/17862029.js
ERR: 非法操作:红玫瑰陶瓷商城_files

[ 2016-05-17T09:22:38+08:00 ] ::1 /xiangmu/TaoCiWang/index.php/Home/GoodsList/%E7%BA%A2%E7%8E%AB%E7%91%B0%E9%99%B6%E7%93%B7%E5%95%86%E5%9F%8E_files/17862029.js
ERR: 非法操作:红玫瑰陶瓷商城_files

[ 2016-05-17T09:23:15+08:00 ] ::1 /xiangmu/TaoCiWang/index.php/Home/GoodsList/%E7%BA%A2%E7%8E%AB%E7%91%B0%E9%99%B6%E7%93%B7%E5%95%86%E5%9F%8E_files/17862029.js
ERR: 非法操作:红玫瑰陶瓷商城_files

[ 2016-05-17T09:23:20+08:00 ] ::1 /xiangmu/TaoCiWang/index.php/Home/GoodsList/%E7%BA%A2%E7%8E%AB%E7%91%B0%E9%99%B6%E7%93%B7%E5%95%86%E5%9F%8E_files/17862029.js
ERR: 非法操作:红玫瑰陶瓷商城_files

[ 2016-05-17T09:23:25+08:00 ] ::1 /xiangmu/TaoCiWang/index.php/Home/GoodsList/%E7%BA%A2%E7%8E%AB%E7%91%B0%E9%99%B6%E7%93%B7%E5%95%86%E5%9F%8E_files/17862029.js
ERR: 非法操作:红玫瑰陶瓷商城_files

[ 2016-05-17T09:23:36+08:00 ] ::1 /xiangmu/TaoCiWang/index.php/Home/Index/%E7%BA%A2%E7%8E%AB%E7%91%B0%E9%99%B6%E7%93%B7%E5%95%86%E5%9F%8E_files/17862029.js
ERR: 非法操作:红玫瑰陶瓷商城_files

[ 2016-05-17T09:23:40+08:00 ] ::1 /xiangmu/TaoCiWang/index.php/Home/GoodsList/%E7%BA%A2%E7%8E%AB%E7%91%B0%E9%99%B6%E7%93%B7%E5%95%86%E5%9F%8E_files/17862029.js
ERR: 非法操作:红玫瑰陶瓷商城_files

[ 2016-05-17T09:23:46+08:00 ] ::1 /xiangmu/TaoCiWang/index.php/Home/GoodsList/%E7%BA%A2%E7%8E%AB%E7%91%B0%E9%99%B6%E7%93%B7%E5%95%86%E5%9F%8E_files/17862029.js
ERR: 非法操作:红玫瑰陶瓷商城_files

[ 2016-05-17T09:23:54+08:00 ] ::1 /xiangmu/TaoCiWang/index.php/Home/GoodsList/%E7%BA%A2%E7%8E%AB%E7%91%B0%E9%99%B6%E7%93%B7%E5%95%86%E5%9F%8E_files/17862029.js
ERR: 非法操作:红玫瑰陶瓷商城_files

[ 2016-05-17T09:23:58+08:00 ] ::1 /xiangmu/TaoCiWang/index.php/Home/GoodsList/%E7%BA%A2%E7%8E%AB%E7%91%B0%E9%99%B6%E7%93%B7%E5%95%86%E5%9F%8E_files/17862029.js
ERR: 非法操作:红玫瑰陶瓷商城_files

[ 2016-05-17T09:24:20+08:00 ] ::1 /xiangmu/TaoCiWang/index.php/Home/GoodsList/%E7%BA%A2%E7%8E%AB%E7%91%B0%E9%99%B6%E7%93%B7%E5%95%86%E5%9F%8E_files/17862029.js
ERR: 非法操作:红玫瑰陶瓷商城_files

[ 2016-05-17T09:24:24+08:00 ] ::1 /xiangmu/TaoCiWang/index.php/Home/GoodsList/%E7%BA%A2%E7%8E%AB%E7%91%B0%E9%99%B6%E7%93%B7%E5%95%86%E5%9F%8E_files/17862029.js
ERR: 非法操作:红玫瑰陶瓷商城_files

[ 2016-05-17T09:24:28+08:00 ] ::1 /xiangmu/TaoCiWang/index.php/Home/Promotion/%E7%BA%A2%E7%8E%AB%E7%91%B0%E9%99%B6%E7%93%B7%E5%95%86%E5%9F%8E_files/17862029.js
ERR: 非法操作:红玫瑰陶瓷商城_files

[ 2016-05-17T09:24:32+08:00 ] ::1 /xiangmu/TaoCiWang/index.php/Home/Hot/%E7%BA%A2%E7%8E%AB%E7%91%B0%E9%99%B6%E7%93%B7%E5%95%86%E5%9F%8E_files/17862029.js
ERR: 非法操作:红玫瑰陶瓷商城_files

[ 2016-05-17T09:24:34+08:00 ] ::1 /xiangmu/TaoCiWang/index.php/Home/Special/%E7%BA%A2%E7%8E%AB%E7%91%B0%E9%99%B6%E7%93%B7%E5%95%86%E5%9F%8E_files/17862029.js
ERR: 非法操作:红玫瑰陶瓷商城_files

[ 2016-05-17T09:24:37+08:00 ] ::1 /xiangmu/TaoCiWang/index.php/Home/Newgoods/%E7%BA%A2%E7%8E%AB%E7%91%B0%E9%99%B6%E7%93%B7%E5%95%86%E5%9F%8E_files/17862029.js
ERR: 非法操作:红玫瑰陶瓷商城_files

[ 2016-05-17T09:24:39+08:00 ] ::1 /xiangmu/TaoCiWang/index.php/Home/GoodsList/%E7%BA%A2%E7%8E%AB%E7%91%B0%E9%99%B6%E7%93%B7%E5%95%86%E5%9F%8E_files/17862029.js
ERR: 非法操作:红玫瑰陶瓷商城_files

[ 2016-05-17T09:24:44+08:00 ] ::1 /xiangmu/TaoCiWang/index.php/Home/Index/shop.html
INFO: [ app_begin ] --START--
INFO: Run Behavior\ReadHtmlCacheBehavior [ RunTime:0.000604s ]
INFO: [ app_begin ] --END-- [ RunTime:0.000996s ]

[ 2016-05-17T09:24:44+08:00 ] ::1 /xiangmu/TaoCiWang/index.php/Home/Login/%E7%BA%A2%E7%8E%AB%E7%91%B0%E9%99%B6%E7%93%B7%E5%95%86%E5%9F%8E_files/17862029.js
ERR: 非法操作:红玫瑰陶瓷商城_files

[ 2016-05-17T09:24:51+08:00 ] ::1 /xiangmu/TaoCiWang/index.php/Home/Login/check.html
INFO: [ app_begin ] --START--
INFO: Run Behavior\ReadHtmlCacheBehavior [ RunTime:0.000418s ]
INFO: [ app_begin ] --END-- [ RunTime:0.000675s ]
SQL: DESCRIBE taoci_user [ RunTime:0.033468s ]
SQL: SELECT * FROM `taoci_user` WHERE `username` = 'liushuaicai' LIMIT 1   [ RunTime:0.000250s ]
INFO: [ app_end ] --START--
INFO: Run Behavior\ShowPageTraceBehavior [ RunTime:0.000889s ]
INFO: [ app_end ] --END-- [ RunTime:0.000920s ]

[ 2016-05-17T09:24:57+08:00 ] ::1 /xiangmu/TaoCiWang/index.php/Home/Login/password.html
INFO: [ app_begin ] --START--
INFO: Run Behavior\ReadHtmlCacheBehavior [ RunTime:0.000645s ]
INFO: [ app_begin ] --END-- [ RunTime:0.001043s ]
SQL: DESCRIBE taoci_user [ RunTime:0.008087s ]
SQL: SELECT `password` FROM `taoci_user` WHERE `username` = 'liushuaicai' LIMIT 1   [ RunTime:0.000799s ]
INFO: [ app_end ] --START--
INFO: Run Behavior\ShowPageTraceBehavior [ RunTime:0.003838s ]
INFO: [ app_end ] --END-- [ RunTime:0.003963s ]

[ 2016-05-17T09:25:00+08:00 ] ::1 /xiangmu/TaoCiWang/index.php/Home/Index/%E7%BA%A2%E7%8E%AB%E7%91%B0%E9%99%B6%E7%93%B7%E5%95%86%E5%9F%8E_files/17862029.js
ERR: 非法操作:红玫瑰陶瓷商城_files

[ 2016-05-17T09:25:51+08:00 ] ::1 /xiangmu/TaoCiWang/index.php/Home/Index/%E7%BA%A2%E7%8E%AB%E7%91%B0%E9%99%B6%E7%93%B7%E5%95%86%E5%9F%8E_files/17862029.js
ERR: 非法操作:红玫瑰陶瓷商城_files

[ 2016-05-17T09:25:52+08:00 ] ::1 /xiangmu/TaoCiWang/index.php/Home/Person/person.html
ERR: 非法操作:person

[ 2016-05-17T09:26:13+08:00 ] ::1 /xiangmu/TaoCiWang/index.php/Home/Person/person.html
ERR: 非法操作:person

[ 2016-05-17T09:26:17+08:00 ] ::1 /xiangmu/TaoCiWang/index.php/Home/Index/%E7%BA%A2%E7%8E%AB%E7%91%B0%E9%99%B6%E7%93%B7%E5%95%86%E5%9F%8E_files/17862029.js
ERR: 非法操作:红玫瑰陶瓷商城_files

[ 2016-05-17T09:26:19+08:00 ] ::1 /xiangmu/TaoCiWang/index.php/Home/Person/%E7%BA%A2%E7%8E%AB%E7%91%B0%E9%99%B6%E7%93%B7%E5%95%86%E5%9F%8E_files/17862029.js
ERR: 非法操作:红玫瑰陶瓷商城_files

[ 2016-05-17T09:26:26+08:00 ] ::1 /xiangmu/TaoCiWang/index.php/Home/Person/%E7%BA%A2%E7%8E%AB%E7%91%B0%E9%99%B6%E7%93%B7%E5%95%86%E5%9F%8E_files/17862029.js
ERR: 非法操作:红玫瑰陶瓷商城_files

[ 2016-05-17T09:26:29+08:00 ] ::1 /xiangmu/TaoCiWang/index.php/Home/Person/%E7%BA%A2%E7%8E%AB%E7%91%B0%E9%99%B6%E7%93%B7%E5%95%86%E5%9F%8E_files/17862029.js
ERR: 非法操作:红玫瑰陶瓷商城_files

[ 2016-05-17T09:26:33+08:00 ] ::1 /xiangmu/TaoCiWang/index.php/Home/Adress/modifyid.html?id=13
INFO: [ app_begin ] --START--
INFO: Run Behavior\ReadHtmlCacheBehavior [ RunTime:0.000713s ]
INFO: [ app_begin ] --END-- [ RunTime:0.001202s ]

[ 2016-05-17T09:27:11+08:00 ] ::1 /xiangmu/TaoCiWang/index.php/Home/Adress/update.html
INFO: [ app_begin ] --START--
INFO: Run Behavior\ReadHtmlCacheBehavior [ RunTime:0.000587s ]
INFO: [ app_begin ] --END-- [ RunTime:0.000893s ]
SQL: DESCRIBE taoci_adress [ RunTime:0.002130s ]
SQL: UPDATE `taoci_adress` SET `status`=0 WHERE `userName` = 'liushuaicai' [ RunTime:0.064342s ]
NOTIC: [8] Undefined index: id C:\xampp\htdocs\xiangmu\TaoCiWang\TaoCiWang\Home\Controller\AdressController.class.php 第 38 行.

[ 2016-05-17T09:27:13+08:00 ] ::1 /xiangmu/TaoCiWang/index.php/Home/Adress/update.html
INFO: [ app_begin ] --START--
INFO: Run Behavior\ReadHtmlCacheBehavior [ RunTime:0.000437s ]
INFO: [ app_begin ] --END-- [ RunTime:0.000716s ]
SQL: DESCRIBE taoci_adress [ RunTime:0.002198s ]
SQL: UPDATE `taoci_adress` SET `status`=0 WHERE `userName` = 'liushuaicai' [ RunTime:0.053823s ]
SQL: UPDATE `taoci_adress` SET `reciveName`='44',`recivePhone`='44',`province`='北京',`city`='县',`county`='宁河县',`more`='石景山',`status`=1,`id`=13 WHERE `id` = 13 [ RunTime:0.154276s ]

[ 2016-05-17T09:27:16+08:00 ] ::1 /xiangmu/TaoCiWang/index.php/Home/Person/%E7%BA%A2%E7%8E%AB%E7%91%B0%E9%99%B6%E7%93%B7%E5%95%86%E5%9F%8E_files/17862029.js
ERR: 非法操作:红玫瑰陶瓷商城_files

[ 2016-05-17T09:27:24+08:00 ] ::1 /xiangmu/TaoCiWang/index.php/Home/Person/%E7%BA%A2%E7%8E%AB%E7%91%B0%E9%99%B6%E7%93%B7%E5%95%86%E5%9F%8E_files/17862029.js
ERR: 非法操作:红玫瑰陶瓷商城_files

[ 2016-05-17T09:27:28+08:00 ] ::1 /xiangmu/TaoCiWang/index.php/Home/Order/%E7%BA%A2%E7%8E%AB%E7%91%B0%E9%99%B6%E7%93%B7%E5%95%86%E5%9F%8E_files/17862029.js
ERR: 非法操作:红玫瑰陶瓷商城_files

[ 2016-05-17T09:27:36+08:00 ] ::1 /xiangmu/TaoCiWang/index.php/Home/Order/%E7%BA%A2%E7%8E%AB%E7%91%B0%E9%99%B6%E7%93%B7%E5%95%86%E5%9F%8E_files/17862029.js
ERR: 非法操作:红玫瑰陶瓷商城_files

[ 2016-05-17T09:27:42+08:00 ] ::1 /xiangmu/TaoCiWang/index.php/Home/Order/%E7%BA%A2%E7%8E%AB%E7%91%B0%E9%99%B6%E7%93%B7%E5%95%86%E5%9F%8E_files/17862029.js
ERR: 非法操作:红玫瑰陶瓷商城_files

[ 2016-05-17T09:27:56+08:00 ] ::1 /xiangmu/TaoCiWang/index.php/Home/Order/recive.html?id=23
INFO: [ app_begin ] --START--
INFO: Run Behavior\ReadHtmlCacheBehavior [ RunTime:0.000742s ]
INFO: [ app_begin ] --END-- [ RunTime:0.001189s ]
INFO: [ app_end ] --START--
INFO: Run Behavior\ShowPageTraceBehavior [ RunTime:0.001117s ]
INFO: [ app_end ] --END-- [ RunTime:0.001188s ]

[ 2016-05-17T09:28:10+08:00 ] ::1 /xiangmu/TaoCiWang/index.php/Home/Order/recive.html?id=23
INFO: [ app_begin ] --START--
INFO: Run Behavior\ReadHtmlCacheBehavior [ RunTime:0.000670s ]
INFO: [ app_begin ] --END-- [ RunTime:0.001101s ]
INFO: [ app_end ] --START--
INFO: Run Behavior\ShowPageTraceBehavior [ RunTime:0.001180s ]
INFO: [ app_end ] --END-- [ RunTime:0.001242s ]

[ 2016-05-17T09:28:35+08:00 ] ::1 /xiangmu/TaoCiWang/index.php/Home/Order/recive.html?id=23
INFO: [ app_begin ] --START--
INFO: Run Behavior\ReadHtmlCacheBehavior [ RunTime:0.000964s ]
INFO: [ app_begin ] --END-- [ RunTime:0.001560s ]
INFO: [ app_end ] --START--
INFO: Run Behavior\ShowPageTraceBehavior [ RunTime:0.001064s ]
INFO: [ app_end ] --END-- [ RunTime:0.001162s ]

[ 2016-05-17T09:28:48+08:00 ] ::1 /xiangmu/TaoCiWang/index.php/Home/Order/recive.html?id=23
INFO: [ app_begin ] --START--
INFO: Run Behavior\ReadHtmlCacheBehavior [ RunTime:0.000475s ]
INFO: [ app_begin ] --END-- [ RunTime:0.000781s ]
INFO: [ app_end ] --START--
INFO: Run Behavior\ShowPageTraceBehavior [ RunTime:0.002985s ]
INFO: [ app_end ] --END-- [ RunTime:0.003043s ]

[ 2016-05-17T09:30:10+08:00 ] ::1 /xiangmu/TaoCiWang/index.php/Home/Order/recive.html?id=23
INFO: [ app_begin ] --START--
INFO: Run Behavior\ReadHtmlCacheBehavior [ RunTime:0.000971s ]
INFO: [ app_begin ] --END-- [ RunTime:0.001378s ]
INFO: [ app_end ] --START--
INFO: Run Behavior\ShowPageTraceBehavior [ RunTime:0.001440s ]
INFO: [ app_end ] --END-- [ RunTime:0.001526s ]

[ 2016-05-17T09:34:54+08:00 ] ::1 /xiangmu/TaoCiWang/index.php/Home/Order/recive.html?id=23
INFO: [ app_begin ] --START--
INFO: Run Behavior\ReadHtmlCacheBehavior [ RunTime:0.000832s ]
INFO: [ app_begin ] --END-- [ RunTime:0.001202s ]
INFO: [ app_end ] --START--
INFO: Run Behavior\ShowPageTraceBehavior [ RunTime:0.000905s ]
INFO: [ app_end ] --END-- [ RunTime:0.000955s ]

[ 2016-05-17T09:38:23+08:00 ] ::1 /xiangmu/TaoCiWang/index.php/Home/Order/%E7%BA%A2%E7%8E%AB%E7%91%B0%E9%99%B6%E7%93%B7%E5%95%86%E5%9F%8E_files/17862029.js
ERR: 非法操作:红玫瑰陶瓷商城_files

[ 2016-05-17T09:38:25+08:00 ] ::1 /xiangmu/TaoCiWang/index.php/Home/Index/shop.html
INFO: [ app_begin ] --START--
INFO: Run Behavior\ReadHtmlCacheBehavior [ RunTime:0.000780s ]
INFO: [ app_begin ] --END-- [ RunTime:0.001357s ]

[ 2016-05-17T09:38:26+08:00 ] ::1 /xiangmu/TaoCiWang/index.php/Home/Shop/%E7%BA%A2%E7%8E%AB%E7%91%B0%E9%99%B6%E7%93%B7%E5%95%86%E5%9F%8E_files/17862029.js
ERR: 非法操作:红玫瑰陶瓷商城_files

[ 2016-05-17T09:38:34+08:00 ] ::1 /xiangmu/TaoCiWang/index.php/Home/CheckInfo/recive.html
INFO: [ app_begin ] --START--
INFO: Run Behavior\ReadHtmlCacheBehavior [ RunTime:0.000598s ]
INFO: [ app_begin ] --END-- [ RunTime:0.000971s ]
SQL: DESCRIBE taoci_shop [ RunTime:0.005827s ]
SQL: SELECT g.*,s.id sid,s.number,s.total FROM taoci_shop s,taoci_goods g WHERE g.id IN ('20','19','18','27','21') AND s.gid =g.id AND s.uname = 'liushuaicai'  [ RunTime:0.001027s ]
INFO: [ app_end ] --START--
INFO: Run Behavior\ShowPageTraceBehavior [ RunTime:0.002277s ]
INFO: [ app_end ] --END-- [ RunTime:0.002374s ]

[ 2016-05-17T09:38:35+08:00 ] ::1 /xiangmu/TaoCiWang/index.php/Home/CheckInfo/%E7%BA%A2%E7%8E%AB%E7%91%B0%E9%99%B6%E7%93%B7%E5%95%86%E5%9F%8E_files/17862029.js
ERR: 非法操作:红玫瑰陶瓷商城_files

[ 2016-05-17T09:38:35+08:00 ] ::1 /xiangmu/TaoCiWang/index.php/Home/CheckInfo/adressinfo.html
INFO: [ app_begin ] --START--
INFO: Run Behavior\ReadHtmlCacheBehavior [ RunTime:0.000819s ]
INFO: [ app_begin ] --END-- [ RunTime:0.001330s ]
ERR: 非法操作:adressinfo

[ 2016-05-17T09:38:40+08:00 ] ::1 /xiangmu/TaoCiWang/index.php/Home/Order/insert.html
INFO: [ app_begin ] --START--
INFO: Run Behavior\ReadHtmlCacheBehavior [ RunTime:0.000512s ]
INFO: [ app_begin ] --END-- [ RunTime:0.000857s ]
SQL: DESCRIBE taoci_order [ RunTime:0.008044s ]
SQL: INSERT INTO `taoci_order` (`gid`,`aid`,`number`,`total`,`message`,`luggage`,`code`,`uname`) VALUES ('20&amp;19&amp;18&amp;27&amp;21&amp;',13,5,3330,'',0,'201605170938399905517505','liushuaicai') [ RunTime:0.045531s ]

[ 2016-05-17T09:38:41+08:00 ] ::1 /xiangmu/TaoCiWang/index.php/Home/Order/%E7%BA%A2%E7%8E%AB%E7%91%B0%E9%99%B6%E7%93%B7%E5%95%86%E5%9F%8E_files/17862029.js
ERR: 非法操作:红玫瑰陶瓷商城_files

[ 2016-05-17T09:38:50+08:00 ] ::1 /xiangmu/TaoCiWang/index.php/Home/Order/recive.html?id=24
INFO: [ app_begin ] --START--
INFO: Run Behavior\ReadHtmlCacheBehavior [ RunTime:0.000528s ]
INFO: [ app_begin ] --END-- [ RunTime:0.000833s ]
INFO: [ app_end ] --START--
INFO: Run Behavior\ShowPageTraceBehavior [ RunTime:0.000764s ]
INFO: [ app_end ] --END-- [ RunTime:0.000800s ]

[ 2016-05-17T09:39:07+08:00 ] ::1 /xiangmu/TaoCiWang/index.php/Home/Order/recive.html?id=24
INFO: [ app_begin ] --START--
INFO: Run Behavior\ReadHtmlCacheBehavior [ RunTime:0.000713s ]
INFO: [ app_begin ] --END-- [ RunTime:0.001369s ]
INFO: [ app_end ] --START--
INFO: Run Behavior\ShowPageTraceBehavior [ RunTime:0.001095s ]
INFO: [ app_end ] --END-- [ RunTime:0.001165s ]

[ 2016-05-17T09:40:16+08:00 ] ::1 /xiangmu/TaoCiWang/index.php/Home/Order/%E7%BA%A2%E7%8E%AB%E7%91%B0%E9%99%B6%E7%93%B7%E5%95%86%E5%9F%8E_files/17862029.js
ERR: 非法操作:红玫瑰陶瓷商城_files

[ 2016-05-17T09:40:21+08:00 ] ::1 /xiangmu/TaoCiWang/index.php/Home/Order/recive.html?id=23
INFO: [ app_begin ] --START--
INFO: Run Behavior\ReadHtmlCacheBehavior [ RunTime:0.007088s ]
INFO: [ app_begin ] --END-- [ RunTime:0.007393s ]
INFO: [ app_end ] --START--
INFO: Run Behavior\ShowPageTraceBehavior [ RunTime:0.001131s ]
INFO: [ app_end ] --END-- [ RunTime:0.001324s ]

[ 2016-05-17T09:41:28+08:00 ] ::1 /xiangmu/TaoCiWang/index.php/Home/Order/%E7%BA%A2%E7%8E%AB%E7%91%B0%E9%99%B6%E7%93%B7%E5%95%86%E5%9F%8E_files/17862029.js
ERR: 非法操作:红玫瑰陶瓷商城_files

[ 2016-05-17T09:41:30+08:00 ] ::1 /xiangmu/TaoCiWang/index.php/Home/Order/recive.html?id=24
INFO: [ app_begin ] --START--
INFO: Run Behavior\ReadHtmlCacheBehavior [ RunTime:0.000426s ]
INFO: [ app_begin ] --END-- [ RunTime:0.000695s ]
INFO: [ app_end ] --START--
INFO: Run Behavior\ShowPageTraceBehavior [ RunTime:0.000651s ]
INFO: [ app_end ] --END-- [ RunTime:0.000681s ]

[ 2016-05-17T09:41:42+08:00 ] ::1 /xiangmu/TaoCiWang/index.php/Home/Order/recive.html?id=12
INFO: [ app_begin ] --START--
INFO: Run Behavior\ReadHtmlCacheBehavior [ RunTime:0.000487s ]
INFO: [ app_begin ] --END-- [ RunTime:0.000990s ]
INFO: [ app_end ] --START--
INFO: Run Behavior\ShowPageTraceBehavior [ RunTime:0.000805s ]
INFO: [ app_end ] --END-- [ RunTime:0.000839s ]

[ 2016-05-17T09:42:10+08:00 ] ::1 /xiangmu/TaoCiWang/index.php/Home/Pay/update.html
INFO: [ app_begin ] --START--
INFO: Run Behavior\ReadHtmlCacheBehavior [ RunTime:0.000656s ]
INFO: [ app_begin ] --END-- [ RunTime:0.001196s ]
SQL: DESCRIBE taoci_user [ RunTime:0.003856s ]
SQL: UPDATE `taoci_user` SET `money`=94092 WHERE `username` = 'liushuaicai' [ RunTime:0.044895s ]
SQL: DESCRIBE taoci_order [ RunTime:0.003732s ]
SQL: UPDATE `taoci_order` SET `order_status`=2 WHERE `id` = 12 [ RunTime:0.016546s ]

[ 2016-05-17T09:42:11+08:00 ] ::1 /xiangmu/TaoCiWang/index.php/Home/Order/%E7%BA%A2%E7%8E%AB%E7%91%B0%E9%99%B6%E7%93%B7%E5%95%86%E5%9F%8E_files/17862029.js
ERR: 非法操作:红玫瑰陶瓷商城_files

[ 2016-05-17T09:42:19+08:00 ] ::1 /xiangmu/TaoCiWang/index.php/Home/Person/%E7%BA%A2%E7%8E%AB%E7%91%B0%E9%99%B6%E7%93%B7%E5%95%86%E5%9F%8E_files/17862029.js
ERR: 非法操作:红玫瑰陶瓷商城_files

[ 2016-05-17T09:50:13+08:00 ] ::1 /xiangmu/TaoCiWang/index.php/Home/Person/%E7%BA%A2%E7%8E%AB%E7%91%B0%E9%99%B6%E7%93%B7%E5%95%86%E5%9F%8E_files/17862029.js
ERR: 非法操作:红玫瑰陶瓷商城_files

[ 2016-05-17T09:51:53+08:00 ] ::1 /xiangmu/TaoCiWang/index.php/Home/Person/%E7%BA%A2%E7%8E%AB%E7%91%B0%E9%99%B6%E7%93%B7%E5%95%86%E5%9F%8E_files/17862029.js
ERR: 非法操作:红玫瑰陶瓷商城_files

[ 2016-05-17T09:52:58+08:00 ] ::1 /xiangmu/TaoCiWang/index.php/Home/Person/%E7%BA%A2%E7%8E%AB%E7%91%B0%E9%99%B6%E7%93%B7%E5%95%86%E5%9F%8E_files/17862029.js
ERR: 非法操作:红玫瑰陶瓷商城_files

[ 2016-05-17T09:53:28+08:00 ] ::1 /xiangmu/TaoCiWang/index.php/Home/Person/%E7%BA%A2%E7%8E%AB%E7%91%B0%E9%99%B6%E7%93%B7%E5%95%86%E5%9F%8E_files/17862029.js
ERR: 非法操作:红玫瑰陶瓷商城_files

[ 2016-05-17T09:54:12+08:00 ] ::1 /xiangmu/TaoCiWang/index.php/Home/Person/%E7%BA%A2%E7%8E%AB%E7%91%B0%E9%99%B6%E7%93%B7%E5%95%86%E5%9F%8E_files/17862029.js
ERR: 非法操作:红玫瑰陶瓷商城_files

[ 2016-05-17T09:54:33+08:00 ] ::1 /xiangmu/TaoCiWang/index.php/Home/Person/%E7%BA%A2%E7%8E%AB%E7%91%B0%E9%99%B6%E7%93%B7%E5%95%86%E5%9F%8E_files/17862029.js
ERR: 非法操作:红玫瑰陶瓷商城_files

[ 2016-05-17T09:54:35+08:00 ] ::1 /xiangmu/TaoCiWang/index.php/Home/Person/modifyinfo.html
ERR: 非法数据对象！:[Identifier=>46486]

[ 2016-05-17T10:02:09+08:00 ] ::1 /xiangmu/TaoCiWang/index.php/Home/Person/%E7%BA%A2%E7%8E%AB%E7%91%B0%E9%99%B6%E7%93%B7%E5%95%86%E5%9F%8E_files/17862029.js
ERR: 非法操作:红玫瑰陶瓷商城_files

[ 2016-05-17T10:02:12+08:00 ] ::1 /xiangmu/TaoCiWang/index.php/Home/Person/modifyinfo.html
ERR: 非法数据对象！:[Identifier=>46486]

[ 2016-05-17T10:02:57+08:00 ] ::1 /xiangmu/TaoCiWang/index.php/Home/Person/%E7%BA%A2%E7%8E%AB%E7%91%B0%E9%99%B6%E7%93%B7%E5%95%86%E5%9F%8E_files/17862029.js
ERR: 非法操作:红玫瑰陶瓷商城_files

[ 2016-05-17T10:02:58+08:00 ] ::1 /xiangmu/TaoCiWang/index.php/Home/Person/%E7%BA%A2%E7%8E%AB%E7%91%B0%E9%99%B6%E7%93%B7%E5%95%86%E5%9F%8E_files/17862029.js
ERR: 非法操作:红玫瑰陶瓷商城_files

[ 2016-05-17T10:03:00+08:00 ] ::1 /xiangmu/TaoCiWang/index.php/Home/Person/modifyinfo.html
ERR: 非法数据对象！:[Identifier=>46486]

[ 2016-05-17T10:03:31+08:00 ] ::1 /xiangmu/TaoCiWang/index.php/Home/Person/%E7%BA%A2%E7%8E%AB%E7%91%B0%E9%99%B6%E7%93%B7%E5%95%86%E5%9F%8E_files/17862029.js
ERR: 非法操作:红玫瑰陶瓷商城_files

[ 2016-05-17T10:05:18+08:00 ] ::1 /xiangmu/TaoCiWang/index.php/Home/Person/%E7%BA%A2%E7%8E%AB%E7%91%B0%E9%99%B6%E7%93%B7%E5%95%86%E5%9F%8E_files/17862029.js
ERR: 非法操作:红玫瑰陶瓷商城_files

[ 2016-05-17T10:12:28+08:00 ] ::1 /xiangmu/TaoCiWang/index.php/Home/Person/%E7%BA%A2%E7%8E%AB%E7%91%B0%E9%99%B6%E7%93%B7%E5%95%86%E5%9F%8E_files/17862029.js
ERR: 非法操作:红玫瑰陶瓷商城_files

[ 2016-05-17T10:15:54+08:00 ] ::1 /xiangmu/TaoCiWang/index.php/Home/Person/%E7%BA%A2%E7%8E%AB%E7%91%B0%E9%99%B6%E7%93%B7%E5%95%86%E5%9F%8E_files/17862029.js
ERR: 非法操作:红玫瑰陶瓷商城_files

[ 2016-05-17T10:17:43+08:00 ] ::1 /xiangmu/TaoCiWang/index.php/Home/Person/%E7%BA%A2%E7%8E%AB%E7%91%B0%E9%99%B6%E7%93%B7%E5%95%86%E5%9F%8E_files/17862029.js
ERR: 非法操作:红玫瑰陶瓷商城_files

[ 2016-05-17T10:18:09+08:00 ] ::1 /xiangmu/TaoCiWang/index.php/Home/Person/%E7%BA%A2%E7%8E%AB%E7%91%B0%E9%99%B6%E7%93%B7%E5%95%86%E5%9F%8E_files/17862029.js
ERR: 非法操作:红玫瑰陶瓷商城_files

[ 2016-05-17T10:18:35+08:00 ] ::1 /xiangmu/TaoCiWang/index.php/Home/Person/%E7%BA%A2%E7%8E%AB%E7%91%B0%E9%99%B6%E7%93%B7%E5%95%86%E5%9F%8E_files/17862029.js
ERR: 非法操作:红玫瑰陶瓷商城_files

[ 2016-05-17T10:19:31+08:00 ] ::1 /xiangmu/TaoCiWang/index.php/Home/Person/%E7%BA%A2%E7%8E%AB%E7%91%B0%E9%99%B6%E7%93%B7%E5%95%86%E5%9F%8E_files/17862029.js
ERR: 非法操作:红玫瑰陶瓷商城_files

[ 2016-05-17T10:22:29+08:00 ] ::1 /xiangmu/TaoCiWang/index.php/Home/Person/%E7%BA%A2%E7%8E%AB%E7%91%B0%E9%99%B6%E7%93%B7%E5%95%86%E5%9F%8E_files/17862029.js
ERR: 非法操作:红玫瑰陶瓷商城_files

[ 2016-05-17T10:24:56+08:00 ] ::1 /xiangmu/TaoCiWang/index.php/Home/Person/%E7%BA%A2%E7%8E%AB%E7%91%B0%E9%99%B6%E7%93%B7%E5%95%86%E5%9F%8E_files/17862029.js
ERR: 非法操作:红玫瑰陶瓷商城_files

[ 2016-05-17T10:25:57+08:00 ] ::1 /xiangmu/TaoCiWang/index.php/Home/Person/%E7%BA%A2%E7%8E%AB%E7%91%B0%E9%99%B6%E7%93%B7%E5%95%86%E5%9F%8E_files/17862029.js
ERR: 非法操作:红玫瑰陶瓷商城_files

[ 2016-05-17T10:26:53+08:00 ] ::1 /xiangmu/TaoCiWang/index.php/Home/Person/%E7%BA%A2%E7%8E%AB%E7%91%B0%E9%99%B6%E7%93%B7%E5%95%86%E5%9F%8E_files/17862029.js
ERR: 非法操作:红玫瑰陶瓷商城_files

[ 2016-05-17T10:26:57+08:00 ] ::1 /xiangmu/TaoCiWang/index.php/Home/Person/%E7%BA%A2%E7%8E%AB%E7%91%B0%E9%99%B6%E7%93%B7%E5%95%86%E5%9F%8E_files/17862029.js
ERR: 非法操作:红玫瑰陶瓷商城_files

[ 2016-05-17T10:26:58+08:00 ] ::1 /xiangmu/TaoCiWang/index.php/Home/Person/%E7%BA%A2%E7%8E%AB%E7%91%B0%E9%99%B6%E7%93%B7%E5%95%86%E5%9F%8E_files/17862029.js
ERR: 非法操作:红玫瑰陶瓷商城_files

[ 2016-05-17T10:27:52+08:00 ] ::1 /xiangmu/TaoCiWang/index.php/Home/Person/%E7%BA%A2%E7%8E%AB%E7%91%B0%E9%99%B6%E7%93%B7%E5%95%86%E5%9F%8E_files/17862029.js
ERR: 非法操作:红玫瑰陶瓷商城_files

[ 2016-05-17T10:28:42+08:00 ] ::1 /xiangmu/TaoCiWang/index.php/Home/Person/%E7%BA%A2%E7%8E%AB%E7%91%B0%E9%99%B6%E7%93%B7%E5%95%86%E5%9F%8E_files/17862029.js
ERR: 非法操作:红玫瑰陶瓷商城_files

[ 2016-05-17T10:29:08+08:00 ] ::1 /xiangmu/TaoCiWang/index.php/Home/Person/%E7%BA%A2%E7%8E%AB%E7%91%B0%E9%99%B6%E7%93%B7%E5%95%86%E5%9F%8E_files/17862029.js
ERR: 非法操作:红玫瑰陶瓷商城_files

[ 2016-05-17T10:29:45+08:00 ] ::1 /xiangmu/TaoCiWang/index.php/Home/Person/%E7%BA%A2%E7%8E%AB%E7%91%B0%E9%99%B6%E7%93%B7%E5%95%86%E5%9F%8E_files/17862029.js
ERR: 非法操作:红玫瑰陶瓷商城_files

[ 2016-05-17T10:30:51+08:00 ] ::1 /xiangmu/TaoCiWang/index.php/Home/Person/%E7%BA%A2%E7%8E%AB%E7%91%B0%E9%99%B6%E7%93%B7%E5%95%86%E5%9F%8E_files/17862029.js
ERR: 非法操作:红玫瑰陶瓷商城_files

[ 2016-05-17T10:31:37+08:00 ] ::1 /xiangmu/TaoCiWang/index.php/Home/Person/%E7%BA%A2%E7%8E%AB%E7%91%B0%E9%99%B6%E7%93%B7%E5%95%86%E5%9F%8E_files/17862029.js
ERR: 非法操作:红玫瑰陶瓷商城_files

[ 2016-05-17T10:32:03+08:00 ] ::1 /xiangmu/TaoCiWang/index.php/Home/Person/%E7%BA%A2%E7%8E%AB%E7%91%B0%E9%99%B6%E7%93%B7%E5%95%86%E5%9F%8E_files/17862029.js
ERR: 非法操作:红玫瑰陶瓷商城_files

[ 2016-05-17T10:32:44+08:00 ] ::1 /xiangmu/TaoCiWang/index.php/Home/Person/%E7%BA%A2%E7%8E%AB%E7%91%B0%E9%99%B6%E7%93%B7%E5%95%86%E5%9F%8E_files/17862029.js
ERR: 非法操作:红玫瑰陶瓷商城_files

[ 2016-05-17T10:33:02+08:00 ] ::1 /xiangmu/TaoCiWang/index.php/Home/Person/%E7%BA%A2%E7%8E%AB%E7%91%B0%E9%99%B6%E7%93%B7%E5%95%86%E5%9F%8E_files/17862029.js
ERR: 非法操作:红玫瑰陶瓷商城_files

[ 2016-05-17T10:33:45+08:00 ] ::1 /xiangmu/TaoCiWang/index.php/Home/Person/%E7%BA%A2%E7%8E%AB%E7%91%B0%E9%99%B6%E7%93%B7%E5%95%86%E5%9F%8E_files/17862029.js
ERR: 非法操作:红玫瑰陶瓷商城_files

[ 2016-05-17T10:34:11+08:00 ] ::1 /xiangmu/TaoCiWang/index.php/Home/Person/%E7%BA%A2%E7%8E%AB%E7%91%B0%E9%99%B6%E7%93%B7%E5%95%86%E5%9F%8E_files/17862029.js
ERR: 非法操作:红玫瑰陶瓷商城_files

[ 2016-05-17T10:35:18+08:00 ] ::1 /xiangmu/TaoCiWang/index.php/Home/Person/%E7%BA%A2%E7%8E%AB%E7%91%B0%E9%99%B6%E7%93%B7%E5%95%86%E5%9F%8E_files/17862029.js
ERR: 非法操作:红玫瑰陶瓷商城_files

[ 2016-05-17T11:05:43+08:00 ] ::1 /xiangmu/TaoCiWang/index.php/Home/Person/%E7%BA%A2%E7%8E%AB%E7%91%B0%E9%99%B6%E7%93%B7%E5%95%86%E5%9F%8E_files/17862029.js
ERR: 非法操作:红玫瑰陶瓷商城_files

[ 2016-05-17T11:06:06+08:00 ] ::1 /xiangmu/TaoCiWang/index.php/Home/Person/%E7%BA%A2%E7%8E%AB%E7%91%B0%E9%99%B6%E7%93%B7%E5%95%86%E5%9F%8E_files/17862029.js
ERR: 非法操作:红玫瑰陶瓷商城_files

[ 2016-05-17T11:08:03+08:00 ] ::1 /xiangmu/TaoCiWang/index.php/Home/Person/%E7%BA%A2%E7%8E%AB%E7%91%B0%E9%99%B6%E7%93%B7%E5%95%86%E5%9F%8E_files/17862029.js
ERR: 非法操作:红玫瑰陶瓷商城_files

[ 2016-05-17T11:08:35+08:00 ] ::1 /xiangmu/TaoCiWang/index.php/Home/Person/%E7%BA%A2%E7%8E%AB%E7%91%B0%E9%99%B6%E7%93%B7%E5%95%86%E5%9F%8E_files/17862029.js
ERR: 非法操作:红玫瑰陶瓷商城_files

[ 2016-05-17T11:08:38+08:00 ] ::1 /xiangmu/TaoCiWang/index.php/Home/Person/%E7%BA%A2%E7%8E%AB%E7%91%B0%E9%99%B6%E7%93%B7%E5%95%86%E5%9F%8E_files/17862029.js
ERR: 非法操作:红玫瑰陶瓷商城_files

[ 2016-05-17T11:13:37+08:00 ] ::1 /xiangmu/TaoCiWang/index.php/Home/Person/%E7%BA%A2%E7%8E%AB%E7%91%B0%E9%99%B6%E7%93%B7%E5%95%86%E5%9F%8E_files/17862029.js
ERR: 非法操作:红玫瑰陶瓷商城_files

[ 2016-05-17T11:16:08+08:00 ] ::1 /xiangmu/TaoCiWang/index.php/Home/Person/%E7%BA%A2%E7%8E%AB%E7%91%B0%E9%99%B6%E7%93%B7%E5%95%86%E5%9F%8E_files/17862029.js
ERR: 非法操作:红玫瑰陶瓷商城_files

[ 2016-05-17T11:17:28+08:00 ] ::1 /xiangmu/TaoCiWang/index.php/Home/Person/%E7%BA%A2%E7%8E%AB%E7%91%B0%E9%99%B6%E7%93%B7%E5%95%86%E5%9F%8E_files/17862029.js
ERR: 非法操作:红玫瑰陶瓷商城_files

[ 2016-05-17T11:17:57+08:00 ] ::1 /xiangmu/TaoCiWang/index.php/Home/Person/%E7%BA%A2%E7%8E%AB%E7%91%B0%E9%99%B6%E7%93%B7%E5%95%86%E5%9F%8E_files/17862029.js
ERR: 非法操作:红玫瑰陶瓷商城_files

[ 2016-05-17T11:19:18+08:00 ] ::1 /xiangmu/TaoCiWang/index.php/Home/Person/%E7%BA%A2%E7%8E%AB%E7%91%B0%E9%99%B6%E7%93%B7%E5%95%86%E5%9F%8E_files/17862029.js
ERR: 非法操作:红玫瑰陶瓷商城_files

[ 2016-05-17T11:19:53+08:00 ] ::1 /xiangmu/TaoCiWang/index.php/Home/Person/%E4%BF%AE%E6%94%B9%E6%88%90%E5%8A%9F
ERR: 非法操作:修改成功

[ 2016-05-17T11:20:09+08:00 ] ::1 /xiangmu/TaoCiWang/index.php/Home/Person/%E4%BF%AE%E6%94%B9%E6%88%90%E5%8A%9F
ERR: 非法操作:修改成功

[ 2016-05-17T11:20:11+08:00 ] ::1 /xiangmu/TaoCiWang/index.php/Home/Person/%E4%BF%AE%E6%94%B9%E6%88%90%E5%8A%9F
ERR: 非法操作:修改成功

[ 2016-05-17T11:20:26+08:00 ] ::1 /xiangmu/TaoCiWang/index.php/Home/Person/%E7%BA%A2%E7%8E%AB%E7%91%B0%E9%99%B6%E7%93%B7%E5%95%86%E5%9F%8E_files/17862029.js
ERR: 非法操作:红玫瑰陶瓷商城_files

[ 2016-05-17T11:20:35+08:00 ] ::1 /xiangmu/TaoCiWang/index.php/Home/Person/Person/baseinfo
ERR: 非法操作:Person

[ 2016-05-17T11:21:10+08:00 ] ::1 /xiangmu/TaoCiWang/index.php/Home/Person/%E7%BA%A2%E7%8E%AB%E7%91%B0%E9%99%B6%E7%93%B7%E5%95%86%E5%9F%8E_files/17862029.js
ERR: 非法操作:红玫瑰陶瓷商城_files

[ 2016-05-17T11:22:26+08:00 ] ::1 /xiangmu/TaoCiWang/index.php/Home/Person/%E7%BA%A2%E7%8E%AB%E7%91%B0%E9%99%B6%E7%93%B7%E5%95%86%E5%9F%8E_files/17862029.js
ERR: 非法操作:红玫瑰陶瓷商城_files

[ 2016-05-17T11:23:04+08:00 ] ::1 /xiangmu/TaoCiWang/index.php/Home/Person/%E7%BA%A2%E7%8E%AB%E7%91%B0%E9%99%B6%E7%93%B7%E5%95%86%E5%9F%8E_files/17862029.js
ERR: 非法操作:红玫瑰陶瓷商城_files

[ 2016-05-17T11:24:40+08:00 ] ::1 /xiangmu/TaoCiWang/index.php/Home/Person/%E7%BA%A2%E7%8E%AB%E7%91%B0%E9%99%B6%E7%93%B7%E5%95%86%E5%9F%8E_files/17862029.js
ERR: 非法操作:红玫瑰陶瓷商城_files

[ 2016-05-17T11:26:09+08:00 ] ::1 /xiangmu/TaoCiWang/index.php/Home/Person/%E7%BA%A2%E7%8E%AB%E7%91%B0%E9%99%B6%E7%93%B7%E5%95%86%E5%9F%8E_files/17862029.js
ERR: 非法操作:红玫瑰陶瓷商城_files

[ 2016-05-17T11:26:21+08:00 ] ::1 /xiangmu/TaoCiWang/index.php/Home/Person/%E7%BA%A2%E7%8E%AB%E7%91%B0%E9%99%B6%E7%93%B7%E5%95%86%E5%9F%8E_files/17862029.js
ERR: 非法操作:红玫瑰陶瓷商城_files

[ 2016-05-17T11:26:55+08:00 ] ::1 /xiangmu/TaoCiWang/index.php/Home/Person/%E7%BA%A2%E7%8E%AB%E7%91%B0%E9%99%B6%E7%93%B7%E5%95%86%E5%9F%8E_files/17862029.js
ERR: 非法操作:红玫瑰陶瓷商城_files

[ 2016-05-17T11:27:06+08:00 ] ::1 /xiangmu/TaoCiWang/index.php/Home/Person/%E7%BA%A2%E7%8E%AB%E7%91%B0%E9%99%B6%E7%93%B7%E5%95%86%E5%9F%8E_files/17862029.js
ERR: 非法操作:红玫瑰陶瓷商城_files

[ 2016-05-17T11:27:17+08:00 ] ::1 /xiangmu/TaoCiWang/index.php/Home/Person/%E7%BA%A2%E7%8E%AB%E7%91%B0%E9%99%B6%E7%93%B7%E5%95%86%E5%9F%8E_files/17862029.js
ERR: 非法操作:红玫瑰陶瓷商城_files

[ 2016-05-17T11:28:25+08:00 ] ::1 /xiangmu/TaoCiWang/index.php/Home/Person/%E7%BA%A2%E7%8E%AB%E7%91%B0%E9%99%B6%E7%93%B7%E5%95%86%E5%9F%8E_files/17862029.js
ERR: 非法操作:红玫瑰陶瓷商城_files

[ 2016-05-17T11:28:35+08:00 ] ::1 /xiangmu/TaoCiWang/index.php/Home/Person/%E7%BA%A2%E7%8E%AB%E7%91%B0%E9%99%B6%E7%93%B7%E5%95%86%E5%9F%8E_files/17862029.js
ERR: 非法操作:红玫瑰陶瓷商城_files

[ 2016-05-17T11:28:41+08:00 ] ::1 /xiangmu/TaoCiWang/index.php/Home/Person/%E7%BA%A2%E7%8E%AB%E7%91%B0%E9%99%B6%E7%93%B7%E5%95%86%E5%9F%8E_files/17862029.js
ERR: 非法操作:红玫瑰陶瓷商城_files

[ 2016-05-17T11:29:55+08:00 ] ::1 /xiangmu/TaoCiWang/index.php/Home/Person/%E7%BA%A2%E7%8E%AB%E7%91%B0%E9%99%B6%E7%93%B7%E5%95%86%E5%9F%8E_files/17862029.js
ERR: 非法操作:红玫瑰陶瓷商城_files

[ 2016-05-17T11:30:04+08:00 ] ::1 /xiangmu/TaoCiWang/index.php/Home/Person/%E7%BA%A2%E7%8E%AB%E7%91%B0%E9%99%B6%E7%93%B7%E5%95%86%E5%9F%8E_files/17862029.js
ERR: 非法操作:红玫瑰陶瓷商城_files

[ 2016-05-17T11:31:45+08:00 ] ::1 /xiangmu/TaoCiWang/index.php/Home/Person/%E7%BA%A2%E7%8E%AB%E7%91%B0%E9%99%B6%E7%93%B7%E5%95%86%E5%9F%8E_files/17862029.js
ERR: 非法操作:红玫瑰陶瓷商城_files

[ 2016-05-17T11:31:54+08:00 ] ::1 /xiangmu/TaoCiWang/index.php/Home/Person/%E7%BA%A2%E7%8E%AB%E7%91%B0%E9%99%B6%E7%93%B7%E5%95%86%E5%9F%8E_files/17862029.js
ERR: 非法操作:红玫瑰陶瓷商城_files

[ 2016-05-17T11:32:16+08:00 ] ::1 /xiangmu/TaoCiWang/index.php/Home/Person/%E7%BA%A2%E7%8E%AB%E7%91%B0%E9%99%B6%E7%93%B7%E5%95%86%E5%9F%8E_files/17862029.js
ERR: 非法操作:红玫瑰陶瓷商城_files

[ 2016-05-17T11:32:26+08:00 ] ::1 /xiangmu/TaoCiWang/index.php/Home/Person/%E7%BA%A2%E7%8E%AB%E7%91%B0%E9%99%B6%E7%93%B7%E5%95%86%E5%9F%8E_files/17862029.js
ERR: 非法操作:红玫瑰陶瓷商城_files

[ 2016-05-17T11:33:03+08:00 ] ::1 /xiangmu/TaoCiWang/index.php/Home/Person/%E7%BA%A2%E7%8E%AB%E7%91%B0%E9%99%B6%E7%93%B7%E5%95%86%E5%9F%8E_files/17862029.js
ERR: 非法操作:红玫瑰陶瓷商城_files

[ 2016-05-17T11:33:13+08:00 ] ::1 /xiangmu/TaoCiWang/index.php/Home/Person/%E7%BA%A2%E7%8E%AB%E7%91%B0%E9%99%B6%E7%93%B7%E5%95%86%E5%9F%8E_files/17862029.js
ERR: 非法操作:红玫瑰陶瓷商城_files

[ 2016-05-17T11:33:28+08:00 ] ::1 /xiangmu/TaoCiWang/index.php/Home/Person/%E7%BA%A2%E7%8E%AB%E7%91%B0%E9%99%B6%E7%93%B7%E5%95%86%E5%9F%8E_files/17862029.js
ERR: 非法操作:红玫瑰陶瓷商城_files

[ 2016-05-17T11:33:41+08:00 ] ::1 /xiangmu/TaoCiWang/index.php/Home/Person/%E7%BA%A2%E7%8E%AB%E7%91%B0%E9%99%B6%E7%93%B7%E5%95%86%E5%9F%8E_files/17862029.js
ERR: 非法操作:红玫瑰陶瓷商城_files

[ 2016-05-17T11:33:50+08:00 ] ::1 /xiangmu/TaoCiWang/index.php/Home/Person/%E7%BA%A2%E7%8E%AB%E7%91%B0%E9%99%B6%E7%93%B7%E5%95%86%E5%9F%8E_files/17862029.js
ERR: 非法操作:红玫瑰陶瓷商城_files

[ 2016-05-17T11:37:13+08:00 ] ::1 /xiangmu/TaoCiWang/index.php/Home/Person/%E7%BA%A2%E7%8E%AB%E7%91%B0%E9%99%B6%E7%93%B7%E5%95%86%E5%9F%8E_files/17862029.js
ERR: 非法操作:红玫瑰陶瓷商城_files

[ 2016-05-17T11:38:45+08:00 ] ::1 /xiangmu/TaoCiWang/index.php/Home/Person/%E7%BA%A2%E7%8E%AB%E7%91%B0%E9%99%B6%E7%93%B7%E5%95%86%E5%9F%8E_files/17862029.js
ERR: 非法操作:红玫瑰陶瓷商城_files

[ 2016-05-17T11:38:55+08:00 ] ::1 /xiangmu/TaoCiWang/index.php/Home/Person/%E7%BA%A2%E7%8E%AB%E7%91%B0%E9%99%B6%E7%93%B7%E5%95%86%E5%9F%8E_files/17862029.js
ERR: 非法操作:红玫瑰陶瓷商城_files

[ 2016-05-17T11:39:32+08:00 ] ::1 /xiangmu/TaoCiWang/index.php/Home/Person/%E7%BA%A2%E7%8E%AB%E7%91%B0%E9%99%B6%E7%93%B7%E5%95%86%E5%9F%8E_files/17862029.js
ERR: 非法操作:红玫瑰陶瓷商城_files

[ 2016-05-17T11:39:41+08:00 ] ::1 /xiangmu/TaoCiWang/index.php/Home/Person/%E7%BA%A2%E7%8E%AB%E7%91%B0%E9%99%B6%E7%93%B7%E5%95%86%E5%9F%8E_files/17862029.js
ERR: 非法操作:红玫瑰陶瓷商城_files

[ 2016-05-17T11:41:07+08:00 ] ::1 /xiangmu/TaoCiWang/index.php/Home/Person/%E7%BA%A2%E7%8E%AB%E7%91%B0%E9%99%B6%E7%93%B7%E5%95%86%E5%9F%8E_files/17862029.js
ERR: 非法操作:红玫瑰陶瓷商城_files

[ 2016-05-17T11:41:16+08:00 ] ::1 /xiangmu/TaoCiWang/index.php/Home/Person/%E7%BA%A2%E7%8E%AB%E7%91%B0%E9%99%B6%E7%93%B7%E5%95%86%E5%9F%8E_files/17862029.js
ERR: 非法操作:红玫瑰陶瓷商城_files

[ 2016-05-17T11:42:19+08:00 ] ::1 /xiangmu/TaoCiWang/index.php/Home/Person/%E7%BA%A2%E7%8E%AB%E7%91%B0%E9%99%B6%E7%93%B7%E5%95%86%E5%9F%8E_files/17862029.js
ERR: 非法操作:红玫瑰陶瓷商城_files

[ 2016-05-17T11:42:39+08:00 ] ::1 /xiangmu/TaoCiWang/index.php/Home/Person/%E7%BA%A2%E7%8E%AB%E7%91%B0%E9%99%B6%E7%93%B7%E5%95%86%E5%9F%8E_files/17862029.js
ERR: 非法操作:红玫瑰陶瓷商城_files

[ 2016-05-17T11:43:32+08:00 ] ::1 /xiangmu/TaoCiWang/index.php/Home/Person/%E7%BA%A2%E7%8E%AB%E7%91%B0%E9%99%B6%E7%93%B7%E5%95%86%E5%9F%8E_files/17862029.js
ERR: 非法操作:红玫瑰陶瓷商城_files

[ 2016-05-17T11:44:05+08:00 ] ::1 /xiangmu/TaoCiWang/index.php/Home/Person/%E7%BA%A2%E7%8E%AB%E7%91%B0%E9%99%B6%E7%93%B7%E5%95%86%E5%9F%8E_files/17862029.js
ERR: 非法操作:红玫瑰陶瓷商城_files

[ 2016-05-17T11:44:19+08:00 ] ::1 /xiangmu/TaoCiWang/index.php/Home/Person/%E7%BA%A2%E7%8E%AB%E7%91%B0%E9%99%B6%E7%93%B7%E5%95%86%E5%9F%8E_files/17862029.js
ERR: 非法操作:红玫瑰陶瓷商城_files

[ 2016-05-17T11:45:22+08:00 ] ::1 /xiangmu/TaoCiWang/index.php/Home/Person/%E7%BA%A2%E7%8E%AB%E7%91%B0%E9%99%B6%E7%93%B7%E5%95%86%E5%9F%8E_files/17862029.js
ERR: 非法操作:红玫瑰陶瓷商城_files

[ 2016-05-17T11:45:49+08:00 ] ::1 /xiangmu/TaoCiWang/index.php/Home/Person/%E7%BA%A2%E7%8E%AB%E7%91%B0%E9%99%B6%E7%93%B7%E5%95%86%E5%9F%8E_files/17862029.js
ERR: 非法操作:红玫瑰陶瓷商城_files

[ 2016-05-17T11:46:03+08:00 ] ::1 /xiangmu/TaoCiWang/index.php/Home/Person/%E7%BA%A2%E7%8E%AB%E7%91%B0%E9%99%B6%E7%93%B7%E5%95%86%E5%9F%8E_files/17862029.js
ERR: 非法操作:红玫瑰陶瓷商城_files

[ 2016-05-17T11:46:14+08:00 ] ::1 /xiangmu/TaoCiWang/index.php/Home/Person/%E7%BA%A2%E7%8E%AB%E7%91%B0%E9%99%B6%E7%93%B7%E5%95%86%E5%9F%8E_files/17862029.js
ERR: 非法操作:红玫瑰陶瓷商城_files

[ 2016-05-17T11:46:41+08:00 ] ::1 /xiangmu/TaoCiWang/index.php/Home/Person/%E7%BA%A2%E7%8E%AB%E7%91%B0%E9%99%B6%E7%93%B7%E5%95%86%E5%9F%8E_files/17862029.js
ERR: 非法操作:红玫瑰陶瓷商城_files

[ 2016-05-17T11:46:46+08:00 ] ::1 /xiangmu/TaoCiWang/index.php/Home/Person/%E7%BA%A2%E7%8E%AB%E7%91%B0%E9%99%B6%E7%93%B7%E5%95%86%E5%9F%8E_files/17862029.js
ERR: 非法操作:红玫瑰陶瓷商城_files

[ 2016-05-17T11:47:05+08:00 ] ::1 /xiangmu/TaoCiWang/index.php/Home/Person/%E7%BA%A2%E7%8E%AB%E7%91%B0%E9%99%B6%E7%93%B7%E5%95%86%E5%9F%8E_files/17862029.js
ERR: 非法操作:红玫瑰陶瓷商城_files

[ 2016-05-17T11:47:52+08:00 ] ::1 /xiangmu/TaoCiWang/index.php/Home/Person/%E7%BA%A2%E7%8E%AB%E7%91%B0%E9%99%B6%E7%93%B7%E5%95%86%E5%9F%8E_files/17862029.js
ERR: 非法操作:红玫瑰陶瓷商城_files

[ 2016-05-17T11:48:04+08:00 ] ::1 /xiangmu/TaoCiWang/index.php/Home/Person/%E7%BA%A2%E7%8E%AB%E7%91%B0%E9%99%B6%E7%93%B7%E5%95%86%E5%9F%8E_files/17862029.js
ERR: 非法操作:红玫瑰陶瓷商城_files

[ 2016-05-17T11:49:08+08:00 ] ::1 /xiangmu/TaoCiWang/index.php/Home/Person/%E7%BA%A2%E7%8E%AB%E7%91%B0%E9%99%B6%E7%93%B7%E5%95%86%E5%9F%8E_files/17862029.js
ERR: 非法操作:红玫瑰陶瓷商城_files

[ 2016-05-17T11:49:32+08:00 ] ::1 /xiangmu/TaoCiWang/index.php/Home/Person/%E7%BA%A2%E7%8E%AB%E7%91%B0%E9%99%B6%E7%93%B7%E5%95%86%E5%9F%8E_files/17862029.js
ERR: 非法操作:红玫瑰陶瓷商城_files

[ 2016-05-17T11:57:27+08:00 ] ::1 /xiangmu/TaoCiWang/index.php/Home/Person/%E7%BA%A2%E7%8E%AB%E7%91%B0%E9%99%B6%E7%93%B7%E5%95%86%E5%9F%8E_files/17862029.js
ERR: 非法操作:红玫瑰陶瓷商城_files

[ 2016-05-17T11:57:45+08:00 ] ::1 /xiangmu/TaoCiWang/index.php/Home/Person/modifyinfo.html
ERR: 错误的查询条件:[username=>liushuaicai]

[ 2016-05-17T11:58:32+08:00 ] ::1 /xiangmu/TaoCiWang/index.php/Home/Person/modifyinfo.html
ERR: 错误的查询条件:[username=>liushuaicai]

[ 2016-05-17T11:58:37+08:00 ] ::1 /xiangmu/TaoCiWang/index.php/Home/Person/%E7%BA%A2%E7%8E%AB%E7%91%B0%E9%99%B6%E7%93%B7%E5%95%86%E5%9F%8E_files/17862029.js
ERR: 非法操作:红玫瑰陶瓷商城_files

[ 2016-05-17T11:58:50+08:00 ] ::1 /xiangmu/TaoCiWang/index.php/Home/Person/%E7%BA%A2%E7%8E%AB%E7%91%B0%E9%99%B6%E7%93%B7%E5%95%86%E5%9F%8E_files/17862029.js
ERR: 非法操作:红玫瑰陶瓷商城_files

[ 2016-05-17T11:59:18+08:00 ] ::1 /xiangmu/TaoCiWang/index.php/Home/Person/%E7%BA%A2%E7%8E%AB%E7%91%B0%E9%99%B6%E7%93%B7%E5%95%86%E5%9F%8E_files/17862029.js
ERR: 非法操作:红玫瑰陶瓷商城_files

[ 2016-05-17T11:59:41+08:00 ] ::1 /xiangmu/TaoCiWang/index.php/Home/Person/modifyinfo.html
ERR: 错误的查询条件:[username=>liushuaicai]

[ 2016-05-17T12:01:05+08:00 ] ::1 /xiangmu/TaoCiWang/index.php/Home/Person/modifyinfo.html
ERR: 错误的查询条件:[username=>liushuaicai]

[ 2016-05-17T12:01:10+08:00 ] ::1 /xiangmu/TaoCiWang/index.php/Home/Person/%E7%BA%A2%E7%8E%AB%E7%91%B0%E9%99%B6%E7%93%B7%E5%95%86%E5%9F%8E_files/17862029.js
ERR: 非法操作:红玫瑰陶瓷商城_files

[ 2016-05-17T12:01:21+08:00 ] ::1 /xiangmu/TaoCiWang/index.php/Home/Person/%E7%BA%A2%E7%8E%AB%E7%91%B0%E9%99%B6%E7%93%B7%E5%95%86%E5%9F%8E_files/17862029.js
ERR: 非法操作:红玫瑰陶瓷商城_files

[ 2016-05-17T12:01:33+08:00 ] ::1 /xiangmu/TaoCiWang/index.php/Home/Person/modifyinfo.html
ERR: 错误的查询条件:[username=>liushuaicai]

[ 2016-05-17T12:02:21+08:00 ] ::1 /xiangmu/TaoCiWang/index.php/Home/Person/%E7%BA%A2%E7%8E%AB%E7%91%B0%E9%99%B6%E7%93%B7%E5%95%86%E5%9F%8E_files/17862029.js
ERR: 非法操作:红玫瑰陶瓷商城_files

[ 2016-05-17T12:02:36+08:00 ] ::1 /xiangmu/TaoCiWang/index.php/Home/Person/modifyinfo.html
ERR: 错误的查询条件:[username=>liushuaicai]

[ 2016-05-17T12:05:29+08:00 ] ::1 /xiangmu/TaoCiWang/index.php/Home/Person/modifyinfo.html
ERR: 错误的查询条件:[username=>liushuaicai]

[ 2016-05-17T12:06:35+08:00 ] ::1 /xiangmu/TaoCiWang/index.php/Home/Person/modifyinfo.html
ERR: 错误的查询条件:[username=>liushuaicai]

[ 2016-05-17T12:06:39+08:00 ] ::1 /xiangmu/TaoCiWang/index.php/Home/Person/%E7%BA%A2%E7%8E%AB%E7%91%B0%E9%99%B6%E7%93%B7%E5%95%86%E5%9F%8E_files/17862029.js
ERR: 非法操作:红玫瑰陶瓷商城_files

[ 2016-05-17T12:06:53+08:00 ] ::1 /xiangmu/TaoCiWang/index.php/Home/Person/%E7%BA%A2%E7%8E%AB%E7%91%B0%E9%99%B6%E7%93%B7%E5%95%86%E5%9F%8E_files/17862029.js
ERR: 非法操作:红玫瑰陶瓷商城_files

[ 2016-05-17T12:07:08+08:00 ] ::1 /xiangmu/TaoCiWang/index.php/Home/Person/modifyinfo.html
ERR: 错误的查询条件:[username=>liushuaicai]

[ 2016-05-17T12:09:12+08:00 ] ::1 /xiangmu/TaoCiWang/index.php/Home/Person/%E7%BA%A2%E7%8E%AB%E7%91%B0%E9%99%B6%E7%93%B7%E5%95%86%E5%9F%8E_files/17862029.js
ERR: 非法操作:红玫瑰陶瓷商城_files

[ 2016-05-17T12:09:57+08:00 ] ::1 /xiangmu/TaoCiWang/index.php/Home/Person/%E7%BB%BE%E3%88%A2%E5%B8%BF%E9%90%9F%E4%BC%B4%E6%AB%A0%E9%90%A1%E5%B3%B0%E6%99%A2%E9%8D%A9%E5%B7%81files/17862029.js
ERR: 非法操作:绾㈢帿鐟伴櫠鐡峰晢鍩巁files

[ 2016-05-17T12:10:24+08:00 ] ::1 /xiangmu/TaoCiWang/index.php/Home/Person/%E7%BA%A2%E7%8E%AB%E7%91%B0%E9%99%B6%E7%93%B7%E5%95%86%E5%9F%8E_files/17862029.js
ERR: 非法操作:红玫瑰陶瓷商城_files

[ 2016-05-17T12:10:40+08:00 ] ::1 /xiangmu/TaoCiWang/index.php/Home/Person/%E7%BA%A2%E7%8E%AB%E7%91%B0%E9%99%B6%E7%93%B7%E5%95%86%E5%9F%8E_files/17862029.js
ERR: 非法操作:红玫瑰陶瓷商城_files

[ 2016-05-17T12:10:57+08:00 ] ::1 /xiangmu/TaoCiWang/index.php/Home/Person/%E7%BA%A2%E7%8E%AB%E7%91%B0%E9%99%B6%E7%93%B7%E5%95%86%E5%9F%8E_files/17862029.js
ERR: 非法操作:红玫瑰陶瓷商城_files

[ 2016-05-17T12:11:02+08:00 ] ::1 /xiangmu/TaoCiWang/index.php/Home/Person/%E7%BA%A2%E7%8E%AB%E7%91%B0%E9%99%B6%E7%93%B7%E5%95%86%E5%9F%8E_files/17862029.js
ERR: 非法操作:红玫瑰陶瓷商城_files

[ 2016-05-17T12:12:33+08:00 ] ::1 /xiangmu/TaoCiWang/index.php/Home/Person/%E7%BA%A2%E7%8E%AB%E7%91%B0%E9%99%B6%E7%93%B7%E5%95%86%E5%9F%8E_files/17862029.js
ERR: 非法操作:红玫瑰陶瓷商城_files

[ 2016-05-17T12:12:50+08:00 ] ::1 /xiangmu/TaoCiWang/index.php/Home/Person/%E7%BA%A2%E7%8E%AB%E7%91%B0%E9%99%B6%E7%93%B7%E5%95%86%E5%9F%8E_files/17862029.js
ERR: 非法操作:红玫瑰陶瓷商城_files

[ 2016-05-17T12:13:14+08:00 ] ::1 /xiangmu/TaoCiWang/index.php/Home/Order/%E7%BA%A2%E7%8E%AB%E7%91%B0%E9%99%B6%E7%93%B7%E5%95%86%E5%9F%8E_files/17862029.js
ERR: 非法操作:红玫瑰陶瓷商城_files

[ 2016-05-17T12:18:19+08:00 ] ::1 /xiangmu/TaoCiWang/index.php/Home/Person/%E7%BA%A2%E7%8E%AB%E7%91%B0%E9%99%B6%E7%93%B7%E5%95%86%E5%9F%8E_files/17862029.js
ERR: 非法操作:红玫瑰陶瓷商城_files

[ 2016-05-17T12:18:42+08:00 ] ::1 /xiangmu/TaoCiWang/index.php/Home/Person/%E7%BA%A2%E7%8E%AB%E7%91%B0%E9%99%B6%E7%93%B7%E5%95%86%E5%9F%8E_files/17862029.js
ERR: 非法操作:红玫瑰陶瓷商城_files

[ 2016-05-17T13:59:29+08:00 ] ::1 /xiangmu/TaoCiWang/index.php/Home/Person/%E7%BA%A2%E7%8E%AB%E7%91%B0%E9%99%B6%E7%93%B7%E5%95%86%E5%9F%8E_files/17862029.js
ERR: 非法操作:红玫瑰陶瓷商城_files

[ 2016-05-17T13:59:32+08:00 ] ::1 /xiangmu/TaoCiWang/index.php/Home/Person/%E7%BA%A2%E7%8E%AB%E7%91%B0%E9%99%B6%E7%93%B7%E5%95%86%E5%9F%8E_files/17862029.js
ERR: 非法操作:红玫瑰陶瓷商城_files

[ 2016-05-17T13:59:35+08:00 ] ::1 /xiangmu/TaoCiWang/index.php/Home/Order/%E7%BA%A2%E7%8E%AB%E7%91%B0%E9%99%B6%E7%93%B7%E5%95%86%E5%9F%8E_files/17862029.js
ERR: 非法操作:红玫瑰陶瓷商城_files

[ 2016-05-17T13:59:40+08:00 ] ::1 /xiangmu/TaoCiWang/index.php/Home/Order/%E7%BA%A2%E7%8E%AB%E7%91%B0%E9%99%B6%E7%93%B7%E5%95%86%E5%9F%8E_files/17862029.js
ERR: 非法操作:红玫瑰陶瓷商城_files

[ 2016-05-17T13:59:43+08:00 ] ::1 /xiangmu/TaoCiWang/index.php/Home/Person/%E7%BA%A2%E7%8E%AB%E7%91%B0%E9%99%B6%E7%93%B7%E5%95%86%E5%9F%8E_files/17862029.js
ERR: 非法操作:红玫瑰陶瓷商城_files

[ 2016-05-17T13:59:56+08:00 ] ::1 /xiangmu/TaoCiWang/index.php/Home/Person/%E7%BA%A2%E7%8E%AB%E7%91%B0%E9%99%B6%E7%93%B7%E5%95%86%E5%9F%8E_files/17862029.js
ERR: 非法操作:红玫瑰陶瓷商城_files

[ 2016-05-17T14:00:10+08:00 ] ::1 /xiangmu/TaoCiWang/index.php/Home/Person/%E7%BA%A2%E7%8E%AB%E7%91%B0%E9%99%B6%E7%93%B7%E5%95%86%E5%9F%8E_files/17862029.js
ERR: 非法操作:红玫瑰陶瓷商城_files

[ 2016-05-17T14:00:59+08:00 ] ::1 /xiangmu/TaoCiWang/index.php/Home/Person/%E7%BB%BE%E3%88%A2%E5%B8%BF%E9%90%9F%E4%BC%B4%E6%AB%A0%E9%90%A1%E5%B3%B0%E6%99%A2%E9%8D%A9%E5%B7%81files/17862029.js
ERR: 非法操作:绾㈢帿鐟伴櫠鐡峰晢鍩巁files

[ 2016-05-17T14:04:00+08:00 ] ::1 /xiangmu/TaoCiWang/index.php/Home/Person/%E7%BA%A2%E7%8E%AB%E7%91%B0%E9%99%B6%E7%93%B7%E5%95%86%E5%9F%8E_files/17862029.js
ERR: 非法操作:红玫瑰陶瓷商城_files

[ 2016-05-17T14:04:14+08:00 ] ::1 /xiangmu/TaoCiWang/index.php/Home/Person/%E7%BA%A2%E7%8E%AB%E7%91%B0%E9%99%B6%E7%93%B7%E5%95%86%E5%9F%8E_files/17862029.js
ERR: 非法操作:红玫瑰陶瓷商城_files

[ 2016-05-17T14:05:12+08:00 ] ::1 /xiangmu/TaoCiWang/index.php/Home/Person/%E7%BA%A2%E7%8E%AB%E7%91%B0%E9%99%B6%E7%93%B7%E5%95%86%E5%9F%8E_files/17862029.js
ERR: 非法操作:红玫瑰陶瓷商城_files

[ 2016-05-17T14:05:28+08:00 ] ::1 /xiangmu/TaoCiWang/index.php/Home/Person/%E7%BA%A2%E7%8E%AB%E7%91%B0%E9%99%B6%E7%93%B7%E5%95%86%E5%9F%8E_files/17862029.js
ERR: 非法操作:红玫瑰陶瓷商城_files

[ 2016-05-17T14:05:38+08:00 ] ::1 /xiangmu/TaoCiWang/index.php/Home/Person/%E7%BA%A2%E7%8E%AB%E7%91%B0%E9%99%B6%E7%93%B7%E5%95%86%E5%9F%8E_files/17862029.js
ERR: 非法操作:红玫瑰陶瓷商城_files

[ 2016-05-17T14:05:46+08:00 ] ::1 /xiangmu/TaoCiWang/index.php/Home/Person/%E7%BA%A2%E7%8E%AB%E7%91%B0%E9%99%B6%E7%93%B7%E5%95%86%E5%9F%8E_files/17862029.js
ERR: 非法操作:红玫瑰陶瓷商城_files

[ 2016-05-17T14:05:52+08:00 ] ::1 /xiangmu/TaoCiWang/index.php/Home/Person/%E7%BA%A2%E7%8E%AB%E7%91%B0%E9%99%B6%E7%93%B7%E5%95%86%E5%9F%8E_files/17862029.js
ERR: 非法操作:红玫瑰陶瓷商城_files

[ 2016-05-17T14:05:57+08:00 ] ::1 /xiangmu/TaoCiWang/index.php/Home/Person/%E7%BA%A2%E7%8E%AB%E7%91%B0%E9%99%B6%E7%93%B7%E5%95%86%E5%9F%8E_files/17862029.js
ERR: 非法操作:红玫瑰陶瓷商城_files

[ 2016-05-17T14:07:28+08:00 ] ::1 /xiangmu/TaoCiWang/index.php/Home/Person/%E7%BA%A2%E7%8E%AB%E7%91%B0%E9%99%B6%E7%93%B7%E5%95%86%E5%9F%8E_files/17862029.js
ERR: 非法操作:红玫瑰陶瓷商城_files

[ 2016-05-17T14:07:55+08:00 ] ::1 /xiangmu/TaoCiWang/index.php/Home/Order/%E7%BA%A2%E7%8E%AB%E7%91%B0%E9%99%B6%E7%93%B7%E5%95%86%E5%9F%8E_files/17862029.js
ERR: 非法操作:红玫瑰陶瓷商城_files

[ 2016-05-17T14:07:59+08:00 ] ::1 /xiangmu/TaoCiWang/index.php/Home/Person/%E7%BA%A2%E7%8E%AB%E7%91%B0%E9%99%B6%E7%93%B7%E5%95%86%E5%9F%8E_files/17862029.js
ERR: 非法操作:红玫瑰陶瓷商城_files

[ 2016-05-17T14:08:20+08:00 ] ::1 /xiangmu/TaoCiWang/index.php/Home/Person/%E7%BA%A2%E7%8E%AB%E7%91%B0%E9%99%B6%E7%93%B7%E5%95%86%E5%9F%8E_files/17862029.js
ERR: 非法操作:红玫瑰陶瓷商城_files

[ 2016-05-17T14:08:38+08:00 ] ::1 /xiangmu/TaoCiWang/index.php/Home/Shop/%E7%BA%A2%E7%8E%AB%E7%91%B0%E9%99%B6%E7%93%B7%E5%95%86%E5%9F%8E_files/17862029.js
ERR: 非法操作:红玫瑰陶瓷商城_files

[ 2016-05-17T14:10:40+08:00 ] ::1 /xiangmu/TaoCiWang/index.php/Home/Person/baseinfo
ERR: 错误的查询条件:[username=>liushuaicai]

[ 2016-05-17T14:11:59+08:00 ] ::1 /xiangmu/TaoCiWang/index.php/Home/Person/%E7%BA%A2%E7%8E%AB%E7%91%B0%E9%99%B6%E7%93%B7%E5%95%86%E5%9F%8E_files/17862029.js
ERR: 非法操作:红玫瑰陶瓷商城_files

[ 2016-05-17T14:13:10+08:00 ] ::1 /xiangmu/TaoCiWang/index.php/Home/Person/%E7%BA%A2%E7%8E%AB%E7%91%B0%E9%99%B6%E7%93%B7%E5%95%86%E5%9F%8E_files/17862029.js
ERR: 非法操作:红玫瑰陶瓷商城_files

[ 2016-05-17T14:20:03+08:00 ] ::1 /xiangmu/TaoCiWang/index.php/Home/Shop/%E7%BA%A2%E7%8E%AB%E7%91%B0%E9%99%B6%E7%93%B7%E5%95%86%E5%9F%8E_files/17862029.js
ERR: 非法操作:红玫瑰陶瓷商城_files

[ 2016-05-17T14:20:08+08:00 ] ::1 /xiangmu/TaoCiWang/index.php/Home/Promotion/%E7%BA%A2%E7%8E%AB%E7%91%B0%E9%99%B6%E7%93%B7%E5%95%86%E5%9F%8E_files/17862029.js
ERR: 非法操作:红玫瑰陶瓷商城_files

[ 2016-05-17T14:20:10+08:00 ] ::1 /xiangmu/TaoCiWang/index.php/Home/Hot/%E7%BA%A2%E7%8E%AB%E7%91%B0%E9%99%B6%E7%93%B7%E5%95%86%E5%9F%8E_files/17862029.js
ERR: 非法操作:红玫瑰陶瓷商城_files

[ 2016-05-17T14:20:13+08:00 ] ::1 /xiangmu/TaoCiWang/index.php/Home/Special/%E7%BA%A2%E7%8E%AB%E7%91%B0%E9%99%B6%E7%93%B7%E5%95%86%E5%9F%8E_files/17862029.js
ERR: 非法操作:红玫瑰陶瓷商城_files

[ 2016-05-17T14:20:15+08:00 ] ::1 /xiangmu/TaoCiWang/index.php/Home/Newgoods/%E7%BA%A2%E7%8E%AB%E7%91%B0%E9%99%B6%E7%93%B7%E5%95%86%E5%9F%8E_files/17862029.js
ERR: 非法操作:红玫瑰陶瓷商城_files

[ 2016-05-17T14:20:18+08:00 ] ::1 /xiangmu/TaoCiWang/index.php/Home/GoodsList/%E7%BA%A2%E7%8E%AB%E7%91%B0%E9%99%B6%E7%93%B7%E5%95%86%E5%9F%8E_files/17862029.js
ERR: 非法操作:红玫瑰陶瓷商城_files

[ 2016-05-17T14:20:22+08:00 ] ::1 /xiangmu/TaoCiWang/index.php/Home/Index/%E7%BA%A2%E7%8E%AB%E7%91%B0%E9%99%B6%E7%93%B7%E5%95%86%E5%9F%8E_files/17862029.js
ERR: 非法操作:红玫瑰陶瓷商城_files

