[ 2016-04-23T22:46:01+08:00 ] ::1 /xiangmu/TaoCiWang1/index.php/Home/Registr/%E7%BA%A2%E7%8E%AB%E7%91%B0%E9%99%B6%E7%93%B7%E5%95%86%E5%9F%8E_files/17862029.js
ERR: 非法操作:红玫瑰陶瓷商城_files

[ 2016-04-23T22:48:09+08:00 ] ::1 /xiangmu/TaoCiWang1/index.php/Home/Login/%E7%BA%A2%E7%8E%AB%E7%91%B0%E9%99%B6%E7%93%B7%E5%95%86%E5%9F%8E_files/17862029.js
ERR: 非法操作:红玫瑰陶瓷商城_files

[ 2016-04-23T22:53:42+08:00 ] ::1 /xiangmu/TaoCiWang1/index.php/Home/Newgoods/%E7%BA%A2%E7%8E%AB%E7%91%B0%E9%99%B6%E7%93%B7%E5%95%86%E5%9F%8E_files/17862029.js
ERR: 非法操作:红玫瑰陶瓷商城_files

[ 2016-04-23T22:53:47+08:00 ] ::1 /xiangmu/TaoCiWang1/index.php/Home/Detail/%E7%BA%A2%E7%8E%AB%E7%91%B0%E9%99%B6%E7%93%B7%E5%95%86%E5%9F%8E_files/17862029.js
ERR: 非法操作:红玫瑰陶瓷商城_files

[ 2016-04-23T22:54:35+08:00 ] ::1 /xiangmu/TaoCiWang1/index.php/Home/Newgoods/%E7%BA%A2%E7%8E%AB%E7%91%B0%E9%99%B6%E7%93%B7%E5%95%86%E5%9F%8E_files/17862029.js
ERR: 非法操作:红玫瑰陶瓷商城_files

[ 2016-04-23T22:54:37+08:00 ] ::1 /xiangmu/TaoCiWang1/index.php/Home/Index/%E7%BA%A2%E7%8E%AB%E7%91%B0%E9%99%B6%E7%93%B7%E5%95%86%E5%9F%8E_files/17862029.js
ERR: 非法操作:红玫瑰陶瓷商城_files

[ 2016-04-23T22:54:39+08:00 ] ::1 /xiangmu/TaoCiWang1/index.php/Home/Special/%E7%BA%A2%E7%8E%AB%E7%91%B0%E9%99%B6%E7%93%B7%E5%95%86%E5%9F%8E_files/17862029.js
ERR: 非法操作:红玫瑰陶瓷商城_files

[ 2016-04-23T22:54:41+08:00 ] ::1 /xiangmu/TaoCiWang1/index.php/Home/Hot/%E7%BA%A2%E7%8E%AB%E7%91%B0%E9%99%B6%E7%93%B7%E5%95%86%E5%9F%8E_files/17862029.js
ERR: 非法操作:红玫瑰陶瓷商城_files

[ 2016-04-23T22:54:43+08:00 ] ::1 /xiangmu/TaoCiWang1/index.php/Home/Promotion/%E7%BA%A2%E7%8E%AB%E7%91%B0%E9%99%B6%E7%93%B7%E5%95%86%E5%9F%8E_files/17862029.js
ERR: 非法操作:红玫瑰陶瓷商城_files

[ 2016-04-23T22:54:45+08:00 ] ::1 /xiangmu/TaoCiWang1/index.php/Home/Newgoods/%E7%BA%A2%E7%8E%AB%E7%91%B0%E9%99%B6%E7%93%B7%E5%95%86%E5%9F%8E_files/17862029.js
ERR: 非法操作:红玫瑰陶瓷商城_files

[ 2016-04-23T22:54:47+08:00 ] ::1 /xiangmu/TaoCiWang1/index.php/Home/Index/%E7%BA%A2%E7%8E%AB%E7%91%B0%E9%99%B6%E7%93%B7%E5%95%86%E5%9F%8E_files/17862029.js
ERR: 非法操作:红玫瑰陶瓷商城_files

[ 2016-04-23T22:56:38+08:00 ] ::1 /xiangmu/TaoCiWang1/index.php/Home/Index/%E7%BA%A2%E7%8E%AB%E7%91%B0%E9%99%B6%E7%93%B7%E5%95%86%E5%9F%8E_files/17862029.js
ERR: 非法操作:红玫瑰陶瓷商城_files

