[ 2016-05-09T00:00:43+08:00 ] ::1 /xiangmu/TaoCiWang/index.php/Home/Newgoods/%E7%BA%A2%E7%8E%AB%E7%91%B0%E9%99%B6%E7%93%B7%E5%95%86%E5%9F%8E_files/17862029.js
ERR: 非法操作:红玫瑰陶瓷商城_files

[ 2016-05-09T00:02:51+08:00 ] ::1 /xiangmu/TaoCiWang/index.php/Home/Newgoods/%E7%BA%A2%E7%8E%AB%E7%91%B0%E9%99%B6%E7%93%B7%E5%95%86%E5%9F%8E_files/17862029.js
ERR: 非法操作:红玫瑰陶瓷商城_files

[ 2016-05-09T00:03:01+08:00 ] ::1 /xiangmu/TaoCiWang/index.php/Home/GoodsList/%E7%BA%A2%E7%8E%AB%E7%91%B0%E9%99%B6%E7%93%B7%E5%95%86%E5%9F%8E_files/17862029.js
ERR: 非法操作:红玫瑰陶瓷商城_files

[ 2016-05-09T00:05:25+08:00 ] ::1 /xiangmu/TaoCiWang/index.php/Home/GoodsList/%E7%BA%A2%E7%8E%AB%E7%91%B0%E9%99%B6%E7%93%B7%E5%95%86%E5%9F%8E_files/17862029.js
ERR: 非法操作:红玫瑰陶瓷商城_files

[ 2016-05-09T00:09:16+08:00 ] ::1 /xiangmu/TaoCiWang/index.php/Home/GoodsList/%E7%BA%A2%E7%8E%AB%E7%91%B0%E9%99%B6%E7%93%B7%E5%95%86%E5%9F%8E_files/17862029.js
ERR: 非法操作:红玫瑰陶瓷商城_files

[ 2016-05-09T00:10:56+08:00 ] ::1 /xiangmu/TaoCiWang/index.php/Home/GoodsList/%E7%BA%A2%E7%8E%AB%E7%91%B0%E9%99%B6%E7%93%B7%E5%95%86%E5%9F%8E_files/17862029.js
ERR: 非法操作:红玫瑰陶瓷商城_files

[ 2016-05-09T00:12:05+08:00 ] ::1 /xiangmu/TaoCiWang/index.php/Home/GoodsList/%E7%BA%A2%E7%8E%AB%E7%91%B0%E9%99%B6%E7%93%B7%E5%95%86%E5%9F%8E_files/17862029.js
ERR: 非法操作:红玫瑰陶瓷商城_files

[ 2016-05-09T00:14:09+08:00 ] ::1 /xiangmu/TaoCiWang/index.php/Home/GoodsList/%E7%BA%A2%E7%8E%AB%E7%91%B0%E9%99%B6%E7%93%B7%E5%95%86%E5%9F%8E_files/17862029.js
ERR: 非法操作:红玫瑰陶瓷商城_files

[ 2016-05-09T00:15:58+08:00 ] ::1 /xiangmu/TaoCiWang/index.php/Home/GoodsList/%E7%BA%A2%E7%8E%AB%E7%91%B0%E9%99%B6%E7%93%B7%E5%95%86%E5%9F%8E_files/17862029.js
ERR: 非法操作:红玫瑰陶瓷商城_files

[ 2016-05-09T00:16:11+08:00 ] ::1 /xiangmu/TaoCiWang/index.php/Home/GoodsList/%E7%BA%A2%E7%8E%AB%E7%91%B0%E9%99%B6%E7%93%B7%E5%95%86%E5%9F%8E_files/17862029.js
ERR: 非法操作:红玫瑰陶瓷商城_files

[ 2016-05-09T00:16:42+08:00 ] ::1 /xiangmu/TaoCiWang/index.php/Home/GoodsList/%E7%BA%A2%E7%8E%AB%E7%91%B0%E9%99%B6%E7%93%B7%E5%95%86%E5%9F%8E_files/17862029.js
ERR: 非法操作:红玫瑰陶瓷商城_files

[ 2016-05-09T00:17:16+08:00 ] ::1 /xiangmu/TaoCiWang/index.php/Home/GoodsList/%E7%BA%A2%E7%8E%AB%E7%91%B0%E9%99%B6%E7%93%B7%E5%95%86%E5%9F%8E_files/17862029.js
ERR: 非法操作:红玫瑰陶瓷商城_files

[ 2016-05-09T00:22:24+08:00 ] ::1 /xiangmu/TaoCiWang/index.php/Home/GoodsList/%E7%BA%A2%E7%8E%AB%E7%91%B0%E9%99%B6%E7%93%B7%E5%95%86%E5%9F%8E_files/17862029.js
ERR: 非法操作:红玫瑰陶瓷商城_files

[ 2016-05-09T00:22:30+08:00 ] ::1 /xiangmu/TaoCiWang/index.php/Home/GoodsList/%E7%BA%A2%E7%8E%AB%E7%91%B0%E9%99%B6%E7%93%B7%E5%95%86%E5%9F%8E_files/17862029.js
ERR: 非法操作:红玫瑰陶瓷商城_files

[ 2016-05-09T00:24:07+08:00 ] ::1 /xiangmu/TaoCiWang/index.php/Home/GoodsList/%E7%BA%A2%E7%8E%AB%E7%91%B0%E9%99%B6%E7%93%B7%E5%95%86%E5%9F%8E_files/17862029.js
ERR: 非法操作:红玫瑰陶瓷商城_files

[ 2016-05-09T00:33:46+08:00 ] ::1 /xiangmu/TaoCiWang/index.php/Home/Detail/%E7%BA%A2%E7%8E%AB%E7%91%B0%E9%99%B6%E7%93%B7%E5%95%86%E5%9F%8E_files/17862029.js
ERR: 非法操作:红玫瑰陶瓷商城_files

[ 2016-05-09T00:40:17+08:00 ] ::1 /xiangmu/TaoCiWang/index.php/Home/GoodsList/%E7%BA%A2%E7%8E%AB%E7%91%B0%E9%99%B6%E7%93%B7%E5%95%86%E5%9F%8E_files/17862029.js
ERR: 非法操作:红玫瑰陶瓷商城_files

[ 2016-05-09T00:47:47+08:00 ] ::1 /xiangmu/TaoCiWang/index.php/Home/GoodsList/%E7%BA%A2%E7%8E%AB%E7%91%B0%E9%99%B6%E7%93%B7%E5%95%86%E5%9F%8E_files/17862029.js
ERR: 非法操作:红玫瑰陶瓷商城_files

[ 2016-05-09T00:47:59+08:00 ] ::1 /xiangmu/TaoCiWang/index.php/Home/GoodsList/%E7%BA%A2%E7%8E%AB%E7%91%B0%E9%99%B6%E7%93%B7%E5%95%86%E5%9F%8E_files/17862029.js
ERR: 非法操作:红玫瑰陶瓷商城_files

[ 2016-05-09T00:48:03+08:00 ] ::1 /xiangmu/TaoCiWang/index.php/Home/GoodsList/goodslist.html
INFO: [ app_begin ] --START--
INFO: Run Behavior\ReadHtmlCacheBehavior [ RunTime:0.001339s ]
INFO: [ app_begin ] --END-- [ RunTime:0.002451s ]
SQL: DESCRIBE taoci_goods [ RunTime:0.004264s ]
SQL: SELECT * FROM `taoci_goods` WHERE `name` LIKE '%5%'  [ RunTime:0.000463s ]
SQL: DESCRIBE taoci_type [ RunTime:0.003941s ]
SQL: SELECT * FROM `taoci_type` WHERE ( pid=0 )  [ RunTime:0.000334s ]
INFO: [ view_parse ] --START--
INFO: [ template_filter ] --START--
INFO: Run Behavior\ContentReplaceBehavior [ RunTime:0.000097s ]
INFO: [ template_filter ] --END-- [ RunTime:0.000143s ]
INFO: [ view_parse ] --START--
INFO: [ template_filter ] --START--
INFO: Run Behavior\ContentReplaceBehavior [ RunTime:0.000050s ]
INFO: [ template_filter ] --END-- [ RunTime:-0.005093s ]
INFO: Run Behavior\ParseTemplateBehavior [ RunTime:0.003840s ]
INFO: [ view_parse ] --END-- [ RunTime:0.003891s ]
INFO: [ view_filter ] --START--
INFO: Run Behavior\WriteHtmlCacheBehavior [ RunTime:0.000546s ]
INFO: [ view_filter ] --END-- [ RunTime:0.000584s ]
INFO: [ view_parse ] --START--
INFO: [ template_filter ] --START--
INFO: Run Behavior\ContentReplaceBehavior [ RunTime:0.000041s ]
INFO: [ template_filter ] --END-- [ RunTime:-0.009803s ]
INFO: Run Behavior\ParseTemplateBehavior [ RunTime:0.003046s ]
INFO: [ view_parse ] --END-- [ RunTime:-0.001109s ]
INFO: [ view_filter ] --START--
INFO: Run Behavior\WriteHtmlCacheBehavior [ RunTime:0.000010s ]
INFO: [ view_filter ] --END-- [ RunTime:-0.003610s ]
INFO: Run Behavior\ParseTemplateBehavior [ RunTime:0.003170s ]
INFO: [ view_parse ] --END-- [ RunTime:-0.001109s ]
INFO: [ view_filter ] --START--
INFO: Run Behavior\WriteHtmlCacheBehavior [ RunTime:0.000008s ]
INFO: [ view_filter ] --END-- [ RunTime:-0.003727s ]
INFO: [ app_end ] --START--
INFO: Run Behavior\ShowPageTraceBehavior [ RunTime:0.000959s ]
INFO: [ app_end ] --END-- [ RunTime:0.001007s ]

[ 2016-05-09T00:48:04+08:00 ] ::1 /xiangmu/TaoCiWang/index.php/Home/GoodsList/goodslist.html
INFO: [ app_begin ] --START--
INFO: Run Behavior\ReadHtmlCacheBehavior [ RunTime:0.001158s ]
INFO: [ app_begin ] --END-- [ RunTime:0.001971s ]
SQL: DESCRIBE taoci_goods [ RunTime:0.004448s ]
SQL: SELECT * FROM `taoci_goods` WHERE `name` LIKE '%56%'  [ RunTime:0.000472s ]
SQL: DESCRIBE taoci_type [ RunTime:0.003792s ]
SQL: SELECT * FROM `taoci_type` WHERE ( pid=0 )  [ RunTime:0.000326s ]
INFO: [ view_parse ] --START--
INFO: [ template_filter ] --START--
INFO: Run Behavior\ContentReplaceBehavior [ RunTime:0.000096s ]
INFO: [ template_filter ] --END-- [ RunTime:0.000137s ]
INFO: [ view_parse ] --START--
INFO: [ template_filter ] --START--
INFO: Run Behavior\ContentReplaceBehavior [ RunTime:0.000049s ]
INFO: [ template_filter ] --END-- [ RunTime:-0.004907s ]
INFO: Run Behavior\ParseTemplateBehavior [ RunTime:0.003777s ]
INFO: [ view_parse ] --END-- [ RunTime:0.003824s ]
INFO: [ view_filter ] --START--
INFO: Run Behavior\WriteHtmlCacheBehavior [ RunTime:0.000459s ]
INFO: [ view_filter ] --END-- [ RunTime:0.000494s ]
INFO: [ view_parse ] --START--
INFO: [ template_filter ] --START--
INFO: Run Behavior\ContentReplaceBehavior [ RunTime:0.000038s ]
INFO: [ template_filter ] --END-- [ RunTime:-0.009441s ]
INFO: Run Behavior\ParseTemplateBehavior [ RunTime:0.003073s ]
INFO: [ view_parse ] --END-- [ RunTime:-0.001005s ]
INFO: [ view_filter ] --START--
INFO: Run Behavior\WriteHtmlCacheBehavior [ RunTime:0.000010s ]
INFO: [ view_filter ] --END-- [ RunTime:-0.003621s ]
INFO: Run Behavior\ParseTemplateBehavior [ RunTime:0.003197s ]
INFO: [ view_parse ] --END-- [ RunTime:-0.001005s ]
INFO: [ view_filter ] --START--
INFO: Run Behavior\WriteHtmlCacheBehavior [ RunTime:0.000009s ]
INFO: [ view_filter ] --END-- [ RunTime:-0.003740s ]
INFO: [ app_end ] --START--
INFO: Run Behavior\ShowPageTraceBehavior [ RunTime:0.001091s ]
INFO: [ app_end ] --END-- [ RunTime:0.001147s ]

[ 2016-05-09T00:48:53+08:00 ] ::1 /xiangmu/TaoCiWang/index.php/Home/GoodsList/%E7%BA%A2%E7%8E%AB%E7%91%B0%E9%99%B6%E7%93%B7%E5%95%86%E5%9F%8E_files/17862029.js
ERR: 非法操作:红玫瑰陶瓷商城_files

[ 2016-05-09T00:49:10+08:00 ] ::1 /xiangmu/TaoCiWang/index.php/Home/GoodsList/goodslist.html
INFO: [ app_begin ] --START--
INFO: Run Behavior\ReadHtmlCacheBehavior [ RunTime:0.001683s ]
INFO: [ app_begin ] --END-- [ RunTime:0.002694s ]
SQL: DESCRIBE taoci_goods [ RunTime:0.004197s ]
SQL: SELECT * FROM `taoci_goods` WHERE `name` LIKE '%5%'  [ RunTime:0.000444s ]
SQL: DESCRIBE taoci_type [ RunTime:0.003858s ]
SQL: SELECT * FROM `taoci_type` WHERE ( pid=0 )  [ RunTime:0.000305s ]
INFO: [ view_parse ] --START--
INFO: [ template_filter ] --START--
INFO: Run Behavior\ContentReplaceBehavior [ RunTime:0.000096s ]
INFO: [ template_filter ] --END-- [ RunTime:0.000161s ]
INFO: [ view_parse ] --START--
INFO: [ template_filter ] --START--
INFO: Run Behavior\ContentReplaceBehavior [ RunTime:0.000049s ]
INFO: [ template_filter ] --END-- [ RunTime:-0.005108s ]
INFO: Run Behavior\ParseTemplateBehavior [ RunTime:0.004062s ]
INFO: [ view_parse ] --END-- [ RunTime:0.004113s ]
INFO: [ view_filter ] --START--
INFO: Run Behavior\WriteHtmlCacheBehavior [ RunTime:0.000533s ]
INFO: [ view_filter ] --END-- [ RunTime:0.000579s ]
INFO: [ view_parse ] --START--
INFO: [ template_filter ] --START--
INFO: Run Behavior\ContentReplaceBehavior [ RunTime:0.000041s ]
INFO: [ template_filter ] --END-- [ RunTime:-0.010066s ]
INFO: Run Behavior\ParseTemplateBehavior [ RunTime:0.003210s ]
INFO: [ view_parse ] --END-- [ RunTime:-0.001143s ]
INFO: [ view_filter ] --START--
INFO: Run Behavior\WriteHtmlCacheBehavior [ RunTime:0.000011s ]
INFO: [ view_filter ] --END-- [ RunTime:-0.003814s ]
INFO: Run Behavior\ParseTemplateBehavior [ RunTime:0.003336s ]
INFO: [ view_parse ] --END-- [ RunTime:-0.001143s ]
INFO: [ view_filter ] --START--
INFO: Run Behavior\WriteHtmlCacheBehavior [ RunTime:0.000009s ]
INFO: [ view_filter ] --END-- [ RunTime:-0.003935s ]
INFO: [ app_end ] --START--
INFO: Run Behavior\ShowPageTraceBehavior [ RunTime:0.001124s ]
INFO: [ app_end ] --END-- [ RunTime:0.001178s ]

[ 2016-05-09T00:49:10+08:00 ] ::1 /xiangmu/TaoCiWang/index.php/Home/GoodsList/goodslist.html
INFO: [ app_begin ] --START--
INFO: Run Behavior\ReadHtmlCacheBehavior [ RunTime:0.001383s ]
INFO: [ app_begin ] --END-- [ RunTime:0.002335s ]
SQL: DESCRIBE taoci_goods [ RunTime:0.004387s ]
SQL: SELECT * FROM `taoci_goods` WHERE `name` LIKE '%56%'  [ RunTime:0.000458s ]
SQL: DESCRIBE taoci_type [ RunTime:0.003810s ]
SQL: SELECT * FROM `taoci_type` WHERE ( pid=0 )  [ RunTime:0.000334s ]
INFO: [ view_parse ] --START--
INFO: [ template_filter ] --START--
INFO: Run Behavior\ContentReplaceBehavior [ RunTime:0.000097s ]
INFO: [ template_filter ] --END-- [ RunTime:0.000140s ]
INFO: [ view_parse ] --START--
INFO: [ template_filter ] --START--
INFO: Run Behavior\ContentReplaceBehavior [ RunTime:0.000046s ]
INFO: [ template_filter ] --END-- [ RunTime:-0.005079s ]
INFO: Run Behavior\ParseTemplateBehavior [ RunTime:0.003749s ]
INFO: [ view_parse ] --END-- [ RunTime:0.003800s ]
INFO: [ view_filter ] --START--
INFO: Run Behavior\WriteHtmlCacheBehavior [ RunTime:0.000655s ]
INFO: [ view_filter ] --END-- [ RunTime:0.000695s ]
INFO: [ view_parse ] --START--
INFO: [ template_filter ] --START--
INFO: Run Behavior\ContentReplaceBehavior [ RunTime:0.000041s ]
INFO: [ template_filter ] --END-- [ RunTime:-0.010027s ]
INFO: Run Behavior\ParseTemplateBehavior [ RunTime:0.003266s ]
INFO: [ view_parse ] --END-- [ RunTime:-0.001294s ]
INFO: [ view_filter ] --START--
INFO: Run Behavior\WriteHtmlCacheBehavior [ RunTime:0.000012s ]
INFO: [ view_filter ] --END-- [ RunTime:-0.003912s ]
INFO: Run Behavior\ParseTemplateBehavior [ RunTime:0.003409s ]
INFO: [ view_parse ] --END-- [ RunTime:-0.001294s ]
INFO: [ view_filter ] --START--
INFO: Run Behavior\WriteHtmlCacheBehavior [ RunTime:0.000011s ]
INFO: [ view_filter ] --END-- [ RunTime:-0.004045s ]
INFO: [ app_end ] --START--
INFO: Run Behavior\ShowPageTraceBehavior [ RunTime:0.001058s ]
INFO: [ app_end ] --END-- [ RunTime:0.001107s ]

[ 2016-05-09T00:50:35+08:00 ] ::1 /xiangmu/TaoCiWang/index.php/Home/GoodsList/goodslist.html
INFO: [ app_begin ] --START--
INFO: Run Behavior\ReadHtmlCacheBehavior [ RunTime:0.001630s ]
INFO: [ app_begin ] --END-- [ RunTime:0.002496s ]
SQL: DESCRIBE taoci_goods [ RunTime:0.004340s ]
SQL: SELECT * FROM `taoci_goods` WHERE `name` LIKE '%5%'  [ RunTime:0.000454s ]
SQL: DESCRIBE taoci_type [ RunTime:0.003900s ]
SQL: SELECT * FROM `taoci_type` WHERE ( pid=0 )  [ RunTime:0.000307s ]
INFO: [ view_parse ] --START--
INFO: [ template_filter ] --START--
INFO: Run Behavior\ContentReplaceBehavior [ RunTime:0.000096s ]
INFO: [ template_filter ] --END-- [ RunTime:0.000139s ]
INFO: [ view_parse ] --START--
INFO: [ template_filter ] --START--
INFO: Run Behavior\ContentReplaceBehavior [ RunTime:0.000051s ]
INFO: [ template_filter ] --END-- [ RunTime:-0.005130s ]
INFO: Run Behavior\ParseTemplateBehavior [ RunTime:0.003910s ]
INFO: [ view_parse ] --END-- [ RunTime:0.003961s ]
INFO: [ view_filter ] --START--
INFO: Run Behavior\WriteHtmlCacheBehavior [ RunTime:0.000646s ]
INFO: [ view_filter ] --END-- [ RunTime:0.000682s ]
INFO: [ view_parse ] --START--
INFO: [ template_filter ] --START--
INFO: Run Behavior\ContentReplaceBehavior [ RunTime:0.000041s ]
INFO: [ template_filter ] --END-- [ RunTime:-0.010070s ]
INFO: Run Behavior\ParseTemplateBehavior [ RunTime:0.003231s ]
INFO: [ view_parse ] --END-- [ RunTime:-0.001217s ]
INFO: [ view_filter ] --START--
INFO: Run Behavior\WriteHtmlCacheBehavior [ RunTime:0.000011s ]
INFO: [ view_filter ] --END-- [ RunTime:-0.003809s ]
INFO: Run Behavior\ParseTemplateBehavior [ RunTime:0.003385s ]
INFO: [ view_parse ] --END-- [ RunTime:-0.001217s ]
INFO: [ view_filter ] --START--
INFO: Run Behavior\WriteHtmlCacheBehavior [ RunTime:0.000009s ]
INFO: [ view_filter ] --END-- [ RunTime:-0.003954s ]
INFO: [ app_end ] --START--
INFO: Run Behavior\ShowPageTraceBehavior [ RunTime:0.001072s ]
INFO: [ app_end ] --END-- [ RunTime:0.001126s ]

[ 2016-05-09T00:52:11+08:00 ] ::1 /xiangmu/TaoCiWang/index.php/Home/GoodsList/%E7%BB%BE%E3%88%A2%E5%B8%BF%E9%90%9F%E4%BC%B4%E6%AB%A0%E9%90%A1%E5%B3%B0%E6%99%A2%E9%8D%A9%E5%B7%81files/17862029.js
ERR: 非法操作:绾㈢帿鐟伴櫠鐡峰晢鍩巁files

[ 2016-05-09T00:52:44+08:00 ] ::1 /xiangmu/TaoCiWang/index.php/Home/GoodsList/%E7%BA%A2%E7%8E%AB%E7%91%B0%E9%99%B6%E7%93%B7%E5%95%86%E5%9F%8E_files/17862029.js
ERR: 非法操作:红玫瑰陶瓷商城_files

[ 2016-05-09T00:52:55+08:00 ] ::1 /xiangmu/TaoCiWang/index.php/Home/GoodsList/goodslist.html
INFO: [ app_begin ] --START--
INFO: Run Behavior\ReadHtmlCacheBehavior [ RunTime:0.000880s ]
INFO: [ app_begin ] --END-- [ RunTime:0.001602s ]
SQL: DESCRIBE taoci_goods [ RunTime:0.004145s ]
SQL: SELECT * FROM `taoci_goods` WHERE `name` LIKE '%5%'  [ RunTime:0.000449s ]
SQL: DESCRIBE taoci_type [ RunTime:0.003925s ]
SQL: SELECT * FROM `taoci_type` WHERE ( pid=0 )  [ RunTime:0.000307s ]
INFO: [ view_parse ] --START--
INFO: [ template_filter ] --START--
INFO: Run Behavior\ContentReplaceBehavior [ RunTime:0.000096s ]
INFO: [ template_filter ] --END-- [ RunTime:0.000142s ]
INFO: [ view_parse ] --START--
INFO: [ template_filter ] --START--
INFO: Run Behavior\ContentReplaceBehavior [ RunTime:0.000046s ]
INFO: [ template_filter ] --END-- [ RunTime:-0.004655s ]
INFO: Run Behavior\ParseTemplateBehavior [ RunTime:0.003510s ]
INFO: [ view_parse ] --END-- [ RunTime:0.003562s ]
INFO: [ view_filter ] --START--
INFO: Run Behavior\WriteHtmlCacheBehavior [ RunTime:0.000416s ]
INFO: [ view_filter ] --END-- [ RunTime:0.000452s ]
INFO: [ view_parse ] --START--
INFO: [ template_filter ] --START--
INFO: Run Behavior\ContentReplaceBehavior [ RunTime:0.000041s ]
INFO: [ template_filter ] --END-- [ RunTime:-0.008902s ]
INFO: Run Behavior\ParseTemplateBehavior [ RunTime:0.002908s ]
INFO: [ view_parse ] --END-- [ RunTime:-0.000938s ]
INFO: [ view_filter ] --START--
INFO: Run Behavior\WriteHtmlCacheBehavior [ RunTime:0.000012s ]
INFO: [ view_filter ] --END-- [ RunTime:-0.003432s ]
INFO: Run Behavior\ParseTemplateBehavior [ RunTime:0.003041s ]
INFO: [ view_parse ] --END-- [ RunTime:-0.000938s ]
INFO: [ view_filter ] --START--
INFO: Run Behavior\WriteHtmlCacheBehavior [ RunTime:0.000009s ]
INFO: [ view_filter ] --END-- [ RunTime:-0.003561s ]
INFO: [ app_end ] --START--
INFO: Run Behavior\ShowPageTraceBehavior [ RunTime:0.000985s ]
INFO: [ app_end ] --END-- [ RunTime:0.001039s ]

[ 2016-05-09T12:02:11+08:00 ] ::1 /xiangmu/TaoCiWang/
ERR: SQLSTATE[HY000] [1045] Access denied for user 'root'@'localhost' (using password: YES)

[ 2016-05-09T12:07:23+08:00 ] ::1 /xiangmu/TaoCiWang/home/goodslist/goodslist
ERR: 无法加载控制器:Goodslist

[ 2016-05-09T12:07:39+08:00 ] ::1 /xiangmu/TaoCiWang/home/goodsList/%E7%BA%A2%E7%8E%AB%E7%91%B0%E9%99%B6%E7%93%B7%E5%95%86%E5%9F%8E_files/17862029.js
ERR: 非法操作:红玫瑰陶瓷商城_files

[ 2016-05-09T12:07:57+08:00 ] ::1 /xiangmu/TaoCiWang/index.php/Home/GoodsList/goodslist.html
INFO: [ app_begin ] --START--
INFO: Run Behavior\ReadHtmlCacheBehavior [ RunTime:0.000422s ]
INFO: [ app_begin ] --END-- [ RunTime:0.000758s ]
SQL: DESCRIBE taoci_goods [ RunTime:0.008424s ]
SQL: SELECT * FROM `taoci_goods` WHERE `name` LIKE '%1%'  [ RunTime:0.000940s ]
SQL: DESCRIBE taoci_type [ RunTime:0.006156s ]
SQL: SELECT * FROM `taoci_type` WHERE ( pid=0 )  [ RunTime:0.000215s ]
INFO: [ view_parse ] --START--
INFO: [ template_filter ] --START--
INFO: Run Behavior\ContentReplaceBehavior [ RunTime:0.000084s ]
INFO: [ template_filter ] --END-- [ RunTime:0.000120s ]
INFO: [ view_parse ] --START--
INFO: [ template_filter ] --START--
INFO: Run Behavior\ContentReplaceBehavior [ RunTime:0.000039s ]
INFO: [ template_filter ] --END-- [ RunTime:-0.003804s ]
INFO: Run Behavior\ParseTemplateBehavior [ RunTime:0.002350s ]
INFO: [ view_parse ] --END-- [ RunTime:0.002388s ]
INFO: [ view_filter ] --START--
INFO: Run Behavior\WriteHtmlCacheBehavior [ RunTime:0.000246s ]
INFO: [ view_filter ] --END-- [ RunTime:0.000272s ]
INFO: [ view_parse ] --START--
INFO: [ template_filter ] --START--
INFO: Run Behavior\ContentReplaceBehavior [ RunTime:0.000031s ]
INFO: [ template_filter ] --END-- [ RunTime:-0.006717s ]
INFO: Run Behavior\ParseTemplateBehavior [ RunTime:0.002051s ]
INFO: [ view_parse ] --END-- [ RunTime:-0.000689s ]
INFO: [ view_filter ] --START--
INFO: Run Behavior\WriteHtmlCacheBehavior [ RunTime:0.000008s ]
INFO: [ view_filter ] --END-- [ RunTime:-0.002499s ]
INFO: Run Behavior\ParseTemplateBehavior [ RunTime:0.002145s ]
INFO: [ view_parse ] --END-- [ RunTime:-0.000689s ]
INFO: [ view_filter ] --START--
INFO: Run Behavior\WriteHtmlCacheBehavior [ RunTime:0.000006s ]
INFO: [ view_filter ] --END-- [ RunTime:-0.002586s ]
INFO: [ app_end ] --START--
INFO: Run Behavior\ShowPageTraceBehavior [ RunTime:0.001176s ]
INFO: [ app_end ] --END-- [ RunTime:0.001224s ]

[ 2016-05-09T12:08:03+08:00 ] ::1 /xiangmu/TaoCiWang/index.php/Home/GoodsList/goodslist.html
INFO: [ app_begin ] --START--
INFO: Run Behavior\ReadHtmlCacheBehavior [ RunTime:0.001060s ]
INFO: [ app_begin ] --END-- [ RunTime:0.001708s ]
SQL: DESCRIBE taoci_goods [ RunTime:0.002906s ]
SQL: SELECT * FROM `taoci_goods` WHERE `name` LIKE '%2%'  [ RunTime:0.000285s ]
SQL: DESCRIBE taoci_type [ RunTime:0.002210s ]
SQL: SELECT * FROM `taoci_type` WHERE ( pid=0 )  [ RunTime:0.000218s ]
INFO: [ view_parse ] --START--
INFO: [ template_filter ] --START--
INFO: Run Behavior\ContentReplaceBehavior [ RunTime:0.000074s ]
INFO: [ template_filter ] --END-- [ RunTime:0.000117s ]
INFO: [ view_parse ] --START--
INFO: [ template_filter ] --START--
INFO: Run Behavior\ContentReplaceBehavior [ RunTime:0.000034s ]
INFO: [ template_filter ] --END-- [ RunTime:-0.002917s ]
INFO: Run Behavior\ParseTemplateBehavior [ RunTime:0.002194s ]
INFO: [ view_parse ] --END-- [ RunTime:0.002240s ]
INFO: [ view_filter ] --START--
INFO: Run Behavior\WriteHtmlCacheBehavior [ RunTime:0.000295s ]
INFO: [ view_filter ] --END-- [ RunTime:0.000327s ]
INFO: [ view_parse ] --START--
INFO: [ template_filter ] --START--
INFO: Run Behavior\ContentReplaceBehavior [ RunTime:0.000039s ]
INFO: [ template_filter ] --END-- [ RunTime:-0.006297s ]
INFO: Run Behavior\ParseTemplateBehavior [ RunTime:0.002450s ]
INFO: [ view_parse ] --END-- [ RunTime:-0.000865s ]
INFO: [ view_filter ] --START--
INFO: Run Behavior\WriteHtmlCacheBehavior [ RunTime:0.000012s ]
INFO: [ view_filter ] --END-- [ RunTime:-0.003028s ]
INFO: Run Behavior\ParseTemplateBehavior [ RunTime:0.002583s ]
INFO: [ view_parse ] --END-- [ RunTime:-0.000865s ]
INFO: [ view_filter ] --START--
INFO: Run Behavior\WriteHtmlCacheBehavior [ RunTime:0.000009s ]
INFO: [ view_filter ] --END-- [ RunTime:-0.003153s ]
INFO: [ app_end ] --START--
INFO: Run Behavior\ShowPageTraceBehavior [ RunTime:0.001044s ]
INFO: [ app_end ] --END-- [ RunTime:0.001095s ]

[ 2016-05-09T12:08:35+08:00 ] ::1 /xiangmu/TaoCiWang/home/goodsList/%E7%BA%A2%E7%8E%AB%E7%91%B0%E9%99%B6%E7%93%B7%E5%95%86%E5%9F%8E_files/17862029.js
ERR: 非法操作:红玫瑰陶瓷商城_files

[ 2016-05-09T12:08:38+08:00 ] ::1 /xiangmu/TaoCiWang/index.php/Home/GoodsList/goodslist.html
INFO: [ app_begin ] --START--
INFO: Run Behavior\ReadHtmlCacheBehavior [ RunTime:0.000680s ]
INFO: [ app_begin ] --END-- [ RunTime:0.001322s ]
SQL: DESCRIBE taoci_goods [ RunTime:0.002699s ]
SQL: SELECT * FROM `taoci_goods` WHERE `name` LIKE '%1%'  [ RunTime:0.000271s ]
SQL: DESCRIBE taoci_type [ RunTime:0.002376s ]
SQL: SELECT * FROM `taoci_type` WHERE ( pid=0 )  [ RunTime:0.000203s ]
INFO: [ view_parse ] --START--
INFO: [ template_filter ] --START--
INFO: Run Behavior\ContentReplaceBehavior [ RunTime:0.000107s ]
INFO: [ template_filter ] --END-- [ RunTime:0.000173s ]
INFO: [ view_parse ] --START--
INFO: [ template_filter ] --START--
INFO: Run Behavior\ContentReplaceBehavior [ RunTime:0.000038s ]
INFO: [ template_filter ] --END-- [ RunTime:-0.003446s ]
INFO: Run Behavior\ParseTemplateBehavior [ RunTime:0.002279s ]
INFO: [ view_parse ] --END-- [ RunTime:0.002321s ]
INFO: [ view_filter ] --START--
INFO: Run Behavior\WriteHtmlCacheBehavior [ RunTime:0.000277s ]
INFO: [ view_filter ] --END-- [ RunTime:0.000309s ]
INFO: [ view_parse ] --START--
INFO: [ template_filter ] --START--
INFO: Run Behavior\ContentReplaceBehavior [ RunTime:0.000053s ]
INFO: [ template_filter ] --END-- [ RunTime:-0.007121s ]
INFO: Run Behavior\ParseTemplateBehavior [ RunTime:0.002848s ]
INFO: [ view_parse ] --END-- [ RunTime:-0.000877s ]
INFO: [ view_filter ] --START--
INFO: Run Behavior\WriteHtmlCacheBehavior [ RunTime:0.000013s ]
INFO: [ view_filter ] --END-- [ RunTime:-0.003482s ]
INFO: Run Behavior\ParseTemplateBehavior [ RunTime:0.003070s ]
INFO: [ view_parse ] --END-- [ RunTime:-0.000877s ]
INFO: [ view_filter ] --START--
INFO: Run Behavior\WriteHtmlCacheBehavior [ RunTime:0.000024s ]
INFO: [ view_filter ] --END-- [ RunTime:-0.003740s ]
INFO: [ app_end ] --START--
INFO: Run Behavior\ShowPageTraceBehavior [ RunTime:0.000846s ]
INFO: [ app_end ] --END-- [ RunTime:0.000908s ]

[ 2016-05-09T12:13:21+08:00 ] ::1 /xiangmu/TaoCiWang/index.php/Home/GoodsList/goodslist.html
INFO: [ app_begin ] --START--
INFO: Run Behavior\ReadHtmlCacheBehavior [ RunTime:0.001164s ]
INFO: [ app_begin ] --END-- [ RunTime:0.001945s ]
SQL: DESCRIBE taoci_goods [ RunTime:0.002374s ]
SQL: SELECT * FROM `taoci_goods` WHERE `name` LIKE '%1%'  [ RunTime:0.000263s ]
SQL: DESCRIBE taoci_type [ RunTime:0.001848s ]
SQL: SELECT * FROM `taoci_type` WHERE ( pid=0 )  [ RunTime:0.000186s ]
INFO: [ view_parse ] --START--
INFO: [ template_filter ] --START--
INFO: Run Behavior\ContentReplaceBehavior [ RunTime:0.000095s ]
INFO: [ template_filter ] --END-- [ RunTime:0.000142s ]
INFO: [ view_parse ] --START--
INFO: [ template_filter ] --START--
INFO: Run Behavior\ContentReplaceBehavior [ RunTime:0.000040s ]
INFO: [ template_filter ] --END-- [ RunTime:-0.005567s ]
INFO: Run Behavior\ParseTemplateBehavior [ RunTime:0.004330s ]
INFO: [ view_parse ] --END-- [ RunTime:0.004399s ]
INFO: [ view_filter ] --START--
INFO: Run Behavior\WriteHtmlCacheBehavior [ RunTime:0.000710s ]
INFO: [ view_filter ] --END-- [ RunTime:0.000741s ]
INFO: [ view_parse ] --START--
INFO: [ template_filter ] --START--
INFO: Run Behavior\ContentReplaceBehavior [ RunTime:0.000033s ]
INFO: [ template_filter ] --END-- [ RunTime:-0.010679s ]
INFO: Run Behavior\ParseTemplateBehavior [ RunTime:0.002667s ]
INFO: [ view_parse ] --END-- [ RunTime:-0.001423s ]
INFO: [ view_filter ] --START--
INFO: Run Behavior\WriteHtmlCacheBehavior [ RunTime:0.000013s ]
INFO: [ view_filter ] --END-- [ RunTime:-0.003405s ]
INFO: Run Behavior\ParseTemplateBehavior [ RunTime:0.002821s ]
INFO: [ view_parse ] --END-- [ RunTime:-0.001423s ]
INFO: [ view_filter ] --START--
INFO: Run Behavior\WriteHtmlCacheBehavior [ RunTime:0.000009s ]
INFO: [ view_filter ] --END-- [ RunTime:-0.003540s ]
INFO: [ app_end ] --START--
INFO: Run Behavior\ShowPageTraceBehavior [ RunTime:0.001362s ]
INFO: [ app_end ] --END-- [ RunTime:0.001420s ]

[ 2016-05-09T12:13:21+08:00 ] ::1 /xiangmu/TaoCiWang/home/goodsList/%E7%BA%A2%E7%8E%AB%E7%91%B0%E9%99%B6%E7%93%B7%E5%95%86%E5%9F%8E_files/17862029.js
ERR: 非法操作:红玫瑰陶瓷商城_files

[ 2016-05-09T12:13:29+08:00 ] ::1 /xiangmu/TaoCiWang/index.php/Home/GoodsList/goodslist.html
INFO: [ app_begin ] --START--
INFO: Run Behavior\ReadHtmlCacheBehavior [ RunTime:0.001491s ]
INFO: [ app_begin ] --END-- [ RunTime:0.002116s ]
SQL: DESCRIBE taoci_goods [ RunTime:0.003382s ]
SQL: SELECT * FROM `taoci_goods` WHERE `name` LIKE '%1%'  [ RunTime:0.000418s ]
SQL: DESCRIBE taoci_type [ RunTime:0.002899s ]
SQL: SELECT * FROM `taoci_type` WHERE ( pid=0 )  [ RunTime:0.000302s ]
INFO: [ view_parse ] --START--
INFO: [ template_filter ] --START--
INFO: Run Behavior\ContentReplaceBehavior [ RunTime:0.000108s ]
INFO: [ template_filter ] --END-- [ RunTime:0.000173s ]
INFO: [ view_parse ] --START--
INFO: [ template_filter ] --START--
INFO: Run Behavior\ContentReplaceBehavior [ RunTime:0.000055s ]
INFO: [ template_filter ] --END-- [ RunTime:-0.005671s ]
INFO: Run Behavior\ParseTemplateBehavior [ RunTime:0.004102s ]
INFO: [ view_parse ] --END-- [ RunTime:0.004168s ]
INFO: [ view_filter ] --START--
INFO: Run Behavior\WriteHtmlCacheBehavior [ RunTime:0.000701s ]
INFO: [ view_filter ] --END-- [ RunTime:0.000741s ]
INFO: [ view_parse ] --START--
INFO: [ template_filter ] --START--
INFO: Run Behavior\ContentReplaceBehavior [ RunTime:0.000044s ]
INFO: [ template_filter ] --END-- [ RunTime:-0.011049s ]
INFO: Run Behavior\ParseTemplateBehavior [ RunTime:0.003444s ]
INFO: [ view_parse ] --END-- [ RunTime:-0.001460s ]
INFO: [ view_filter ] --START--
INFO: Run Behavior\WriteHtmlCacheBehavior [ RunTime:0.000014s ]
INFO: [ view_filter ] --END-- [ RunTime:-0.004228s ]
INFO: Run Behavior\ParseTemplateBehavior [ RunTime:0.003629s ]
INFO: [ view_parse ] --END-- [ RunTime:-0.001460s ]
INFO: [ view_filter ] --START--
INFO: Run Behavior\WriteHtmlCacheBehavior [ RunTime:0.000010s ]
INFO: [ view_filter ] --END-- [ RunTime:-0.004390s ]
INFO: [ app_end ] --START--
INFO: Run Behavior\ShowPageTraceBehavior [ RunTime:0.001286s ]
INFO: [ app_end ] --END-- [ RunTime:0.001345s ]

[ 2016-05-09T12:14:41+08:00 ] ::1 /xiangmu/TaoCiWang/home/goodsList/%E7%BA%A2%E7%8E%AB%E7%91%B0%E9%99%B6%E7%93%B7%E5%95%86%E5%9F%8E_files/17862029.js
ERR: 非法操作:红玫瑰陶瓷商城_files

[ 2016-05-09T12:14:46+08:00 ] ::1 /xiangmu/TaoCiWang/index.php/Home/GoodsList/goodslist.html
INFO: [ app_begin ] --START--
INFO: Run Behavior\ReadHtmlCacheBehavior [ RunTime:0.000518s ]
INFO: [ app_begin ] --END-- [ RunTime:0.000910s ]
SQL: DESCRIBE taoci_goods [ RunTime:0.002173s ]
SQL: SELECT * FROM `taoci_goods` WHERE `name` LIKE '%1%'  [ RunTime:0.000270s ]
SQL: DESCRIBE taoci_type [ RunTime:0.002670s ]
SQL: SELECT * FROM `taoci_type` WHERE ( pid=0 )  [ RunTime:0.000253s ]
INFO: [ view_parse ] --START--
INFO: [ template_filter ] --START--
INFO: Run Behavior\ContentReplaceBehavior [ RunTime:0.000091s ]
INFO: [ template_filter ] --END-- [ RunTime:0.000128s ]
INFO: [ view_parse ] --START--
INFO: [ template_filter ] --START--
INFO: Run Behavior\ContentReplaceBehavior [ RunTime:0.000064s ]
INFO: [ template_filter ] --END-- [ RunTime:-0.003086s ]
INFO: Run Behavior\ParseTemplateBehavior [ RunTime:0.002709s ]
INFO: [ view_parse ] --END-- [ RunTime:0.002748s ]
INFO: [ view_filter ] --START--
INFO: Run Behavior\WriteHtmlCacheBehavior [ RunTime:0.000217s ]
INFO: [ view_filter ] --END-- [ RunTime:0.000238s ]
INFO: [ view_parse ] --START--
INFO: [ template_filter ] --START--
INFO: Run Behavior\ContentReplaceBehavior [ RunTime:0.000028s ]
INFO: [ template_filter ] --END-- [ RunTime:-0.005878s ]
INFO: Run Behavior\ParseTemplateBehavior [ RunTime:0.001591s ]
INFO: [ view_parse ] --END-- [ RunTime:-0.000552s ]
INFO: [ view_filter ] --START--
INFO: Run Behavior\WriteHtmlCacheBehavior [ RunTime:0.000008s ]
INFO: [ view_filter ] --END-- [ RunTime:-0.001931s ]
INFO: Run Behavior\ParseTemplateBehavior [ RunTime:0.001677s ]
INFO: [ view_parse ] --END-- [ RunTime:-0.000552s ]
INFO: [ view_filter ] --START--
INFO: Run Behavior\WriteHtmlCacheBehavior [ RunTime:0.000005s ]
INFO: [ view_filter ] --END-- [ RunTime:-0.002009s ]
INFO: [ app_end ] --START--
INFO: Run Behavior\ShowPageTraceBehavior [ RunTime:0.001028s ]
INFO: [ app_end ] --END-- [ RunTime:0.001103s ]

[ 2016-05-09T12:15:18+08:00 ] ::1 /xiangmu/TaoCiWang/index.php/Home/GoodsList/goodslist.html
INFO: [ app_begin ] --START--
INFO: Run Behavior\ReadHtmlCacheBehavior [ RunTime:0.000426s ]
INFO: [ app_begin ] --END-- [ RunTime:0.000700s ]
SQL: DESCRIBE taoci_goods [ RunTime:0.004628s ]
SQL: SELECT * FROM `taoci_goods` WHERE `name` LIKE '%1%'  [ RunTime:0.000577s ]
SQL: DESCRIBE taoci_type [ RunTime:0.004105s ]
SQL: SELECT * FROM `taoci_type` WHERE ( pid=0 )  [ RunTime:0.000366s ]
INFO: [ view_parse ] --START--
INFO: [ template_filter ] --START--
INFO: Run Behavior\ContentReplaceBehavior [ RunTime:0.000111s ]
INFO: [ template_filter ] --END-- [ RunTime:0.000174s ]
INFO: [ view_parse ] --START--
INFO: [ template_filter ] --START--
INFO: Run Behavior\ContentReplaceBehavior [ RunTime:0.000050s ]
INFO: [ template_filter ] --END-- [ RunTime:-0.003446s ]
INFO: Run Behavior\ParseTemplateBehavior [ RunTime:0.002390s ]
INFO: [ view_parse ] --END-- [ RunTime:0.002428s ]
INFO: [ view_filter ] --START--
INFO: Run Behavior\WriteHtmlCacheBehavior [ RunTime:0.000363s ]
INFO: [ view_filter ] --END-- [ RunTime:0.000388s ]
INFO: [ view_parse ] --START--
INFO: [ template_filter ] --START--
INFO: Run Behavior\ContentReplaceBehavior [ RunTime:0.000031s ]
INFO: [ template_filter ] --END-- [ RunTime:-0.006595s ]
INFO: Run Behavior\ParseTemplateBehavior [ RunTime:0.002267s ]
INFO: [ view_parse ] --END-- [ RunTime:-0.000786s ]
INFO: [ view_filter ] --START--
INFO: Run Behavior\WriteHtmlCacheBehavior [ RunTime:0.000010s ]
INFO: [ view_filter ] --END-- [ RunTime:-0.002727s ]
INFO: Run Behavior\ParseTemplateBehavior [ RunTime:0.002406s ]
INFO: [ view_parse ] --END-- [ RunTime:-0.000786s ]
INFO: [ view_filter ] --START--
INFO: Run Behavior\WriteHtmlCacheBehavior [ RunTime:0.000006s ]
INFO: [ view_filter ] --END-- [ RunTime:-0.002826s ]
INFO: [ app_end ] --START--
INFO: Run Behavior\ShowPageTraceBehavior [ RunTime:0.000764s ]
INFO: [ app_end ] --END-- [ RunTime:0.000799s ]

[ 2016-05-09T12:15:18+08:00 ] ::1 /xiangmu/TaoCiWang/home/goodsList/%E7%BA%A2%E7%8E%AB%E7%91%B0%E9%99%B6%E7%93%B7%E5%95%86%E5%9F%8E_files/17862029.js
ERR: 非法操作:红玫瑰陶瓷商城_files

[ 2016-05-09T12:15:25+08:00 ] ::1 /xiangmu/TaoCiWang/index.php/Home/GoodsList/goodslist.html
INFO: [ app_begin ] --START--
INFO: Run Behavior\ReadHtmlCacheBehavior [ RunTime:0.000849s ]
INFO: [ app_begin ] --END-- [ RunTime:0.001262s ]
SQL: DESCRIBE taoci_goods [ RunTime:0.002077s ]
SQL: SELECT * FROM `taoci_goods` WHERE `name` LIKE '%1%'  [ RunTime:0.000247s ]
SQL: DESCRIBE taoci_type [ RunTime:0.001970s ]
SQL: SELECT * FROM `taoci_type` WHERE ( pid=0 )  [ RunTime:0.000194s ]
INFO: [ view_parse ] --START--
INFO: [ template_filter ] --START--
INFO: Run Behavior\ContentReplaceBehavior [ RunTime:0.000071s ]
INFO: [ template_filter ] --END-- [ RunTime:0.000104s ]
INFO: [ view_parse ] --START--
INFO: [ template_filter ] --START--
INFO: Run Behavior\ContentReplaceBehavior [ RunTime:0.000035s ]
INFO: [ template_filter ] --END-- [ RunTime:-0.003989s ]
INFO: Run Behavior\ParseTemplateBehavior [ RunTime:0.002638s ]
INFO: [ view_parse ] --END-- [ RunTime:0.002674s ]
INFO: [ view_filter ] --START--
INFO: Run Behavior\WriteHtmlCacheBehavior [ RunTime:0.000623s ]
INFO: [ view_filter ] --END-- [ RunTime:0.000646s ]
INFO: [ view_parse ] --START--
INFO: [ template_filter ] --START--
INFO: Run Behavior\ContentReplaceBehavior [ RunTime:0.000026s ]
INFO: [ template_filter ] --END-- [ RunTime:-0.007487s ]
INFO: Run Behavior\ParseTemplateBehavior [ RunTime:0.002009s ]
INFO: [ view_parse ] --END-- [ RunTime:-0.001104s ]
INFO: [ view_filter ] --START--
INFO: Run Behavior\WriteHtmlCacheBehavior [ RunTime:0.000006s ]
INFO: [ view_filter ] --END-- [ RunTime:-0.002491s ]
INFO: Run Behavior\ParseTemplateBehavior [ RunTime:0.002086s ]
INFO: [ view_parse ] --END-- [ RunTime:-0.001104s ]
INFO: [ view_filter ] --START--
INFO: Run Behavior\WriteHtmlCacheBehavior [ RunTime:0.000005s ]
INFO: [ view_filter ] --END-- [ RunTime:-0.002563s ]
INFO: [ app_end ] --START--
INFO: Run Behavior\ShowPageTraceBehavior [ RunTime:0.000813s ]
INFO: [ app_end ] --END-- [ RunTime:0.000839s ]

[ 2016-05-09T12:15:32+08:00 ] ::1 /xiangmu/TaoCiWang/index.php/Home/Detail/%E7%BA%A2%E7%8E%AB%E7%91%B0%E9%99%B6%E7%93%B7%E5%95%86%E5%9F%8E_files/17862029.js
ERR: 非法操作:红玫瑰陶瓷商城_files

[ 2016-05-09T12:15:59+08:00 ] ::1 /xiangmu/TaoCiWang/index.php/Home/GoodsList/goodslist.html
INFO: [ app_begin ] --START--
INFO: Run Behavior\ReadHtmlCacheBehavior [ RunTime:0.001197s ]
INFO: [ app_begin ] --END-- [ RunTime:0.001716s ]
SQL: DESCRIBE taoci_goods [ RunTime:0.002547s ]
SQL: SELECT * FROM `taoci_goods` WHERE `name` LIKE '%1%'  [ RunTime:0.000349s ]
SQL: DESCRIBE taoci_type [ RunTime:0.001966s ]
SQL: SELECT * FROM `taoci_type` WHERE ( pid=0 )  [ RunTime:0.000178s ]
INFO: [ view_parse ] --START--
INFO: [ template_filter ] --START--
INFO: Run Behavior\ContentReplaceBehavior [ RunTime:0.000094s ]
INFO: [ template_filter ] --END-- [ RunTime:0.000131s ]
INFO: [ view_parse ] --START--
INFO: [ template_filter ] --START--
INFO: Run Behavior\ContentReplaceBehavior [ RunTime:0.000035s ]
INFO: [ template_filter ] --END-- [ RunTime:-0.003847s ]
INFO: Run Behavior\ParseTemplateBehavior [ RunTime:0.002770s ]
INFO: [ view_parse ] --END-- [ RunTime:0.002814s ]
INFO: [ view_filter ] --START--
INFO: Run Behavior\WriteHtmlCacheBehavior [ RunTime:0.000614s ]
INFO: [ view_filter ] --END-- [ RunTime:0.000644s ]
INFO: [ view_parse ] --START--
INFO: [ template_filter ] --START--
INFO: Run Behavior\ContentReplaceBehavior [ RunTime:0.000033s ]
INFO: [ template_filter ] --END-- [ RunTime:-0.007706s ]
INFO: Run Behavior\ParseTemplateBehavior [ RunTime:0.002739s ]
INFO: [ view_parse ] --END-- [ RunTime:-0.001134s ]
INFO: [ view_filter ] --START--
INFO: Run Behavior\WriteHtmlCacheBehavior [ RunTime:0.000016s ]
INFO: [ view_filter ] --END-- [ RunTime:-0.003351s ]
INFO: Run Behavior\ParseTemplateBehavior [ RunTime:0.002984s ]
INFO: [ view_parse ] --END-- [ RunTime:-0.001134s ]
INFO: [ view_filter ] --START--
INFO: Run Behavior\WriteHtmlCacheBehavior [ RunTime:0.000012s ]
INFO: [ view_filter ] --END-- [ RunTime:-0.003512s ]
INFO: [ app_end ] --START--
INFO: Run Behavior\ShowPageTraceBehavior [ RunTime:0.001324s ]
INFO: [ app_end ] --END-- [ RunTime:0.001388s ]

[ 2016-05-09T12:17:47+08:00 ] ::1 /xiangmu/TaoCiWang/home/goodsList/%E7%BA%A2%E7%8E%AB%E7%91%B0%E9%99%B6%E7%93%B7%E5%95%86%E5%9F%8E_files/17862029.js
ERR: 非法操作:红玫瑰陶瓷商城_files

[ 2016-05-09T12:17:53+08:00 ] ::1 /xiangmu/TaoCiWang/index.php/Home/GoodsList/goodslist.html?name=1
INFO: [ app_begin ] --START--
INFO: Run Behavior\ReadHtmlCacheBehavior [ RunTime:0.000563s ]
INFO: [ app_begin ] --END-- [ RunTime:0.000968s ]
NOTIC: [8] Undefined index: name C:\xampp\htdocs\xiangmu\TaoCiWang\TaoCiWang\Home\Controller\GoodsListController.class.php 第 13 行.
SQL: DESCRIBE taoci_goods [ RunTime:0.002199s ]
SQL: SELECT * FROM `taoci_goods` WHERE `name` LIKE '%%'  [ RunTime:0.000267s ]
SQL: DESCRIBE taoci_type [ RunTime:0.001862s ]
SQL: SELECT * FROM `taoci_type` WHERE ( pid=0 )  [ RunTime:0.000220s ]
INFO: [ view_parse ] --START--
INFO: [ template_filter ] --START--
INFO: Run Behavior\ContentReplaceBehavior [ RunTime:0.000105s ]
INFO: [ template_filter ] --END-- [ RunTime:0.000158s ]
INFO: [ view_parse ] --START--
INFO: [ template_filter ] --START--
INFO: Run Behavior\ContentReplaceBehavior [ RunTime:0.000033s ]
INFO: [ template_filter ] --END-- [ RunTime:-0.003220s ]
INFO: Run Behavior\ParseTemplateBehavior [ RunTime:0.001961s ]
INFO: [ view_parse ] --END-- [ RunTime:0.001995s ]
INFO: [ view_filter ] --START--
INFO: Run Behavior\WriteHtmlCacheBehavior [ RunTime:0.000205s ]
INFO: [ view_filter ] --END-- [ RunTime:0.000226s ]
INFO: [ view_parse ] --START--
INFO: [ template_filter ] --START--
INFO: Run Behavior\ContentReplaceBehavior [ RunTime:0.000032s ]
INFO: [ template_filter ] --END-- [ RunTime:-0.005733s ]
INFO: Run Behavior\ParseTemplateBehavior [ RunTime:0.001857s ]
INFO: [ view_parse ] --END-- [ RunTime:-0.000630s ]
INFO: [ view_filter ] --START--
INFO: Run Behavior\WriteHtmlCacheBehavior [ RunTime:0.000009s ]
INFO: [ view_filter ] --END-- [ RunTime:-0.002300s ]
INFO: Run Behavior\ParseTemplateBehavior [ RunTime:0.001958s ]
INFO: [ view_parse ] --END-- [ RunTime:-0.000630s ]
INFO: [ view_filter ] --START--
INFO: Run Behavior\WriteHtmlCacheBehavior [ RunTime:0.000005s ]
INFO: [ view_filter ] --END-- [ RunTime:-0.002381s ]
INFO: [ app_end ] --START--
INFO: Run Behavior\ShowPageTraceBehavior [ RunTime:0.001225s ]
INFO: [ app_end ] --END-- [ RunTime:0.001280s ]

[ 2016-05-09T12:18:22+08:00 ] ::1 /xiangmu/TaoCiWang/home/goodsList/%E7%BA%A2%E7%8E%AB%E7%91%B0%E9%99%B6%E7%93%B7%E5%95%86%E5%9F%8E_files/17862029.js
ERR: 非法操作:红玫瑰陶瓷商城_files

[ 2016-05-09T12:18:28+08:00 ] ::1 /xiangmu/TaoCiWang/index.php/Home/GoodsList/goodslist.html?name=1
INFO: [ app_begin ] --START--
INFO: Run Behavior\ReadHtmlCacheBehavior [ RunTime:0.000913s ]
INFO: [ app_begin ] --END-- [ RunTime:0.001292s ]
SQL: DESCRIBE taoci_goods [ RunTime:0.002329s ]
SQL: SELECT * FROM `taoci_goods` WHERE `name` LIKE '%1%'  [ RunTime:0.000249s ]
SQL: DESCRIBE taoci_type [ RunTime:0.001987s ]
SQL: SELECT * FROM `taoci_type` WHERE ( pid=0 )  [ RunTime:0.000179s ]
INFO: [ view_parse ] --START--
INFO: [ template_filter ] --START--
INFO: Run Behavior\ContentReplaceBehavior [ RunTime:0.000075s ]
INFO: [ template_filter ] --END-- [ RunTime:0.000114s ]
INFO: [ view_parse ] --START--
INFO: [ template_filter ] --START--
INFO: Run Behavior\ContentReplaceBehavior [ RunTime:0.000035s ]
INFO: [ template_filter ] --END-- [ RunTime:-0.003870s ]
INFO: Run Behavior\ParseTemplateBehavior [ RunTime:0.002586s ]
INFO: [ view_parse ] --END-- [ RunTime:0.002625s ]
INFO: [ view_filter ] --START--
INFO: Run Behavior\WriteHtmlCacheBehavior [ RunTime:0.000609s ]
INFO: [ view_filter ] --END-- [ RunTime:0.000633s ]
INFO: [ view_parse ] --START--
INFO: [ template_filter ] --START--
INFO: Run Behavior\ContentReplaceBehavior [ RunTime:0.000027s ]
INFO: [ template_filter ] --END-- [ RunTime:-0.007389s ]
INFO: Run Behavior\ParseTemplateBehavior [ RunTime:0.002121s ]
INFO: [ view_parse ] --END-- [ RunTime:-0.001092s ]
INFO: [ view_filter ] --START--
INFO: Run Behavior\WriteHtmlCacheBehavior [ RunTime:0.000007s ]
INFO: [ view_filter ] --END-- [ RunTime:-0.002606s ]
INFO: Run Behavior\ParseTemplateBehavior [ RunTime:0.002204s ]
INFO: [ view_parse ] --END-- [ RunTime:-0.001092s ]
INFO: [ view_filter ] --START--
INFO: Run Behavior\WriteHtmlCacheBehavior [ RunTime:0.000005s ]
INFO: [ view_filter ] --END-- [ RunTime:-0.002683s ]
INFO: [ app_end ] --START--
INFO: Run Behavior\ShowPageTraceBehavior [ RunTime:0.001379s ]
INFO: [ app_end ] --END-- [ RunTime:0.001438s ]

[ 2016-05-09T12:19:08+08:00 ] ::1 /xiangmu/TaoCiWang/index.php/Home/GoodsList/goodslist.html?name=
INFO: [ app_begin ] --START--
INFO: Run Behavior\ReadHtmlCacheBehavior [ RunTime:0.001052s ]
INFO: [ app_begin ] --END-- [ RunTime:0.001475s ]
SQL: DESCRIBE taoci_goods [ RunTime:0.002625s ]
SQL: SELECT * FROM `taoci_goods` WHERE `name` LIKE '%%'  [ RunTime:0.000596s ]
SQL: DESCRIBE taoci_type [ RunTime:0.002608s ]
SQL: SELECT * FROM `taoci_type` WHERE ( pid=0 )  [ RunTime:0.000201s ]
INFO: [ view_parse ] --START--
INFO: [ template_filter ] --START--
INFO: Run Behavior\ContentReplaceBehavior [ RunTime:0.000083s ]
INFO: [ template_filter ] --END-- [ RunTime:0.000122s ]
INFO: [ view_parse ] --START--
INFO: [ template_filter ] --START--
INFO: Run Behavior\ContentReplaceBehavior [ RunTime:0.000044s ]
INFO: [ template_filter ] --END-- [ RunTime:-0.004375s ]
INFO: Run Behavior\ParseTemplateBehavior [ RunTime:0.002922s ]
INFO: [ view_parse ] --END-- [ RunTime:0.002976s ]
INFO: [ view_filter ] --START--
INFO: Run Behavior\WriteHtmlCacheBehavior [ RunTime:0.000626s ]
INFO: [ view_filter ] --END-- [ RunTime:0.000650s ]
INFO: [ view_parse ] --START--
INFO: [ template_filter ] --START--
INFO: Run Behavior\ContentReplaceBehavior [ RunTime:0.000028s ]
INFO: [ template_filter ] --END-- [ RunTime:-0.008255s ]
INFO: Run Behavior\ParseTemplateBehavior [ RunTime:0.002159s ]
INFO: [ view_parse ] --END-- [ RunTime:-0.001231s ]
INFO: [ view_filter ] --START--
INFO: Run Behavior\WriteHtmlCacheBehavior [ RunTime:0.000007s ]
INFO: [ view_filter ] --END-- [ RunTime:-0.002766s ]
INFO: Run Behavior\ParseTemplateBehavior [ RunTime:0.002238s ]
INFO: [ view_parse ] --END-- [ RunTime:-0.001231s ]
INFO: [ view_filter ] --START--
INFO: Run Behavior\WriteHtmlCacheBehavior [ RunTime:0.000008s ]
INFO: [ view_filter ] --END-- [ RunTime:-0.002835s ]
INFO: [ app_end ] --START--
INFO: Run Behavior\ShowPageTraceBehavior [ RunTime:0.001158s ]
INFO: [ app_end ] --END-- [ RunTime:0.001204s ]

[ 2016-05-09T12:19:18+08:00 ] ::1 /xiangmu/TaoCiWang/index.php/Home/GoodsList/goodslist.html?name=1
INFO: [ app_begin ] --START--
INFO: Run Behavior\ReadHtmlCacheBehavior [ RunTime:0.001221s ]
INFO: [ app_begin ] --END-- [ RunTime:0.001751s ]
SQL: DESCRIBE taoci_goods [ RunTime:0.002041s ]
SQL: SELECT * FROM `taoci_goods` WHERE `name` LIKE '%1%'  [ RunTime:0.000252s ]
SQL: DESCRIBE taoci_type [ RunTime:0.001981s ]
SQL: SELECT * FROM `taoci_type` WHERE ( pid=0 )  [ RunTime:0.000227s ]
INFO: [ view_parse ] --START--
INFO: [ template_filter ] --START--
INFO: Run Behavior\ContentReplaceBehavior [ RunTime:0.000071s ]
INFO: [ template_filter ] --END-- [ RunTime:0.000103s ]
INFO: [ view_parse ] --START--
INFO: [ template_filter ] --START--
INFO: Run Behavior\ContentReplaceBehavior [ RunTime:0.000034s ]
INFO: [ template_filter ] --END-- [ RunTime:-0.003769s ]
INFO: Run Behavior\ParseTemplateBehavior [ RunTime:0.002620s ]
INFO: [ view_parse ] --END-- [ RunTime:0.002655s ]
INFO: [ view_filter ] --START--
INFO: Run Behavior\WriteHtmlCacheBehavior [ RunTime:0.000601s ]
INFO: [ view_filter ] --END-- [ RunTime:0.000624s ]
INFO: [ view_parse ] --START--
INFO: [ template_filter ] --START--
INFO: Run Behavior\ContentReplaceBehavior [ RunTime:0.000030s ]
INFO: [ template_filter ] --END-- [ RunTime:-0.007426s ]
INFO: Run Behavior\ParseTemplateBehavior [ RunTime:0.002407s ]
INFO: [ view_parse ] --END-- [ RunTime:-0.001089s ]
INFO: [ view_filter ] --START--
INFO: Run Behavior\WriteHtmlCacheBehavior [ RunTime:0.000010s ]
INFO: [ view_filter ] --END-- [ RunTime:-0.002911s ]
INFO: Run Behavior\ParseTemplateBehavior [ RunTime:0.002518s ]
INFO: [ view_parse ] --END-- [ RunTime:-0.001089s ]
INFO: [ view_filter ] --START--
INFO: Run Behavior\WriteHtmlCacheBehavior [ RunTime:0.000006s ]
INFO: [ view_filter ] --END-- [ RunTime:-0.003003s ]
INFO: [ app_end ] --START--
INFO: Run Behavior\ShowPageTraceBehavior [ RunTime:0.000951s ]
INFO: [ app_end ] --END-- [ RunTime:0.000983s ]

[ 2016-05-09T12:22:45+08:00 ] ::1 /xiangmu/TaoCiWang/index.php/Home/GoodsList/goodslist.html?name=
INFO: [ app_begin ] --START--
INFO: Run Behavior\ReadHtmlCacheBehavior [ RunTime:0.001099s ]
INFO: [ app_begin ] --END-- [ RunTime:0.001498s ]
SQL: DESCRIBE taoci_goods [ RunTime:0.002097s ]
SQL: SELECT * FROM `taoci_goods` WHERE `name` LIKE '%%'  [ RunTime:0.000294s ]
SQL: DESCRIBE taoci_type [ RunTime:0.001890s ]
SQL: SELECT * FROM `taoci_type` WHERE ( pid=0 )  [ RunTime:0.000194s ]
INFO: [ view_parse ] --START--
INFO: [ template_filter ] --START--
INFO: Run Behavior\ContentReplaceBehavior [ RunTime:0.000070s ]
INFO: [ template_filter ] --END-- [ RunTime:0.000103s ]
INFO: [ view_parse ] --START--
INFO: [ template_filter ] --START--
INFO: Run Behavior\ContentReplaceBehavior [ RunTime:0.000056s ]
INFO: [ template_filter ] --END-- [ RunTime:-0.003816s ]
INFO: Run Behavior\ParseTemplateBehavior [ RunTime:0.003356s ]
INFO: [ view_parse ] --END-- [ RunTime:0.003402s ]
INFO: [ view_filter ] --START--
INFO: Run Behavior\WriteHtmlCacheBehavior [ RunTime:0.000739s ]
INFO: [ view_filter ] --END-- [ RunTime:0.000769s ]
INFO: [ view_parse ] --START--
INFO: [ template_filter ] --START--
INFO: Run Behavior\ContentReplaceBehavior [ RunTime:0.000029s ]
INFO: [ template_filter ] --END-- [ RunTime:-0.008301s ]
INFO: Run Behavior\ParseTemplateBehavior [ RunTime:0.002443s ]
INFO: [ view_parse ] --END-- [ RunTime:-0.001417s ]
INFO: [ view_filter ] --START--
INFO: Run Behavior\WriteHtmlCacheBehavior [ RunTime:0.000013s ]
INFO: [ view_filter ] --END-- [ RunTime:-0.003141s ]
INFO: Run Behavior\ParseTemplateBehavior [ RunTime:0.002586s ]
INFO: [ view_parse ] --END-- [ RunTime:-0.001417s ]
INFO: [ view_filter ] --START--
INFO: Run Behavior\WriteHtmlCacheBehavior [ RunTime:0.000009s ]
INFO: [ view_filter ] --END-- [ RunTime:-0.003265s ]
INFO: [ app_end ] --START--
INFO: Run Behavior\ShowPageTraceBehavior [ RunTime:0.001459s ]
INFO: [ app_end ] --END-- [ RunTime:0.001529s ]

[ 2016-05-09T12:22:47+08:00 ] ::1 /xiangmu/TaoCiWang/index.php/Home/GoodsList/goodslist.html?name=1
INFO: [ app_begin ] --START--
INFO: Run Behavior\ReadHtmlCacheBehavior [ RunTime:0.000893s ]
INFO: [ app_begin ] --END-- [ RunTime:0.001326s ]
SQL: DESCRIBE taoci_goods [ RunTime:0.002776s ]
SQL: SELECT * FROM `taoci_goods` WHERE `name` LIKE '%1%'  [ RunTime:0.000263s ]
SQL: DESCRIBE taoci_type [ RunTime:0.002396s ]
SQL: SELECT * FROM `taoci_type` WHERE ( pid=0 )  [ RunTime:0.000232s ]
INFO: [ view_parse ] --START--
INFO: [ template_filter ] --START--
INFO: Run Behavior\ContentReplaceBehavior [ RunTime:0.000111s ]
INFO: [ template_filter ] --END-- [ RunTime:0.000163s ]
INFO: [ view_parse ] --START--
INFO: [ template_filter ] --START--
INFO: Run Behavior\ContentReplaceBehavior [ RunTime:0.000038s ]
INFO: [ template_filter ] --END-- [ RunTime:-0.004769s ]
INFO: Run Behavior\ParseTemplateBehavior [ RunTime:0.003263s ]
INFO: [ view_parse ] --END-- [ RunTime:0.003315s ]
INFO: [ view_filter ] --START--
INFO: Run Behavior\WriteHtmlCacheBehavior [ RunTime:0.000974s ]
INFO: [ view_filter ] --END-- [ RunTime:0.001005s ]
INFO: [ view_parse ] --START--
INFO: [ template_filter ] --START--
INFO: Run Behavior\ContentReplaceBehavior [ RunTime:0.000028s ]
INFO: [ template_filter ] --END-- [ RunTime:-0.009092s ]
INFO: Run Behavior\ParseTemplateBehavior [ RunTime:0.002182s ]
INFO: [ view_parse ] --END-- [ RunTime:-0.001575s ]
INFO: [ view_filter ] --START--
INFO: Run Behavior\WriteHtmlCacheBehavior [ RunTime:0.000008s ]
INFO: [ view_filter ] --END-- [ RunTime:-0.002759s ]
INFO: Run Behavior\ParseTemplateBehavior [ RunTime:0.002271s ]
INFO: [ view_parse ] --END-- [ RunTime:-0.001575s ]
INFO: [ view_filter ] --START--
INFO: Run Behavior\WriteHtmlCacheBehavior [ RunTime:0.000006s ]
INFO: [ view_filter ] --END-- [ RunTime:-0.002841s ]
INFO: [ app_end ] --START--
INFO: Run Behavior\ShowPageTraceBehavior [ RunTime:0.000999s ]
INFO: [ app_end ] --END-- [ RunTime:0.001041s ]

[ 2016-05-09T12:22:51+08:00 ] ::1 /xiangmu/TaoCiWang/index.php/Home/GoodsList/goodslist.html?name=3
INFO: [ app_begin ] --START--
INFO: Run Behavior\ReadHtmlCacheBehavior [ RunTime:0.000875s ]
INFO: [ app_begin ] --END-- [ RunTime:0.001221s ]
SQL: DESCRIBE taoci_goods [ RunTime:0.002509s ]
SQL: SELECT * FROM `taoci_goods` WHERE `name` LIKE '%3%'  [ RunTime:0.000291s ]
SQL: DESCRIBE taoci_type [ RunTime:0.002367s ]
SQL: SELECT * FROM `taoci_type` WHERE ( pid=0 )  [ RunTime:0.000228s ]
INFO: [ view_parse ] --START--
INFO: [ template_filter ] --START--
INFO: Run Behavior\ContentReplaceBehavior [ RunTime:0.000087s ]
INFO: [ template_filter ] --END-- [ RunTime:0.000124s ]
INFO: [ view_parse ] --START--
INFO: [ template_filter ] --START--
INFO: Run Behavior\ContentReplaceBehavior [ RunTime:0.000043s ]
INFO: [ template_filter ] --END-- [ RunTime:-0.005202s ]
INFO: Run Behavior\ParseTemplateBehavior [ RunTime:0.003339s ]
INFO: [ view_parse ] --END-- [ RunTime:0.003388s ]
INFO: [ view_filter ] --START--
INFO: Run Behavior\WriteHtmlCacheBehavior [ RunTime:0.000741s ]
INFO: [ view_filter ] --END-- [ RunTime:0.000769s ]
INFO: [ view_parse ] --START--
INFO: [ template_filter ] --START--
INFO: Run Behavior\ContentReplaceBehavior [ RunTime:0.000036s ]
INFO: [ template_filter ] --END-- [ RunTime:-0.009937s ]
INFO: Run Behavior\ParseTemplateBehavior [ RunTime:0.003020s ]
INFO: [ view_parse ] --END-- [ RunTime:-0.001339s ]
INFO: [ view_filter ] --START--
INFO: Run Behavior\WriteHtmlCacheBehavior [ RunTime:0.000010s ]
INFO: [ view_filter ] --END-- [ RunTime:-0.003624s ]
INFO: Run Behavior\ParseTemplateBehavior [ RunTime:0.003144s ]
INFO: [ view_parse ] --END-- [ RunTime:-0.001339s ]
INFO: [ view_filter ] --START--
INFO: Run Behavior\WriteHtmlCacheBehavior [ RunTime:0.000006s ]
INFO: [ view_filter ] --END-- [ RunTime:-0.003734s ]
INFO: [ app_end ] --START--
INFO: Run Behavior\ShowPageTraceBehavior [ RunTime:0.000836s ]
INFO: [ app_end ] --END-- [ RunTime:0.000861s ]

[ 2016-05-09T12:28:06+08:00 ] ::1 /xiangmu/TaoCiWang/home/goodsList/%E7%BA%A2%E7%8E%AB%E7%91%B0%E9%99%B6%E7%93%B7%E5%95%86%E5%9F%8E_files/17862029.js
ERR: 非法操作:红玫瑰陶瓷商城_files

[ 2016-05-09T12:29:13+08:00 ] ::1 /xiangmu/TaoCiWang/home/goodsList/%E7%BA%A2%E7%8E%AB%E7%91%B0%E9%99%B6%E7%93%B7%E5%95%86%E5%9F%8E_files/17862029.js
ERR: 非法操作:红玫瑰陶瓷商城_files

[ 2016-05-09T12:29:25+08:00 ] ::1 /xiangmu/TaoCiWang/home/goodsList/%E7%BA%A2%E7%8E%AB%E7%91%B0%E9%99%B6%E7%93%B7%E5%95%86%E5%9F%8E_files/17862029.js
ERR: 非法操作:红玫瑰陶瓷商城_files

[ 2016-05-09T12:30:05+08:00 ] ::1 /xiangmu/TaoCiWang/home/goodsList/%E7%BA%A2%E7%8E%AB%E7%91%B0%E9%99%B6%E7%93%B7%E5%95%86%E5%9F%8E_files/17862029.js
ERR: 非法操作:红玫瑰陶瓷商城_files

[ 2016-05-09T12:36:12+08:00 ] ::1 /xiangmu/TaoCiWang/home/goodsList/%E7%BA%A2%E7%8E%AB%E7%91%B0%E9%99%B6%E7%93%B7%E5%95%86%E5%9F%8E_files/17862029.js
ERR: 非法操作:红玫瑰陶瓷商城_files

[ 2016-05-09T12:36:25+08:00 ] ::1 /xiangmu/TaoCiWang/home/goodsList/%E7%BA%A2%E7%8E%AB%E7%91%B0%E9%99%B6%E7%93%B7%E5%95%86%E5%9F%8E_files/17862029.js
ERR: 非法操作:红玫瑰陶瓷商城_files

[ 2016-05-09T12:39:26+08:00 ] ::1 /xiangmu/TaoCiWang/index.php/Home/GoodsList/goodslist.html?name=
INFO: [ app_begin ] --START--
INFO: Run Behavior\ReadHtmlCacheBehavior [ RunTime:0.001132s ]
INFO: [ app_begin ] --END-- [ RunTime:0.001734s ]
SQL: DESCRIBE taoci_goods [ RunTime:0.005021s ]
SQL: SELECT * FROM `taoci_goods` WHERE `name` LIKE '%%'  [ RunTime:0.000528s ]
SQL: DESCRIBE taoci_type [ RunTime:0.004305s ]
SQL: SELECT * FROM `taoci_type` WHERE ( pid=0 )  [ RunTime:0.000376s ]
INFO: [ view_parse ] --START--
INFO: [ template_filter ] --START--
INFO: Run Behavior\ContentReplaceBehavior [ RunTime:0.000099s ]
INFO: [ template_filter ] --END-- [ RunTime:0.000152s ]
INFO: [ view_parse ] --START--
INFO: [ template_filter ] --START--
INFO: Run Behavior\ContentReplaceBehavior [ RunTime:0.000034s ]
INFO: [ template_filter ] --END-- [ RunTime:-0.004088s ]
INFO: Run Behavior\ParseTemplateBehavior [ RunTime:0.002618s ]
INFO: [ view_parse ] --END-- [ RunTime:0.002654s ]
INFO: [ view_filter ] --START--
INFO: Run Behavior\WriteHtmlCacheBehavior [ RunTime:0.000504s ]
INFO: [ view_filter ] --END-- [ RunTime:0.000531s ]
NOTIC: [8] Undefined variable: data C:\xampp\htdocs\xiangmu\TaoCiWang\TaoCiWang\Runtime\Cache\Home\bc56f5bb21a1cdc89a7661aa9bfff8ef.php 第 279 行.
INFO: [ view_parse ] --START--
INFO: [ template_filter ] --START--
INFO: Run Behavior\ContentReplaceBehavior [ RunTime:0.000029s ]
INFO: [ template_filter ] --END-- [ RunTime:-0.007728s ]
INFO: Run Behavior\ParseTemplateBehavior [ RunTime:0.002428s ]
INFO: [ view_parse ] --END-- [ RunTime:-0.001094s ]
INFO: [ view_filter ] --START--
INFO: Run Behavior\WriteHtmlCacheBehavior [ RunTime:0.000012s ]
INFO: [ view_filter ] --END-- [ RunTime:-0.003036s ]
INFO: Run Behavior\ParseTemplateBehavior [ RunTime:0.002568s ]
INFO: [ view_parse ] --END-- [ RunTime:-0.001094s ]
INFO: [ view_filter ] --START--
INFO: Run Behavior\WriteHtmlCacheBehavior [ RunTime:0.000010s ]
INFO: [ view_filter ] --END-- [ RunTime:-0.003159s ]
INFO: [ app_end ] --START--
INFO: Run Behavior\ShowPageTraceBehavior [ RunTime:0.001143s ]
INFO: [ app_end ] --END-- [ RunTime:0.001201s ]

[ 2016-05-09T12:39:26+08:00 ] ::1 /xiangmu/TaoCiWang/home/goodsList/%E7%BA%A2%E7%8E%AB%E7%91%B0%E9%99%B6%E7%93%B7%E5%95%86%E5%9F%8E_files/17862029.js
ERR: 非法操作:红玫瑰陶瓷商城_files

[ 2016-05-09T12:40:21+08:00 ] ::1 /xiangmu/TaoCiWang/home/goodsList/%E7%BA%A2%E7%8E%AB%E7%91%B0%E9%99%B6%E7%93%B7%E5%95%86%E5%9F%8E_files/17862029.js
ERR: 非法操作:红玫瑰陶瓷商城_files

[ 2016-05-09T12:40:33+08:00 ] ::1 /xiangmu/TaoCiWang/home/goodsList/%E7%BA%A2%E7%8E%AB%E7%91%B0%E9%99%B6%E7%93%B7%E5%95%86%E5%9F%8E_files/17862029.js
ERR: 非法操作:红玫瑰陶瓷商城_files

[ 2016-05-09T12:40:44+08:00 ] ::1 /xiangmu/TaoCiWang/index.php/Home/GoodsList/goodslist.html?name=1
INFO: [ app_begin ] --START--
INFO: Run Behavior\ReadHtmlCacheBehavior [ RunTime:0.001027s ]
INFO: [ app_begin ] --END-- [ RunTime:0.001562s ]
SQL: DESCRIBE taoci_goods [ RunTime:0.005939s ]
SQL: SELECT * FROM `taoci_goods` WHERE `name` LIKE '%1%'  [ RunTime:0.000561s ]
SQL: DESCRIBE taoci_type [ RunTime:0.004556s ]
SQL: SELECT * FROM `taoci_type` WHERE ( pid=0 )  [ RunTime:0.000196s ]
INFO: [ view_parse ] --START--
INFO: [ template_filter ] --START--
INFO: Run Behavior\ContentReplaceBehavior [ RunTime:0.000073s ]
INFO: [ template_filter ] --END-- [ RunTime:0.000108s ]
INFO: [ view_parse ] --START--
INFO: [ template_filter ] --START--
INFO: Run Behavior\ContentReplaceBehavior [ RunTime:0.000034s ]
INFO: [ template_filter ] --END-- [ RunTime:-0.003337s ]
INFO: Run Behavior\ParseTemplateBehavior [ RunTime:0.002199s ]
INFO: [ view_parse ] --END-- [ RunTime:0.002235s ]
INFO: [ view_filter ] --START--
INFO: Run Behavior\WriteHtmlCacheBehavior [ RunTime:0.000336s ]
INFO: [ view_filter ] --END-- [ RunTime:0.000359s ]
NOTIC: [8] Undefined variable: data C:\xampp\htdocs\xiangmu\TaoCiWang\TaoCiWang\Runtime\Cache\Home\bc56f5bb21a1cdc89a7661aa9bfff8ef.php 第 279 行.
INFO: [ view_parse ] --START--
INFO: [ template_filter ] --START--
INFO: Run Behavior\ContentReplaceBehavior [ RunTime:0.000028s ]
INFO: [ template_filter ] --END-- [ RunTime:-0.006156s ]
INFO: Run Behavior\ParseTemplateBehavior [ RunTime:0.001787s ]
INFO: [ view_parse ] --END-- [ RunTime:-0.000722s ]
INFO: [ view_filter ] --START--
INFO: Run Behavior\WriteHtmlCacheBehavior [ RunTime:0.000008s ]
INFO: [ view_filter ] --END-- [ RunTime:-0.002180s ]
INFO: Run Behavior\ParseTemplateBehavior [ RunTime:0.001881s ]
INFO: [ view_parse ] --END-- [ RunTime:-0.000722s ]
INFO: [ view_filter ] --START--
INFO: Run Behavior\WriteHtmlCacheBehavior [ RunTime:0.000006s ]
INFO: [ view_filter ] --END-- [ RunTime:-0.002264s ]
INFO: [ app_end ] --START--
INFO: Run Behavior\ShowPageTraceBehavior [ RunTime:0.000754s ]
INFO: [ app_end ] --END-- [ RunTime:0.000789s ]

[ 2016-05-09T12:40:46+08:00 ] ::1 /xiangmu/TaoCiWang/home/goodsList/%E7%BA%A2%E7%8E%AB%E7%91%B0%E9%99%B6%E7%93%B7%E5%95%86%E5%9F%8E_files/17862029.js
ERR: 非法操作:红玫瑰陶瓷商城_files

[ 2016-05-09T12:40:53+08:00 ] ::1 /xiangmu/TaoCiWang/home/goodsList/%E7%BA%A2%E7%8E%AB%E7%91%B0%E9%99%B6%E7%93%B7%E5%95%86%E5%9F%8E_files/17862029.js
ERR: 非法操作:红玫瑰陶瓷商城_files

[ 2016-05-09T12:40:58+08:00 ] ::1 /xiangmu/TaoCiWang/index.php/Home/Newgoods/%E7%BA%A2%E7%8E%AB%E7%91%B0%E9%99%B6%E7%93%B7%E5%95%86%E5%9F%8E_files/17862029.js
ERR: 非法操作:红玫瑰陶瓷商城_files

[ 2016-05-09T12:41:17+08:00 ] ::1 /xiangmu/TaoCiWang/home/goodsList/%E7%BA%A2%E7%8E%AB%E7%91%B0%E9%99%B6%E7%93%B7%E5%95%86%E5%9F%8E_files/17862029.js
ERR: 非法操作:红玫瑰陶瓷商城_files

[ 2016-05-09T12:41:35+08:00 ] ::1 /xiangmu/TaoCiWang/home/goodsList/%E7%BA%A2%E7%8E%AB%E7%91%B0%E9%99%B6%E7%93%B7%E5%95%86%E5%9F%8E_files/17862029.js
ERR: 非法操作:红玫瑰陶瓷商城_files

[ 2016-05-09T12:41:49+08:00 ] ::1 /xiangmu/TaoCiWang/index.php/Home/GoodsList/goodslist.html?name=1
INFO: [ app_begin ] --START--
INFO: Run Behavior\ReadHtmlCacheBehavior [ RunTime:0.001479s ]
INFO: [ app_begin ] --END-- [ RunTime:0.001967s ]
SQL: DESCRIBE taoci_goods [ RunTime:0.002152s ]
SQL: SELECT * FROM `taoci_goods` WHERE `name` LIKE '%1%'  [ RunTime:0.000256s ]
SQL: DESCRIBE taoci_type [ RunTime:0.001793s ]
SQL: SELECT * FROM `taoci_type` WHERE ( pid=0 )  [ RunTime:0.000175s ]
INFO: [ view_parse ] --START--
INFO: [ template_filter ] --START--
INFO: Run Behavior\ContentReplaceBehavior [ RunTime:0.000073s ]
INFO: [ template_filter ] --END-- [ RunTime:0.000109s ]
INFO: [ view_parse ] --START--
INFO: [ template_filter ] --START--
INFO: Run Behavior\ContentReplaceBehavior [ RunTime:0.000034s ]
INFO: [ template_filter ] --END-- [ RunTime:-0.003899s ]
INFO: Run Behavior\ParseTemplateBehavior [ RunTime:0.002701s ]
INFO: [ view_parse ] --END-- [ RunTime:0.002737s ]
INFO: [ view_filter ] --START--
INFO: Run Behavior\WriteHtmlCacheBehavior [ RunTime:0.000624s ]
INFO: [ view_filter ] --END-- [ RunTime:0.000648s ]
INFO: [ view_parse ] --START--
INFO: [ template_filter ] --START--
INFO: Run Behavior\ContentReplaceBehavior [ RunTime:0.000041s ]
INFO: [ template_filter ] --END-- [ RunTime:-0.008078s ]
INFO: Run Behavior\ParseTemplateBehavior [ RunTime:0.002649s ]
INFO: [ view_parse ] --END-- [ RunTime:-0.001318s ]
INFO: [ view_filter ] --START--
INFO: Run Behavior\WriteHtmlCacheBehavior [ RunTime:0.000009s ]
INFO: [ view_filter ] --END-- [ RunTime:-0.003354s ]
INFO: Run Behavior\ParseTemplateBehavior [ RunTime:0.002745s ]
INFO: [ view_parse ] --END-- [ RunTime:-0.001318s ]
INFO: [ view_filter ] --START--
INFO: Run Behavior\WriteHtmlCacheBehavior [ RunTime:0.000006s ]
INFO: [ view_filter ] --END-- [ RunTime:-0.003440s ]
INFO: [ app_end ] --START--
INFO: Run Behavior\ShowPageTraceBehavior [ RunTime:0.001280s ]
INFO: [ app_end ] --END-- [ RunTime:0.001331s ]

[ 2016-05-09T12:41:50+08:00 ] ::1 /xiangmu/TaoCiWang/home/goodsList/%E7%BA%A2%E7%8E%AB%E7%91%B0%E9%99%B6%E7%93%B7%E5%95%86%E5%9F%8E_files/17862029.js
ERR: 非法操作:红玫瑰陶瓷商城_files

[ 2016-05-09T12:41:55+08:00 ] ::1 /xiangmu/TaoCiWang/index.php/Home/GoodsList/goodslist.html?name=2
INFO: [ app_begin ] --START--
INFO: Run Behavior\ReadHtmlCacheBehavior [ RunTime:0.000785s ]
INFO: [ app_begin ] --END-- [ RunTime:0.001373s ]
SQL: DESCRIBE taoci_goods [ RunTime:0.007029s ]
SQL: SELECT * FROM `taoci_goods` WHERE `name` LIKE '%2%'  [ RunTime:0.000674s ]
SQL: DESCRIBE taoci_type [ RunTime:0.005482s ]
SQL: SELECT * FROM `taoci_type` WHERE ( pid=0 )  [ RunTime:0.000520s ]
INFO: [ view_parse ] --START--
INFO: [ template_filter ] --START--
INFO: Run Behavior\ContentReplaceBehavior [ RunTime:0.000125s ]
INFO: [ template_filter ] --END-- [ RunTime:0.000173s ]
INFO: [ view_parse ] --START--
INFO: [ template_filter ] --START--
INFO: Run Behavior\ContentReplaceBehavior [ RunTime:0.000055s ]
INFO: [ template_filter ] --END-- [ RunTime:-0.004669s ]
INFO: Run Behavior\ParseTemplateBehavior [ RunTime:0.004202s ]
INFO: [ view_parse ] --END-- [ RunTime:0.004260s ]
INFO: [ view_filter ] --START--
INFO: Run Behavior\WriteHtmlCacheBehavior [ RunTime:0.000381s ]
INFO: [ view_filter ] --END-- [ RunTime:0.000417s ]
INFO: [ view_parse ] --START--
INFO: [ template_filter ] --START--
INFO: Run Behavior\ContentReplaceBehavior [ RunTime:0.000045s ]
INFO: [ template_filter ] --END-- [ RunTime:-0.009762s ]
INFO: Run Behavior\ParseTemplateBehavior [ RunTime:0.002944s ]
INFO: [ view_parse ] --END-- [ RunTime:-0.001030s ]
INFO: [ view_filter ] --START--
INFO: Run Behavior\WriteHtmlCacheBehavior [ RunTime:0.000013s ]
INFO: [ view_filter ] --END-- [ RunTime:-0.003603s ]
INFO: Run Behavior\ParseTemplateBehavior [ RunTime:0.003083s ]
INFO: [ view_parse ] --END-- [ RunTime:-0.001030s ]
INFO: [ view_filter ] --START--
INFO: Run Behavior\WriteHtmlCacheBehavior [ RunTime:0.000010s ]
INFO: [ view_filter ] --END-- [ RunTime:-0.003730s ]
INFO: [ app_end ] --START--
INFO: Run Behavior\ShowPageTraceBehavior [ RunTime:0.001174s ]
INFO: [ app_end ] --END-- [ RunTime:0.001223s ]

[ 2016-05-09T12:41:57+08:00 ] ::1 /xiangmu/TaoCiWang/home/goodsList/%E7%BA%A2%E7%8E%AB%E7%91%B0%E9%99%B6%E7%93%B7%E5%95%86%E5%9F%8E_files/17862029.js
ERR: 非法操作:红玫瑰陶瓷商城_files

[ 2016-05-09T12:41:59+08:00 ] ::1 /xiangmu/TaoCiWang/home/goodsList/%E7%BA%A2%E7%8E%AB%E7%91%B0%E9%99%B6%E7%93%B7%E5%95%86%E5%9F%8E_files/17862029.js
ERR: 非法操作:红玫瑰陶瓷商城_files

[ 2016-05-09T12:43:25+08:00 ] ::1 /xiangmu/TaoCiWang/home/goodsList/%E7%BA%A2%E7%8E%AB%E7%91%B0%E9%99%B6%E7%93%B7%E5%95%86%E5%9F%8E_files/17862029.js
ERR: 非法操作:红玫瑰陶瓷商城_files

[ 2016-05-09T12:43:52+08:00 ] ::1 /xiangmu/TaoCiWang/home/goodsList/%E7%BA%A2%E7%8E%AB%E7%91%B0%E9%99%B6%E7%93%B7%E5%95%86%E5%9F%8E_files/17862029.js
ERR: 非法操作:红玫瑰陶瓷商城_files

[ 2016-05-09T12:43:59+08:00 ] ::1 /xiangmu/TaoCiWang/home/goodsList/%E7%BA%A2%E7%8E%AB%E7%91%B0%E9%99%B6%E7%93%B7%E5%95%86%E5%9F%8E_files/17862029.js
ERR: 非法操作:红玫瑰陶瓷商城_files

[ 2016-05-09T12:44:03+08:00 ] ::1 /xiangmu/TaoCiWang/home/goodsList/%E7%BA%A2%E7%8E%AB%E7%91%B0%E9%99%B6%E7%93%B7%E5%95%86%E5%9F%8E_files/17862029.js
ERR: 非法操作:红玫瑰陶瓷商城_files

[ 2016-05-09T12:44:09+08:00 ] ::1 /xiangmu/TaoCiWang/index.php/Home/GoodsList/goodslist.html?name=4
INFO: [ app_begin ] --START--
INFO: Run Behavior\ReadHtmlCacheBehavior [ RunTime:0.000727s ]
INFO: [ app_begin ] --END-- [ RunTime:0.001165s ]
SQL: DESCRIBE taoci_goods [ RunTime:0.002167s ]
SQL: SELECT * FROM `taoci_goods` WHERE `name` LIKE '%4%'  [ RunTime:0.000415s ]
SQL: DESCRIBE taoci_type [ RunTime:0.002574s ]
SQL: SELECT * FROM `taoci_type` WHERE ( pid=0 )  [ RunTime:0.000244s ]
INFO: [ view_parse ] --START--
INFO: [ template_filter ] --START--
INFO: Run Behavior\ContentReplaceBehavior [ RunTime:0.000106s ]
INFO: [ template_filter ] --END-- [ RunTime:0.000151s ]
INFO: [ view_parse ] --START--
INFO: [ template_filter ] --START--
INFO: Run Behavior\ContentReplaceBehavior [ RunTime:0.000035s ]
INFO: [ template_filter ] --END-- [ RunTime:-0.003361s ]
INFO: Run Behavior\ParseTemplateBehavior [ RunTime:0.002226s ]
INFO: [ view_parse ] --END-- [ RunTime:0.002266s ]
INFO: [ view_filter ] --START--
INFO: Run Behavior\WriteHtmlCacheBehavior [ RunTime:0.000318s ]
INFO: [ view_filter ] --END-- [ RunTime:0.000350s ]
INFO: [ view_parse ] --START--
INFO: [ template_filter ] --START--
INFO: Run Behavior\ContentReplaceBehavior [ RunTime:0.000040s ]
INFO: [ template_filter ] --END-- [ RunTime:-0.006996s ]
INFO: Run Behavior\ParseTemplateBehavior [ RunTime:0.002650s ]
INFO: [ view_parse ] --END-- [ RunTime:-0.000943s ]
INFO: [ view_filter ] --START--
INFO: Run Behavior\WriteHtmlCacheBehavior [ RunTime:0.000013s ]
INFO: [ view_filter ] --END-- [ RunTime:-0.003302s ]
INFO: Run Behavior\ParseTemplateBehavior [ RunTime:0.002806s ]
INFO: [ view_parse ] --END-- [ RunTime:-0.000943s ]
INFO: [ view_filter ] --START--
INFO: Run Behavior\WriteHtmlCacheBehavior [ RunTime:0.000011s ]
INFO: [ view_filter ] --END-- [ RunTime:-0.003442s ]
INFO: [ app_end ] --START--
INFO: Run Behavior\ShowPageTraceBehavior [ RunTime:0.001038s ]
INFO: [ app_end ] --END-- [ RunTime:0.001091s ]

[ 2016-05-09T12:44:11+08:00 ] ::1 /xiangmu/TaoCiWang/home/goodsList/%E7%BA%A2%E7%8E%AB%E7%91%B0%E9%99%B6%E7%93%B7%E5%95%86%E5%9F%8E_files/17862029.js
ERR: 非法操作:红玫瑰陶瓷商城_files

[ 2016-05-09T12:46:21+08:00 ] ::1 /xiangmu/TaoCiWang/home/goodsList/%E7%BA%A2%E7%8E%AB%E7%91%B0%E9%99%B6%E7%93%B7%E5%95%86%E5%9F%8E_files/17862029.js
ERR: 非法操作:红玫瑰陶瓷商城_files

[ 2016-05-09T12:46:43+08:00 ] ::1 /xiangmu/TaoCiWang/home/goodsList/%E7%BA%A2%E7%8E%AB%E7%91%B0%E9%99%B6%E7%93%B7%E5%95%86%E5%9F%8E_files/17862029.js
ERR: 非法操作:红玫瑰陶瓷商城_files

[ 2016-05-09T12:47:08+08:00 ] ::1 /xiangmu/TaoCiWang/home/goodsList/%E7%BA%A2%E7%8E%AB%E7%91%B0%E9%99%B6%E7%93%B7%E5%95%86%E5%9F%8E_files/17862029.js
ERR: 非法操作:红玫瑰陶瓷商城_files

[ 2016-05-09T12:47:15+08:00 ] ::1 /xiangmu/TaoCiWang/index.php/Home/GoodsList/goodslist.html?name=4
INFO: [ app_begin ] --START--
INFO: Run Behavior\ReadHtmlCacheBehavior [ RunTime:0.000646s ]
INFO: [ app_begin ] --END-- [ RunTime:0.001170s ]
SQL: DESCRIBE taoci_goods [ RunTime:0.006865s ]
SQL: SELECT * FROM `taoci_goods` WHERE `name` LIKE '%4%'  [ RunTime:0.000946s ]
SQL: DESCRIBE taoci_type [ RunTime:0.008567s ]
SQL: SELECT * FROM `taoci_type` WHERE ( pid=0 )  [ RunTime:0.001074s ]
INFO: [ view_parse ] --START--
INFO: [ template_filter ] --START--
INFO: Run Behavior\ContentReplaceBehavior [ RunTime:0.000134s ]
INFO: [ template_filter ] --END-- [ RunTime:0.000202s ]
INFO: [ view_parse ] --START--
INFO: [ template_filter ] --START--
INFO: Run Behavior\ContentReplaceBehavior [ RunTime:0.000077s ]
INFO: [ template_filter ] --END-- [ RunTime:-0.005896s ]
INFO: Run Behavior\ParseTemplateBehavior [ RunTime:0.004576s ]
INFO: [ view_parse ] --END-- [ RunTime:0.004655s ]
INFO: [ view_filter ] --START--
INFO: Run Behavior\WriteHtmlCacheBehavior [ RunTime:0.000421s ]
INFO: [ view_filter ] --END-- [ RunTime:0.000469s ]
INFO: [ view_parse ] --START--
INFO: [ template_filter ] --START--
INFO: Run Behavior\ContentReplaceBehavior [ RunTime:0.000060s ]
INFO: [ template_filter ] --END-- [ RunTime:-0.011738s ]
INFO: Run Behavior\ParseTemplateBehavior [ RunTime:0.003892s ]
INFO: [ view_parse ] --END-- [ RunTime:-0.001237s ]
INFO: [ view_filter ] --START--
INFO: Run Behavior\WriteHtmlCacheBehavior [ RunTime:0.000017s ]
INFO: [ view_filter ] --END-- [ RunTime:-0.004724s ]
INFO: Run Behavior\ParseTemplateBehavior [ RunTime:0.004137s ]
INFO: [ view_parse ] --END-- [ RunTime:-0.001237s ]
INFO: [ view_filter ] --START--
INFO: Run Behavior\WriteHtmlCacheBehavior [ RunTime:0.000014s ]
INFO: [ view_filter ] --END-- [ RunTime:-0.004944s ]
INFO: [ app_end ] --START--
INFO: Run Behavior\ShowPageTraceBehavior [ RunTime:0.001434s ]
INFO: [ app_end ] --END-- [ RunTime:0.001495s ]

[ 2016-05-09T12:47:16+08:00 ] ::1 /xiangmu/TaoCiWang/home/goodsList/%E7%BA%A2%E7%8E%AB%E7%91%B0%E9%99%B6%E7%93%B7%E5%95%86%E5%9F%8E_files/17862029.js
ERR: 非法操作:红玫瑰陶瓷商城_files

[ 2016-05-09T12:47:19+08:00 ] ::1 /xiangmu/TaoCiWang/index.php/Home/GoodsList/goodslist.html?name=6
INFO: [ app_begin ] --START--
INFO: Run Behavior\ReadHtmlCacheBehavior [ RunTime:0.001187s ]
INFO: [ app_begin ] --END-- [ RunTime:0.001847s ]
SQL: DESCRIBE taoci_goods [ RunTime:0.003231s ]
SQL: SELECT * FROM `taoci_goods` WHERE `name` LIKE '%6%'  [ RunTime:0.000337s ]
SQL: DESCRIBE taoci_type [ RunTime:0.003029s ]
SQL: SELECT * FROM `taoci_type` WHERE ( pid=0 )  [ RunTime:0.000304s ]
INFO: [ view_parse ] --START--
INFO: [ template_filter ] --START--
INFO: Run Behavior\ContentReplaceBehavior [ RunTime:0.000116s ]
INFO: [ template_filter ] --END-- [ RunTime:0.000167s ]
INFO: [ view_parse ] --START--
INFO: [ template_filter ] --START--
INFO: Run Behavior\ContentReplaceBehavior [ RunTime:0.000056s ]
INFO: [ template_filter ] --END-- [ RunTime:-0.005002s ]
INFO: Run Behavior\ParseTemplateBehavior [ RunTime:0.003921s ]
INFO: [ view_parse ] --END-- [ RunTime:0.003980s ]
INFO: [ view_filter ] --START--
INFO: Run Behavior\WriteHtmlCacheBehavior [ RunTime:0.000362s ]
INFO: [ view_filter ] --END-- [ RunTime:0.000399s ]
INFO: [ view_parse ] --START--
INFO: [ template_filter ] --START--
INFO: Run Behavior\ContentReplaceBehavior [ RunTime:0.000039s ]
INFO: [ template_filter ] --END-- [ RunTime:-0.009576s ]
INFO: Run Behavior\ParseTemplateBehavior [ RunTime:0.002744s ]
INFO: [ view_parse ] --END-- [ RunTime:-0.000960s ]
INFO: [ view_filter ] --START--
INFO: Run Behavior\WriteHtmlCacheBehavior [ RunTime:0.000008s ]
INFO: [ view_filter ] --END-- [ RunTime:-0.003333s ]
INFO: Run Behavior\ParseTemplateBehavior [ RunTime:0.002836s ]
INFO: [ view_parse ] --END-- [ RunTime:-0.000960s ]
INFO: [ view_filter ] --START--
INFO: Run Behavior\WriteHtmlCacheBehavior [ RunTime:0.000006s ]
INFO: [ view_filter ] --END-- [ RunTime:-0.003415s ]
INFO: [ app_end ] --START--
INFO: Run Behavior\ShowPageTraceBehavior [ RunTime:0.000964s ]
INFO: [ app_end ] --END-- [ RunTime:0.001007s ]

[ 2016-05-09T12:47:20+08:00 ] ::1 /xiangmu/TaoCiWang/home/goodsList/%E7%BA%A2%E7%8E%AB%E7%91%B0%E9%99%B6%E7%93%B7%E5%95%86%E5%9F%8E_files/17862029.js
ERR: 非法操作:红玫瑰陶瓷商城_files

[ 2016-05-09T12:47:27+08:00 ] ::1 /xiangmu/TaoCiWang/index.php/Home/GoodsList/goodslist.html?name=1
INFO: [ app_begin ] --START--
INFO: Run Behavior\ReadHtmlCacheBehavior [ RunTime:0.000422s ]
INFO: [ app_begin ] --END-- [ RunTime:0.000673s ]
SQL: DESCRIBE taoci_goods [ RunTime:0.002264s ]
SQL: SELECT * FROM `taoci_goods` WHERE `name` LIKE '%1%'  [ RunTime:0.000252s ]
SQL: DESCRIBE taoci_type [ RunTime:0.001903s ]
SQL: SELECT * FROM `taoci_type` WHERE ( pid=0 )  [ RunTime:0.000208s ]
INFO: [ view_parse ] --START--
INFO: [ template_filter ] --START--
INFO: Run Behavior\ContentReplaceBehavior [ RunTime:0.000069s ]
INFO: [ template_filter ] --END-- [ RunTime:0.000102s ]
INFO: [ view_parse ] --START--
INFO: [ template_filter ] --START--
INFO: Run Behavior\ContentReplaceBehavior [ RunTime:0.000034s ]
INFO: [ template_filter ] --END-- [ RunTime:-0.002823s ]
INFO: Run Behavior\ParseTemplateBehavior [ RunTime:0.002117s ]
INFO: [ view_parse ] --END-- [ RunTime:0.002149s ]
INFO: [ view_filter ] --START--
INFO: Run Behavior\WriteHtmlCacheBehavior [ RunTime:0.000213s ]
INFO: [ view_filter ] --END-- [ RunTime:0.000234s ]
INFO: [ view_parse ] --START--
INFO: [ template_filter ] --START--
INFO: Run Behavior\ContentReplaceBehavior [ RunTime:0.000028s ]
INFO: [ template_filter ] --END-- [ RunTime:-0.005410s ]
INFO: Run Behavior\ParseTemplateBehavior [ RunTime:0.001774s ]
INFO: [ view_parse ] --END-- [ RunTime:-0.000610s ]
INFO: [ view_filter ] --START--
INFO: Run Behavior\WriteHtmlCacheBehavior [ RunTime:0.000007s ]
INFO: [ view_filter ] --END-- [ RunTime:-0.002175s ]
INFO: Run Behavior\ParseTemplateBehavior [ RunTime:0.001855s ]
INFO: [ view_parse ] --END-- [ RunTime:-0.000610s ]
INFO: [ view_filter ] --START--
INFO: Run Behavior\WriteHtmlCacheBehavior [ RunTime:0.000005s ]
INFO: [ view_filter ] --END-- [ RunTime:-0.002249s ]
INFO: [ app_end ] --START--
INFO: Run Behavior\ShowPageTraceBehavior [ RunTime:0.000694s ]
INFO: [ app_end ] --END-- [ RunTime:0.000747s ]

[ 2016-05-09T12:47:29+08:00 ] ::1 /xiangmu/TaoCiWang/home/goodsList/%E7%BA%A2%E7%8E%AB%E7%91%B0%E9%99%B6%E7%93%B7%E5%95%86%E5%9F%8E_files/17862029.js
ERR: 非法操作:红玫瑰陶瓷商城_files

[ 2016-05-09T12:48:50+08:00 ] ::1 /xiangmu/TaoCiWang/home/goodsList/%E7%BA%A2%E7%8E%AB%E7%91%B0%E9%99%B6%E7%93%B7%E5%95%86%E5%9F%8E_files/17862029.js
ERR: 非法操作:红玫瑰陶瓷商城_files

[ 2016-05-09T12:50:37+08:00 ] ::1 /xiangmu/TaoCiWang/home/goodsList/%E7%BA%A2%E7%8E%AB%E7%91%B0%E9%99%B6%E7%93%B7%E5%95%86%E5%9F%8E_files/17862029.js
ERR: 非法操作:红玫瑰陶瓷商城_files

[ 2016-05-09T12:51:12+08:00 ] ::1 /xiangmu/TaoCiWang/home/goodsList/%E7%BA%A2%E7%8E%AB%E7%91%B0%E9%99%B6%E7%93%B7%E5%95%86%E5%9F%8E_files/17862029.js
ERR: 非法操作:红玫瑰陶瓷商城_files

[ 2016-05-09T12:57:53+08:00 ] ::1 /xiangmu/TaoCiWang/home/goodsList/%E7%BA%A2%E7%8E%AB%E7%91%B0%E9%99%B6%E7%93%B7%E5%95%86%E5%9F%8E_files/17862029.js
ERR: 非法操作:红玫瑰陶瓷商城_files

[ 2016-05-09T12:58:01+08:00 ] ::1 /xiangmu/TaoCiWang/home/goodsList/%E7%BA%A2%E7%8E%AB%E7%91%B0%E9%99%B6%E7%93%B7%E5%95%86%E5%9F%8E_files/17862029.js
ERR: 非法操作:红玫瑰陶瓷商城_files

[ 2016-05-09T12:58:05+08:00 ] ::1 /xiangmu/TaoCiWang/home/goodsList/%E7%BA%A2%E7%8E%AB%E7%91%B0%E9%99%B6%E7%93%B7%E5%95%86%E5%9F%8E_files/17862029.js
ERR: 非法操作:红玫瑰陶瓷商城_files

[ 2016-05-09T12:59:36+08:00 ] ::1 /xiangmu/TaoCiWang/index.php/Home/GoodsList/goodslist.html?name=
INFO: [ app_begin ] --START--
INFO: Run Behavior\ReadHtmlCacheBehavior [ RunTime:0.000596s ]
INFO: [ app_begin ] --END-- [ RunTime:0.000958s ]
SQL: DESCRIBE taoci_goods [ RunTime:0.002486s ]
SQL: SELECT * FROM `taoci_goods` WHERE `name` LIKE '%%' AND `pid` = 0  [ RunTime:0.000310s ]
SQL: DESCRIBE taoci_type [ RunTime:0.002269s ]
SQL: SELECT * FROM `taoci_type` WHERE ( pid=0 )  [ RunTime:0.000539s ]
INFO: [ view_parse ] --START--
INFO: [ template_filter ] --START--
INFO: Run Behavior\ContentReplaceBehavior [ RunTime:0.000081s ]
INFO: [ template_filter ] --END-- [ RunTime:0.000123s ]
INFO: [ view_parse ] --START--
INFO: [ template_filter ] --START--
INFO: Run Behavior\ContentReplaceBehavior [ RunTime:0.000038s ]
INFO: [ template_filter ] --END-- [ RunTime:-0.004309s ]
INFO: Run Behavior\ParseTemplateBehavior [ RunTime:0.002263s ]
INFO: [ view_parse ] --END-- [ RunTime:0.002307s ]
INFO: [ view_filter ] --START--
INFO: Run Behavior\WriteHtmlCacheBehavior [ RunTime:0.000360s ]
INFO: [ view_filter ] --END-- [ RunTime:0.000386s ]
INFO: [ view_parse ] --START--
INFO: [ template_filter ] --START--
INFO: Run Behavior\ContentReplaceBehavior [ RunTime:0.000033s ]
INFO: [ template_filter ] --END-- [ RunTime:-0.007308s ]
INFO: Run Behavior\ParseTemplateBehavior [ RunTime:0.001832s ]
INFO: [ view_parse ] --END-- [ RunTime:-0.000865s ]
INFO: [ view_filter ] --START--
INFO: Run Behavior\WriteHtmlCacheBehavior [ RunTime:0.000009s ]
INFO: [ view_filter ] --END-- [ RunTime:-0.002340s ]
INFO: Run Behavior\ParseTemplateBehavior [ RunTime:0.001933s ]
INFO: [ view_parse ] --END-- [ RunTime:-0.000865s ]
INFO: [ view_filter ] --START--
INFO: Run Behavior\WriteHtmlCacheBehavior [ RunTime:0.000007s ]
INFO: [ view_filter ] --END-- [ RunTime:-0.002462s ]
INFO: [ app_end ] --START--
INFO: Run Behavior\ShowPageTraceBehavior [ RunTime:0.000777s ]
INFO: [ app_end ] --END-- [ RunTime:0.000806s ]

[ 2016-05-09T12:59:36+08:00 ] ::1 /xiangmu/TaoCiWang/home/goodsList/%E7%BA%A2%E7%8E%AB%E7%91%B0%E9%99%B6%E7%93%B7%E5%95%86%E5%9F%8E_files/17862029.js
ERR: 非法操作:红玫瑰陶瓷商城_files

[ 2016-05-09T12:59:54+08:00 ] ::1 /xiangmu/TaoCiWang/home/goodsList/%E7%BA%A2%E7%8E%AB%E7%91%B0%E9%99%B6%E7%93%B7%E5%95%86%E5%9F%8E_files/17862029.js
ERR: 非法操作:红玫瑰陶瓷商城_files

[ 2016-05-09T13:00:08+08:00 ] ::1 /xiangmu/TaoCiWang/home/goodsList/%E7%BA%A2%E7%8E%AB%E7%91%B0%E9%99%B6%E7%93%B7%E5%95%86%E5%9F%8E_files/17862029.js
ERR: 非法操作:红玫瑰陶瓷商城_files

[ 2016-05-09T13:00:14+08:00 ] ::1 /xiangmu/TaoCiWang/home/goodsList/%E7%BA%A2%E7%8E%AB%E7%91%B0%E9%99%B6%E7%93%B7%E5%95%86%E5%9F%8E_files/17862029.js
ERR: 非法操作:红玫瑰陶瓷商城_files

[ 2016-05-09T13:00:29+08:00 ] ::1 /xiangmu/TaoCiWang/home/goodsList/%E7%BA%A2%E7%8E%AB%E7%91%B0%E9%99%B6%E7%93%B7%E5%95%86%E5%9F%8E_files/17862029.js
ERR: 非法操作:红玫瑰陶瓷商城_files

[ 2016-05-09T13:01:14+08:00 ] ::1 /xiangmu/TaoCiWang/home/goodsList/%E7%BA%A2%E7%8E%AB%E7%91%B0%E9%99%B6%E7%93%B7%E5%95%86%E5%9F%8E_files/17862029.js
ERR: 非法操作:红玫瑰陶瓷商城_files

[ 2016-05-09T13:01:20+08:00 ] ::1 /xiangmu/TaoCiWang/home/goodsList/%E7%BA%A2%E7%8E%AB%E7%91%B0%E9%99%B6%E7%93%B7%E5%95%86%E5%9F%8E_files/17862029.js
ERR: 非法操作:红玫瑰陶瓷商城_files

[ 2016-05-09T13:01:49+08:00 ] ::1 /xiangmu/TaoCiWang/home/goodsList/%E7%BA%A2%E7%8E%AB%E7%91%B0%E9%99%B6%E7%93%B7%E5%95%86%E5%9F%8E_files/17862029.js
ERR: 非法操作:红玫瑰陶瓷商城_files

[ 2016-05-09T13:01:53+08:00 ] ::1 /xiangmu/TaoCiWang/home/goodsList/%E7%BA%A2%E7%8E%AB%E7%91%B0%E9%99%B6%E7%93%B7%E5%95%86%E5%9F%8E_files/17862029.js
ERR: 非法操作:红玫瑰陶瓷商城_files

[ 2016-05-09T13:02:13+08:00 ] ::1 /xiangmu/TaoCiWang/home/goodsList/%E7%BA%A2%E7%8E%AB%E7%91%B0%E9%99%B6%E7%93%B7%E5%95%86%E5%9F%8E_files/17862029.js
ERR: 非法操作:红玫瑰陶瓷商城_files

[ 2016-05-09T13:02:18+08:00 ] ::1 /xiangmu/TaoCiWang/index.php/Home/GoodsList/%E7%BA%A2%E7%8E%AB%E7%91%B0%E9%99%B6%E7%93%B7%E5%95%86%E5%9F%8E_files/17862029.js
ERR: 非法操作:红玫瑰陶瓷商城_files

[ 2016-05-09T13:10:12+08:00 ] ::1 /xiangmu/TaoCiWang/index.php/Home/GoodsList/%E7%BA%A2%E7%8E%AB%E7%91%B0%E9%99%B6%E7%93%B7%E5%95%86%E5%9F%8E_files/17862029.js
ERR: 非法操作:红玫瑰陶瓷商城_files

[ 2016-05-09T13:10:41+08:00 ] ::1 /xiangmu/TaoCiWang/index.php/Home/GoodsList/%E7%BA%A2%E7%8E%AB%E7%91%B0%E9%99%B6%E7%93%B7%E5%95%86%E5%9F%8E_files/17862029.js
ERR: 非法操作:红玫瑰陶瓷商城_files

[ 2016-05-09T13:13:25+08:00 ] ::1 /xiangmu/TaoCiWang/index.php/Home/GoodsList/%E7%BA%A2%E7%8E%AB%E7%91%B0%E9%99%B6%E7%93%B7%E5%95%86%E5%9F%8E_files/17862029.js
ERR: 非法操作:红玫瑰陶瓷商城_files

[ 2016-05-09T13:13:54+08:00 ] ::1 /xiangmu/TaoCiWang/index.php/Home/GoodsList/%E7%BA%A2%E7%8E%AB%E7%91%B0%E9%99%B6%E7%93%B7%E5%95%86%E5%9F%8E_files/17862029.js
ERR: 非法操作:红玫瑰陶瓷商城_files

[ 2016-05-09T13:18:44+08:00 ] ::1 /xiangmu/TaoCiWang/index.php/Home/GoodsList/%E7%BA%A2%E7%8E%AB%E7%91%B0%E9%99%B6%E7%93%B7%E5%95%86%E5%9F%8E_files/17862029.js
ERR: 非法操作:红玫瑰陶瓷商城_files

[ 2016-05-09T13:20:16+08:00 ] ::1 /xiangmu/TaoCiWang/index.php/Home/GoodsList/%E7%BA%A2%E7%8E%AB%E7%91%B0%E9%99%B6%E7%93%B7%E5%95%86%E5%9F%8E_files/17862029.js
ERR: 非法操作:红玫瑰陶瓷商城_files

[ 2016-05-09T13:20:55+08:00 ] ::1 /xiangmu/TaoCiWang/index.php/Home/GoodsList/%E7%BA%A2%E7%8E%AB%E7%91%B0%E9%99%B6%E7%93%B7%E5%95%86%E5%9F%8E_files/17862029.js
ERR: 非法操作:红玫瑰陶瓷商城_files

[ 2016-05-09T13:22:40+08:00 ] ::1 /xiangmu/TaoCiWang/index.php/Home/GoodsList/%E7%BA%A2%E7%8E%AB%E7%91%B0%E9%99%B6%E7%93%B7%E5%95%86%E5%9F%8E_files/17862029.js
ERR: 非法操作:红玫瑰陶瓷商城_files

[ 2016-05-09T13:23:44+08:00 ] ::1 /xiangmu/TaoCiWang/index.php/Home/GoodsList/%E7%BA%A2%E7%8E%AB%E7%91%B0%E9%99%B6%E7%93%B7%E5%95%86%E5%9F%8E_files/17862029.js
ERR: 非法操作:红玫瑰陶瓷商城_files

[ 2016-05-09T13:24:15+08:00 ] ::1 /xiangmu/TaoCiWang/index.php/Home/GoodsList/%E7%BA%A2%E7%8E%AB%E7%91%B0%E9%99%B6%E7%93%B7%E5%95%86%E5%9F%8E_files/17862029.js
ERR: 非法操作:红玫瑰陶瓷商城_files

[ 2016-05-09T13:25:20+08:00 ] ::1 /xiangmu/TaoCiWang/index.php/Home/GoodsList/%E7%BA%A2%E7%8E%AB%E7%91%B0%E9%99%B6%E7%93%B7%E5%95%86%E5%9F%8E_files/17862029.js
ERR: 非法操作:红玫瑰陶瓷商城_files

