[ 2016-05-08T10:25:12+08:00 ] ::1 /xiangmu/TaoCiWang/index.php/Home/Index/%E7%BA%A2%E7%8E%AB%E7%91%B0%E9%99%B6%E7%93%B7%E5%95%86%E5%9F%8E_files/17862029.js
ERR: 非法操作:红玫瑰陶瓷商城_files

[ 2016-05-08T10:27:02+08:00 ] ::1 /xiangmu/TaoCiWang/index.php/Home/Index/%E7%BA%A2%E7%8E%AB%E7%91%B0%E9%99%B6%E7%93%B7%E5%95%86%E5%9F%8E_files/17862029.js
ERR: 非法操作:红玫瑰陶瓷商城_files

[ 2016-05-08T23:54:40+08:00 ] ::1 /xiangmu/TaoCiWang/index.php/Home/Newgoods/%E7%BA%A2%E7%8E%AB%E7%91%B0%E9%99%B6%E7%93%B7%E5%95%86%E5%9F%8E_files/17862029.js
ERR: 非法操作:红玫瑰陶瓷商城_files

[ 2016-05-08T23:54:53+08:00 ] ::1 /xiangmu/TaoCiWang/index.php/Home/Index/%E7%BA%A2%E7%8E%AB%E7%91%B0%E9%99%B6%E7%93%B7%E5%95%86%E5%9F%8E_files/17862029.js
ERR: 非法操作:红玫瑰陶瓷商城_files

[ 2016-05-08T23:55:00+08:00 ] ::1 /xiangmu/TaoCiWang/index.php/Home/Special/%E7%BA%A2%E7%8E%AB%E7%91%B0%E9%99%B6%E7%93%B7%E5%95%86%E5%9F%8E_files/17862029.js
ERR: 非法操作:红玫瑰陶瓷商城_files

[ 2016-05-08T23:55:02+08:00 ] ::1 /xiangmu/TaoCiWang/index.php/Home/Hot/%E7%BA%A2%E7%8E%AB%E7%91%B0%E9%99%B6%E7%93%B7%E5%95%86%E5%9F%8E_files/17862029.js
ERR: 非法操作:红玫瑰陶瓷商城_files

[ 2016-05-08T23:55:04+08:00 ] ::1 /xiangmu/TaoCiWang/index.php/Home/Promotion/%E7%BA%A2%E7%8E%AB%E7%91%B0%E9%99%B6%E7%93%B7%E5%95%86%E5%9F%8E_files/17862029.js
ERR: 非法操作:红玫瑰陶瓷商城_files

[ 2016-05-08T23:55:05+08:00 ] ::1 /xiangmu/TaoCiWang/index.php/Home/Newgoods/%E7%BA%A2%E7%8E%AB%E7%91%B0%E9%99%B6%E7%93%B7%E5%95%86%E5%9F%8E_files/17862029.js
ERR: 非法操作:红玫瑰陶瓷商城_files

[ 2016-05-08T23:56:09+08:00 ] ::1 /xiangmu/TaoCiWang/index.php/Home/Newgoods/%E7%BA%A2%E7%8E%AB%E7%91%B0%E9%99%B6%E7%93%B7%E5%95%86%E5%9F%8E_files/17862029.js
ERR: 非法操作:红玫瑰陶瓷商城_files

[ 2016-05-08T23:57:53+08:00 ] ::1 /xiangmu/TaoCiWang/index.php/Home/Newgoods/%E7%BA%A2%E7%8E%AB%E7%91%B0%E9%99%B6%E7%93%B7%E5%95%86%E5%9F%8E_files/17862029.js
ERR: 非法操作:红玫瑰陶瓷商城_files

[ 2016-05-08T23:58:03+08:00 ] ::1 /xiangmu/TaoCiWang/index.php/Home/Index/%E7%BA%A2%E7%8E%AB%E7%91%B0%E9%99%B6%E7%93%B7%E5%95%86%E5%9F%8E_files/17862029.js
ERR: 非法操作:红玫瑰陶瓷商城_files

[ 2016-05-08T23:58:08+08:00 ] ::1 /xiangmu/TaoCiWang/index.php/Home/Index/%E7%BA%A2%E7%8E%AB%E7%91%B0%E9%99%B6%E7%93%B7%E5%95%86%E5%9F%8E_files/17862029.js
ERR: 非法操作:红玫瑰陶瓷商城_files

[ 2016-05-08T23:58:09+08:00 ] ::1 /xiangmu/TaoCiWang/index.php/Home/Newgoods/%E7%BA%A2%E7%8E%AB%E7%91%B0%E9%99%B6%E7%93%B7%E5%95%86%E5%9F%8E_files/17862029.js
ERR: 非法操作:红玫瑰陶瓷商城_files

[ 2016-05-08T23:58:50+08:00 ] ::1 /xiangmu/TaoCiWang/index.php/Home/Goodslist/goodslist
ERR: 无法加载控制器:Goodslist

[ 2016-05-08T23:59:26+08:00 ] ::1 /xiangmu/TaoCiWang/index.php/Home/GoodsList/%E7%BA%A2%E7%8E%AB%E7%91%B0%E9%99%B6%E7%93%B7%E5%95%86%E5%9F%8E_files/17862029.js
ERR: 非法操作:红玫瑰陶瓷商城_files

